{"C:\\Flashcard-app\\apps\\server\\server.js": {"path":"C:\\Flashcard-app\\apps\\server\\server.js","statementMap":{"0":{"start":{"line":13,"column":0},"end":{"line":13,"column":16}},"1":{"start":{"line":16,"column":0},"end":{"line":19,"column":1}},"2":{"start":{"line":17,"column":2},"end":{"line":17,"column":85}},"3":{"start":{"line":18,"column":2},"end":{"line":18,"column":93}},"4":{"start":{"line":22,"column":19},"end":{"line":22,"column":49}},"5":{"start":{"line":23,"column":18},"end":{"line":23,"column":42}},"6":{"start":{"line":26,"column":12},"end":{"line":26,"column":21}},"7":{"start":{"line":27,"column":13},"end":{"line":27,"column":37}},"8":{"start":{"line":30,"column":0},"end":{"line":35,"column":4}},"9":{"start":{"line":37,"column":0},"end":{"line":37,"column":24}},"10":{"start":{"line":40,"column":21},"end":{"line":56,"column":1}},"11":{"start":{"line":42,"column":17},"end":{"line":42,"column":48}},"12":{"start":{"line":43,"column":2},"end":{"line":43,"column":53}},"13":{"start":{"line":45,"column":18},"end":{"line":45,"column":38}},"14":{"start":{"line":46,"column":13},"end":{"line":46,"column":60}},"15":{"start":{"line":48,"column":2},"end":{"line":55,"column":3}},"16":{"start":{"line":49,"column":4},"end":{"line":49,"column":20}},"17":{"start":{"line":50,"column":4},"end":{"line":50,"column":122}},"18":{"start":{"line":51,"column":4},"end":{"line":51,"column":14}},"19":{"start":{"line":53,"column":4},"end":{"line":53,"column":62}},"20":{"start":{"line":54,"column":4},"end":{"line":54,"column":16}},"21":{"start":{"line":59,"column":17},"end":{"line":59,"column":21}},"22":{"start":{"line":62,"column":22},"end":{"line":65,"column":1}},"23":{"start":{"line":63,"column":2},"end":{"line":63,"column":80}},"24":{"start":{"line":64,"column":2},"end":{"line":64,"column":9}},"25":{"start":{"line":68,"column":20},"end":{"line":122,"column":1}},"26":{"start":{"line":70,"column":2},"end":{"line":72,"column":3}},"27":{"start":{"line":71,"column":4},"end":{"line":71,"column":27}},"28":{"start":{"line":75,"column":2},"end":{"line":77,"column":5}},"29":{"start":{"line":76,"column":4},"end":{"line":76,"column":28}},"30":{"start":{"line":80,"column":2},"end":{"line":85,"column":5}},"31":{"start":{"line":81,"column":4},"end":{"line":84,"column":7}},"32":{"start":{"line":88,"column":2},"end":{"line":93,"column":5}},"33":{"start":{"line":89,"column":4},"end":{"line":92,"column":7}},"34":{"start":{"line":96,"column":2},"end":{"line":99,"column":17}},"35":{"start":{"line":97,"column":4},"end":{"line":97,"column":16}},"36":{"start":{"line":98,"column":4},"end":{"line":98,"column":11}},"37":{"start":{"line":102,"column":2},"end":{"line":105,"column":22}},"38":{"start":{"line":103,"column":4},"end":{"line":103,"column":16}},"39":{"start":{"line":104,"column":4},"end":{"line":104,"column":11}},"40":{"start":{"line":108,"column":2},"end":{"line":110,"column":5}},"41":{"start":{"line":109,"column":4},"end":{"line":109,"column":77}},"42":{"start":{"line":113,"column":2},"end":{"line":121,"column":5}},"43":{"start":{"line":114,"column":4},"end":{"line":114,"column":62}},"44":{"start":{"line":116,"column":4},"end":{"line":118,"column":5}},"45":{"start":{"line":117,"column":6},"end":{"line":117,"column":70}},"46":{"start":{"line":120,"column":4},"end":{"line":120,"column":83}},"47":{"start":{"line":125,"column":25},"end":{"line":138,"column":1}},"48":{"start":{"line":126,"column":2},"end":{"line":137,"column":3}},"49":{"start":{"line":128,"column":4},"end":{"line":130,"column":5}},"50":{"start":{"line":129,"column":6},"end":{"line":129,"column":40}},"51":{"start":{"line":132,"column":4},"end":{"line":132,"column":33}},"52":{"start":{"line":133,"column":4},"end":{"line":133,"column":15}},"53":{"start":{"line":135,"column":4},"end":{"line":135,"column":68}},"54":{"start":{"line":136,"column":4},"end":{"line":136,"column":16}},"55":{"start":{"line":141,"column":22},"end":{"line":142,"column":95}},"56":{"start":{"line":144,"column":0},"end":{"line":154,"column":1}},"57":{"start":{"line":145,"column":2},"end":{"line":153,"column":5}},"58":{"start":{"line":146,"column":4},"end":{"line":149,"column":7}},"59":{"start":{"line":147,"column":6},"end":{"line":147,"column":67}},"60":{"start":{"line":148,"column":6},"end":{"line":148,"column":95}},"61":{"start":{"line":151,"column":4},"end":{"line":151,"column":60}},"62":{"start":{"line":152,"column":4},"end":{"line":152,"column":20}}},"fnMap":{"0":{"name":"(anonymous_0)","decl":{"start":{"line":40,"column":21},"end":{"line":40,"column":22}},"loc":{"start":{"line":40,"column":33},"end":{"line":56,"column":1}},"line":40},"1":{"name":"(anonymous_1)","decl":{"start":{"line":62,"column":22},"end":{"line":62,"column":23}},"loc":{"start":{"line":62,"column":42},"end":{"line":65,"column":1}},"line":62},"2":{"name":"(anonymous_2)","decl":{"start":{"line":68,"column":20},"end":{"line":68,"column":21}},"loc":{"start":{"line":68,"column":33},"end":{"line":122,"column":1}},"line":68},"3":{"name":"(anonymous_3)","decl":{"start":{"line":75,"column":15},"end":{"line":75,"column":16}},"loc":{"start":{"line":75,"column":29},"end":{"line":77,"column":3}},"line":75},"4":{"name":"(anonymous_4)","decl":{"start":{"line":80,"column":27},"end":{"line":80,"column":28}},"loc":{"start":{"line":80,"column":41},"end":{"line":85,"column":3}},"line":80},"5":{"name":"(anonymous_5)","decl":{"start":{"line":88,"column":28},"end":{"line":88,"column":29}},"loc":{"start":{"line":88,"column":42},"end":{"line":93,"column":3}},"line":88},"6":{"name":"(anonymous_6)","decl":{"start":{"line":96,"column":23},"end":{"line":96,"column":24}},"loc":{"start":{"line":96,"column":43},"end":{"line":99,"column":3}},"line":96},"7":{"name":"(anonymous_7)","decl":{"start":{"line":102,"column":25},"end":{"line":102,"column":26}},"loc":{"start":{"line":102,"column":45},"end":{"line":105,"column":3}},"line":102},"8":{"name":"(anonymous_8)","decl":{"start":{"line":108,"column":10},"end":{"line":108,"column":11}},"loc":{"start":{"line":108,"column":24},"end":{"line":110,"column":3}},"line":108},"9":{"name":"(anonymous_9)","decl":{"start":{"line":113,"column":10},"end":{"line":113,"column":11}},"loc":{"start":{"line":113,"column":35},"end":{"line":121,"column":3}},"line":113},"10":{"name":"(anonymous_10)","decl":{"start":{"line":125,"column":25},"end":{"line":125,"column":26}},"loc":{"start":{"line":125,"column":37},"end":{"line":138,"column":1}},"line":125},"11":{"name":"(anonymous_11)","decl":{"start":{"line":145,"column":26},"end":{"line":145,"column":27}},"loc":{"start":{"line":145,"column":32},"end":{"line":150,"column":3}},"line":145},"12":{"name":"(anonymous_12)","decl":{"start":{"line":146,"column":21},"end":{"line":146,"column":22}},"loc":{"start":{"line":146,"column":27},"end":{"line":149,"column":5}},"line":146},"13":{"name":"(anonymous_13)","decl":{"start":{"line":150,"column":11},"end":{"line":150,"column":12}},"loc":{"start":{"line":150,"column":18},"end":{"line":153,"column":3}},"line":150}},"branchMap":{"0":{"loc":{"start":{"line":16,"column":0},"end":{"line":19,"column":1}},"type":"if","locations":[{"start":{"line":16,"column":0},"end":{"line":19,"column":1}},{"start":{},"end":{}}],"line":16},"1":{"loc":{"start":{"line":27,"column":13},"end":{"line":27,"column":37}},"type":"binary-expr","locations":[{"start":{"line":27,"column":13},"end":{"line":27,"column":29}},{"start":{"line":27,"column":33},"end":{"line":27,"column":37}}],"line":27},"2":{"loc":{"start":{"line":70,"column":2},"end":{"line":72,"column":3}},"type":"if","locations":[{"start":{"line":70,"column":2},"end":{"line":72,"column":3}},{"start":{},"end":{}}],"line":70},"3":{"loc":{"start":{"line":91,"column":23},"end":{"line":91,"column":81}},"type":"cond-expr","locations":[{"start":{"line":91,"column":48},"end":{"line":91,"column":77}},{"start":{"line":91,"column":80},"end":{"line":91,"column":81}}],"line":91},"4":{"loc":{"start":{"line":116,"column":4},"end":{"line":118,"column":5}},"type":"if","locations":[{"start":{"line":116,"column":4},"end":{"line":118,"column":5}},{"start":{},"end":{}}],"line":116},"5":{"loc":{"start":{"line":116,"column":8},"end":{"line":116,"column":73}},"type":"binary-expr","locations":[{"start":{"line":116,"column":8},"end":{"line":116,"column":34}},{"start":{"line":116,"column":38},"end":{"line":116,"column":56}},{"start":{"line":116,"column":60},"end":{"line":116,"column":73}}],"line":116},"6":{"loc":{"start":{"line":128,"column":4},"end":{"line":130,"column":5}},"type":"if","locations":[{"start":{"line":128,"column":4},"end":{"line":130,"column":5}},{"start":{},"end":{}}],"line":128},"7":{"loc":{"start":{"line":141,"column":22},"end":{"line":142,"column":95}},"type":"binary-expr","locations":[{"start":{"line":141,"column":22},"end":{"line":141,"column":57}},{"start":{"line":142,"column":3},"end":{"line":142,"column":53}},{"start":{"line":142,"column":57},"end":{"line":142,"column":94}}],"line":141},"8":{"loc":{"start":{"line":144,"column":0},"end":{"line":154,"column":1}},"type":"if","locations":[{"start":{"line":144,"column":0},"end":{"line":154,"column":1}},{"start":{},"end":{}}],"line":144},"9":{"loc":{"start":{"line":148,"column":35},"end":{"line":148,"column":91}},"type":"cond-expr","locations":[{"start":{"line":148,"column":60},"end":{"line":148,"column":72}},{"start":{"line":148,"column":75},"end":{"line":148,"column":91}}],"line":148}},"s":{"0":1,"1":1,"2":1,"3":1,"4":1,"5":1,"6":1,"7":1,"8":1,"9":1,"10":1,"11":1,"12":1,"13":1,"14":1,"15":1,"16":1,"17":1,"18":1,"19":0,"20":0,"21":1,"22":1,"23":5,"24":5,"25":1,"26":1,"27":1,"28":1,"29":1,"30":1,"31":2,"32":1,"33":0,"34":1,"35":0,"36":0,"37":1,"38":1,"39":1,"40":1,"41":1,"42":1,"43":1,"44":1,"45":1,"46":0,"47":1,"48":1,"49":1,"50":1,"51":1,"52":1,"53":0,"54":0,"55":1,"56":1,"57":0,"58":0,"59":0,"60":0,"61":0,"62":0},"f":{"0":1,"1":5,"2":1,"3":1,"4":2,"5":0,"6":0,"7":1,"8":1,"9":1,"10":1,"11":0,"12":0,"13":0},"b":{"0":[1,0],"1":[1,1],"2":[1,0],"3":[0,0],"4":[1,0],"5":[1,1,1],"6":[1,0],"7":[1,1,1],"8":[0,1],"9":[0,0]},"inputSourceMap":null,"_coverageSchema":"1a1c01bbd47fc00a2c39e90264f33305004495a9","hash":"8ceba3bdb56bf51d9e11c4dfe4dc346e34753ad7"}
,"C:\\Flashcard-app\\apps\\server\\controllers\\flashcardController.js": {"path":"C:\\Flashcard-app\\apps\\server\\controllers\\flashcardController.js","statementMap":{"0":{"start":{"line":3,"column":28},"end":{"line":30,"column":1}},"1":{"start":{"line":4,"column":13},"end":{"line":4,"column":19}},"2":{"start":{"line":5,"column":2},"end":{"line":5,"column":18}},"3":{"start":{"line":7,"column":65},"end":{"line":7,"column":73}},"4":{"start":{"line":9,"column":2},"end":{"line":11,"column":3}},"5":{"start":{"line":10,"column":4},"end":{"line":10,"column":76}},"6":{"start":{"line":13,"column":23},"end":{"line":22,"column":3}},"7":{"start":{"line":24,"column":2},"end":{"line":24,"column":37}},"8":{"start":{"line":26,"column":2},"end":{"line":26,"column":40}},"9":{"start":{"line":27,"column":2},"end":{"line":27,"column":19}},"10":{"start":{"line":28,"column":2},"end":{"line":28,"column":37}},"11":{"start":{"line":29,"column":2},"end":{"line":29,"column":39}},"12":{"start":{"line":32,"column":34},"end":{"line":57,"column":1}},"13":{"start":{"line":33,"column":13},"end":{"line":33,"column":19}},"14":{"start":{"line":34,"column":2},"end":{"line":34,"column":18}},"15":{"start":{"line":36,"column":17},"end":{"line":36,"column":27}},"16":{"start":{"line":37,"column":18},"end":{"line":37,"column":26}},"17":{"start":{"line":39,"column":2},"end":{"line":41,"column":3}},"18":{"start":{"line":40,"column":4},"end":{"line":40,"column":102}},"19":{"start":{"line":43,"column":16},"end":{"line":43,"column":62}},"20":{"start":{"line":43,"column":50},"end":{"line":43,"column":61}},"21":{"start":{"line":44,"column":2},"end":{"line":46,"column":3}},"22":{"start":{"line":45,"column":4},"end":{"line":45,"column":79}},"23":{"start":{"line":49,"column":2},"end":{"line":51,"column":3}},"24":{"start":{"line":50,"column":4},"end":{"line":50,"column":85}},"25":{"start":{"line":53,"column":2},"end":{"line":53,"column":38}},"26":{"start":{"line":54,"column":2},"end":{"line":54,"column":19}},"27":{"start":{"line":56,"column":2},"end":{"line":56,"column":115}},"28":{"start":{"line":59,"column":29},"end":{"line":87,"column":1}},"29":{"start":{"line":60,"column":13},"end":{"line":60,"column":19}},"30":{"start":{"line":61,"column":2},"end":{"line":61,"column":18}},"31":{"start":{"line":63,"column":17},"end":{"line":63,"column":27}},"32":{"start":{"line":64,"column":65},"end":{"line":64,"column":73}},"33":{"start":{"line":66,"column":16},"end":{"line":66,"column":62}},"34":{"start":{"line":66,"column":50},"end":{"line":66,"column":61}},"35":{"start":{"line":67,"column":2},"end":{"line":69,"column":3}},"36":{"start":{"line":68,"column":4},"end":{"line":68,"column":79}},"37":{"start":{"line":72,"column":2},"end":{"line":74,"column":3}},"38":{"start":{"line":73,"column":4},"end":{"line":73,"column":85}},"39":{"start":{"line":76,"column":2},"end":{"line":83,"column":4}},"40":{"start":{"line":85,"column":2},"end":{"line":85,"column":19}},"41":{"start":{"line":86,"column":2},"end":{"line":86,"column":50}},"42":{"start":{"line":91,"column":31},"end":{"line":110,"column":1}},"43":{"start":{"line":92,"column":13},"end":{"line":92,"column":19}},"44":{"start":{"line":93,"column":2},"end":{"line":93,"column":18}},"45":{"start":{"line":95,"column":17},"end":{"line":95,"column":27}},"46":{"start":{"line":97,"column":16},"end":{"line":97,"column":62}},"47":{"start":{"line":97,"column":50},"end":{"line":97,"column":61}},"48":{"start":{"line":98,"column":2},"end":{"line":100,"column":3}},"49":{"start":{"line":99,"column":4},"end":{"line":99,"column":77}},"50":{"start":{"line":103,"column":2},"end":{"line":105,"column":3}},"51":{"start":{"line":104,"column":4},"end":{"line":104,"column":88}},"52":{"start":{"line":107,"column":18},"end":{"line":107,"column":56}},"53":{"start":{"line":108,"column":2},"end":{"line":108,"column":19}},"54":{"start":{"line":109,"column":2},"end":{"line":109,"column":56}},"55":{"start":{"line":112,"column":32},"end":{"line":129,"column":1}},"56":{"start":{"line":113,"column":13},"end":{"line":113,"column":19}},"57":{"start":{"line":114,"column":2},"end":{"line":114,"column":18}},"58":{"start":{"line":116,"column":17},"end":{"line":116,"column":27}},"59":{"start":{"line":117,"column":20},"end":{"line":117,"column":61}},"60":{"start":{"line":117,"column":49},"end":{"line":117,"column":60}},"61":{"start":{"line":119,"column":2},"end":{"line":121,"column":3}},"62":{"start":{"line":120,"column":4},"end":{"line":120,"column":79}},"63":{"start":{"line":124,"column":2},"end":{"line":126,"column":3}},"64":{"start":{"line":125,"column":4},"end":{"line":125,"column":91}},"65":{"start":{"line":128,"column":2},"end":{"line":128,"column":34}},"66":{"start":{"line":132,"column":29},"end":{"line":143,"column":1}},"67":{"start":{"line":133,"column":13},"end":{"line":133,"column":19}},"68":{"start":{"line":134,"column":2},"end":{"line":134,"column":18}},"69":{"start":{"line":137,"column":17},"end":{"line":137,"column":33}},"70":{"start":{"line":140,"column":21},"end":{"line":140,"column":78}},"71":{"start":{"line":140,"column":52},"end":{"line":140,"column":71}},"72":{"start":{"line":142,"column":2},"end":{"line":142,"column":39}},"73":{"start":{"line":145,"column":30},"end":{"line":167,"column":1}},"74":{"start":{"line":146,"column":13},"end":{"line":146,"column":19}},"75":{"start":{"line":147,"column":2},"end":{"line":147,"column":18}},"76":{"start":{"line":149,"column":23},"end":{"line":149,"column":33}},"77":{"start":{"line":150,"column":17},"end":{"line":150,"column":32}},"78":{"start":{"line":152,"column":24},"end":{"line":152,"column":49}},"79":{"start":{"line":155,"column":2},"end":{"line":157,"column":4}},"80":{"start":{"line":156,"column":4},"end":{"line":156,"column":64}},"81":{"start":{"line":159,"column":23},"end":{"line":159,"column":64}},"82":{"start":{"line":161,"column":2},"end":{"line":163,"column":3}},"83":{"start":{"line":162,"column":4},"end":{"line":162,"column":86}},"84":{"start":{"line":165,"column":2},"end":{"line":165,"column":19}},"85":{"start":{"line":166,"column":2},"end":{"line":166,"column":98}},"86":{"start":{"line":169,"column":29},"end":{"line":180,"column":1}},"87":{"start":{"line":170,"column":13},"end":{"line":170,"column":19}},"88":{"start":{"line":171,"column":2},"end":{"line":171,"column":18}},"89":{"start":{"line":173,"column":17},"end":{"line":173,"column":32}},"90":{"start":{"line":176,"column":25},"end":{"line":176,"column":76}},"91":{"start":{"line":176,"column":56},"end":{"line":176,"column":75}},"92":{"start":{"line":177,"column":21},"end":{"line":177,"column":70}},"93":{"start":{"line":177,"column":57},"end":{"line":177,"column":67}},"94":{"start":{"line":179,"column":2},"end":{"line":179,"column":35}},"95":{"start":{"line":183,"column":33},"end":{"line":203,"column":1}},"96":{"start":{"line":184,"column":13},"end":{"line":184,"column":19}},"97":{"start":{"line":185,"column":2},"end":{"line":185,"column":18}},"98":{"start":{"line":187,"column":19},"end":{"line":187,"column":27}},"99":{"start":{"line":189,"column":2},"end":{"line":191,"column":3}},"100":{"start":{"line":190,"column":4},"end":{"line":190,"column":75}},"101":{"start":{"line":193,"column":18},"end":{"line":197,"column":5}},"102":{"start":{"line":193,"column":40},"end":{"line":197,"column":3}},"103":{"start":{"line":199,"column":2},"end":{"line":199,"column":38}},"104":{"start":{"line":200,"column":2},"end":{"line":200,"column":19}},"105":{"start":{"line":202,"column":2},"end":{"line":202,"column":93}},"106":{"start":{"line":205,"column":33},"end":{"line":250,"column":1}},"107":{"start":{"line":206,"column":13},"end":{"line":206,"column":19}},"108":{"start":{"line":207,"column":2},"end":{"line":207,"column":18}},"109":{"start":{"line":209,"column":17},"end":{"line":209,"column":32}},"110":{"start":{"line":210,"column":25},"end":{"line":210,"column":76}},"111":{"start":{"line":210,"column":56},"end":{"line":210,"column":75}},"112":{"start":{"line":211,"column":15},"end":{"line":211,"column":55}},"113":{"start":{"line":211,"column":39},"end":{"line":211,"column":54}},"114":{"start":{"line":213,"column":16},"end":{"line":213,"column":18}},"115":{"start":{"line":215,"column":2},"end":{"line":229,"column":5}},"116":{"start":{"line":216,"column":21},"end":{"line":216,"column":34}},"117":{"start":{"line":217,"column":4},"end":{"line":224,"column":5}},"118":{"start":{"line":218,"column":6},"end":{"line":223,"column":8}},"119":{"start":{"line":225,"column":4},"end":{"line":225,"column":31}},"120":{"start":{"line":226,"column":4},"end":{"line":226,"column":41}},"121":{"start":{"line":227,"column":4},"end":{"line":227,"column":53}},"122":{"start":{"line":228,"column":4},"end":{"line":228,"column":53}},"123":{"start":{"line":231,"column":25},"end":{"line":237,"column":5}},"124":{"start":{"line":231,"column":74},"end":{"line":237,"column":3}},"125":{"start":{"line":239,"column":23},"end":{"line":239,"column":76}},"126":{"start":{"line":240,"column":28},"end":{"line":242,"column":10}},"127":{"start":{"line":244,"column":2},"end":{"line":249,"column":5}}},"fnMap":{"0":{"name":"(anonymous_0)","decl":{"start":{"line":3,"column":28},"end":{"line":3,"column":29}},"loc":{"start":{"line":3,"column":48},"end":{"line":30,"column":1}},"line":3},"1":{"name":"(anonymous_1)","decl":{"start":{"line":32,"column":34},"end":{"line":32,"column":35}},"loc":{"start":{"line":32,"column":54},"end":{"line":57,"column":1}},"line":32},"2":{"name":"(anonymous_2)","decl":{"start":{"line":43,"column":45},"end":{"line":43,"column":46}},"loc":{"start":{"line":43,"column":50},"end":{"line":43,"column":61}},"line":43},"3":{"name":"(anonymous_3)","decl":{"start":{"line":59,"column":29},"end":{"line":59,"column":30}},"loc":{"start":{"line":59,"column":49},"end":{"line":87,"column":1}},"line":59},"4":{"name":"(anonymous_4)","decl":{"start":{"line":66,"column":45},"end":{"line":66,"column":46}},"loc":{"start":{"line":66,"column":50},"end":{"line":66,"column":61}},"line":66},"5":{"name":"(anonymous_5)","decl":{"start":{"line":91,"column":31},"end":{"line":91,"column":32}},"loc":{"start":{"line":91,"column":51},"end":{"line":110,"column":1}},"line":91},"6":{"name":"(anonymous_6)","decl":{"start":{"line":97,"column":45},"end":{"line":97,"column":46}},"loc":{"start":{"line":97,"column":50},"end":{"line":97,"column":61}},"line":97},"7":{"name":"(anonymous_7)","decl":{"start":{"line":112,"column":32},"end":{"line":112,"column":33}},"loc":{"start":{"line":112,"column":52},"end":{"line":129,"column":1}},"line":112},"8":{"name":"(anonymous_8)","decl":{"start":{"line":117,"column":44},"end":{"line":117,"column":45}},"loc":{"start":{"line":117,"column":49},"end":{"line":117,"column":60}},"line":117},"9":{"name":"(anonymous_9)","decl":{"start":{"line":132,"column":29},"end":{"line":132,"column":30}},"loc":{"start":{"line":132,"column":49},"end":{"line":143,"column":1}},"line":132},"10":{"name":"(anonymous_10)","decl":{"start":{"line":140,"column":47},"end":{"line":140,"column":48}},"loc":{"start":{"line":140,"column":52},"end":{"line":140,"column":71}},"line":140},"11":{"name":"(anonymous_11)","decl":{"start":{"line":145,"column":30},"end":{"line":145,"column":31}},"loc":{"start":{"line":145,"column":49},"end":{"line":167,"column":1}},"line":145},"12":{"name":"(anonymous_12)","decl":{"start":{"line":155,"column":49},"end":{"line":155,"column":50}},"loc":{"start":{"line":156,"column":4},"end":{"line":156,"column":64}},"line":156},"13":{"name":"(anonymous_13)","decl":{"start":{"line":169,"column":29},"end":{"line":169,"column":30}},"loc":{"start":{"line":169,"column":49},"end":{"line":180,"column":1}},"line":169},"14":{"name":"(anonymous_14)","decl":{"start":{"line":176,"column":51},"end":{"line":176,"column":52}},"loc":{"start":{"line":176,"column":56},"end":{"line":176,"column":75}},"line":176},"15":{"name":"(anonymous_15)","decl":{"start":{"line":177,"column":52},"end":{"line":177,"column":53}},"loc":{"start":{"line":177,"column":57},"end":{"line":177,"column":67}},"line":177},"16":{"name":"(anonymous_16)","decl":{"start":{"line":183,"column":33},"end":{"line":183,"column":34}},"loc":{"start":{"line":183,"column":53},"end":{"line":203,"column":1}},"line":183},"17":{"name":"(anonymous_17)","decl":{"start":{"line":193,"column":31},"end":{"line":193,"column":32}},"loc":{"start":{"line":193,"column":40},"end":{"line":197,"column":3}},"line":193},"18":{"name":"(anonymous_18)","decl":{"start":{"line":205,"column":33},"end":{"line":205,"column":34}},"loc":{"start":{"line":205,"column":52},"end":{"line":250,"column":1}},"line":205},"19":{"name":"(anonymous_19)","decl":{"start":{"line":210,"column":51},"end":{"line":210,"column":52}},"loc":{"start":{"line":210,"column":56},"end":{"line":210,"column":75}},"line":210},"20":{"name":"(anonymous_20)","decl":{"start":{"line":211,"column":34},"end":{"line":211,"column":35}},"loc":{"start":{"line":211,"column":39},"end":{"line":211,"column":54}},"line":211},"21":{"name":"(anonymous_21)","decl":{"start":{"line":215,"column":25},"end":{"line":215,"column":26}},"loc":{"start":{"line":215,"column":33},"end":{"line":229,"column":3}},"line":215},"22":{"name":"(anonymous_22)","decl":{"start":{"line":231,"column":51},"end":{"line":231,"column":52}},"loc":{"start":{"line":231,"column":74},"end":{"line":237,"column":3}},"line":231}},"branchMap":{"0":{"loc":{"start":{"line":9,"column":2},"end":{"line":11,"column":3}},"type":"if","locations":[{"start":{"line":9,"column":2},"end":{"line":11,"column":3}},{"start":{},"end":{}}],"line":9},"1":{"loc":{"start":{"line":9,"column":6},"end":{"line":9,"column":39}},"type":"binary-expr","locations":[{"start":{"line":9,"column":6},"end":{"line":9,"column":15}},{"start":{"line":9,"column":19},"end":{"line":9,"column":26}},{"start":{"line":9,"column":30},"end":{"line":9,"column":39}}],"line":9},"2":{"loc":{"start":{"line":39,"column":2},"end":{"line":41,"column":3}},"type":"if","locations":[{"start":{"line":39,"column":2},"end":{"line":41,"column":3}},{"start":{},"end":{}}],"line":39},"3":{"loc":{"start":{"line":39,"column":6},"end":{"line":39,"column":51}},"type":"binary-expr","locations":[{"start":{"line":39,"column":6},"end":{"line":39,"column":29}},{"start":{"line":39,"column":33},"end":{"line":39,"column":40}},{"start":{"line":39,"column":44},"end":{"line":39,"column":51}}],"line":39},"4":{"loc":{"start":{"line":44,"column":2},"end":{"line":46,"column":3}},"type":"if","locations":[{"start":{"line":44,"column":2},"end":{"line":46,"column":3}},{"start":{},"end":{}}],"line":44},"5":{"loc":{"start":{"line":49,"column":2},"end":{"line":51,"column":3}},"type":"if","locations":[{"start":{"line":49,"column":2},"end":{"line":51,"column":3}},{"start":{},"end":{}}],"line":49},"6":{"loc":{"start":{"line":49,"column":6},"end":{"line":49,"column":94}},"type":"binary-expr","locations":[{"start":{"line":49,"column":6},"end":{"line":49,"column":38}},{"start":{"line":49,"column":42},"end":{"line":49,"column":94}}],"line":49},"7":{"loc":{"start":{"line":67,"column":2},"end":{"line":69,"column":3}},"type":"if","locations":[{"start":{"line":67,"column":2},"end":{"line":69,"column":3}},{"start":{},"end":{}}],"line":67},"8":{"loc":{"start":{"line":72,"column":2},"end":{"line":74,"column":3}},"type":"if","locations":[{"start":{"line":72,"column":2},"end":{"line":74,"column":3}},{"start":{},"end":{}}],"line":72},"9":{"loc":{"start":{"line":72,"column":6},"end":{"line":72,"column":94}},"type":"binary-expr","locations":[{"start":{"line":72,"column":6},"end":{"line":72,"column":38}},{"start":{"line":72,"column":42},"end":{"line":72,"column":94}}],"line":72},"10":{"loc":{"start":{"line":98,"column":2},"end":{"line":100,"column":3}},"type":"if","locations":[{"start":{"line":98,"column":2},"end":{"line":100,"column":3}},{"start":{},"end":{}}],"line":98},"11":{"loc":{"start":{"line":103,"column":2},"end":{"line":105,"column":3}},"type":"if","locations":[{"start":{"line":103,"column":2},"end":{"line":105,"column":3}},{"start":{},"end":{}}],"line":103},"12":{"loc":{"start":{"line":103,"column":6},"end":{"line":103,"column":90}},"type":"binary-expr","locations":[{"start":{"line":103,"column":6},"end":{"line":103,"column":38}},{"start":{"line":103,"column":42},"end":{"line":103,"column":90}}],"line":103},"13":{"loc":{"start":{"line":119,"column":2},"end":{"line":121,"column":3}},"type":"if","locations":[{"start":{"line":119,"column":2},"end":{"line":121,"column":3}},{"start":{},"end":{}}],"line":119},"14":{"loc":{"start":{"line":124,"column":2},"end":{"line":126,"column":3}},"type":"if","locations":[{"start":{"line":124,"column":2},"end":{"line":126,"column":3}},{"start":{},"end":{}}],"line":124},"15":{"loc":{"start":{"line":124,"column":6},"end":{"line":124,"column":62}},"type":"binary-expr","locations":[{"start":{"line":124,"column":6},"end":{"line":124,"column":22}},{"start":{"line":124,"column":26},"end":{"line":124,"column":62}}],"line":124},"16":{"loc":{"start":{"line":140,"column":21},"end":{"line":140,"column":78}},"type":"binary-expr","locations":[{"start":{"line":140,"column":21},"end":{"line":140,"column":72}},{"start":{"line":140,"column":76},"end":{"line":140,"column":78}}],"line":140},"17":{"loc":{"start":{"line":156,"column":4},"end":{"line":156,"column":64}},"type":"binary-expr","locations":[{"start":{"line":156,"column":4},"end":{"line":156,"column":27}},{"start":{"line":156,"column":32},"end":{"line":156,"column":40}},{"start":{"line":156,"column":44},"end":{"line":156,"column":63}}],"line":156},"18":{"loc":{"start":{"line":161,"column":2},"end":{"line":163,"column":3}},"type":"if","locations":[{"start":{"line":161,"column":2},"end":{"line":163,"column":3}},{"start":{},"end":{}}],"line":161},"19":{"loc":{"start":{"line":189,"column":2},"end":{"line":191,"column":3}},"type":"if","locations":[{"start":{"line":189,"column":2},"end":{"line":191,"column":3}},{"start":{},"end":{}}],"line":189},"20":{"loc":{"start":{"line":217,"column":4},"end":{"line":224,"column":5}},"type":"if","locations":[{"start":{"line":217,"column":4},"end":{"line":224,"column":5}},{"start":{},"end":{}}],"line":217},"21":{"loc":{"start":{"line":239,"column":24},"end":{"line":239,"column":48}},"type":"binary-expr","locations":[{"start":{"line":239,"column":24},"end":{"line":239,"column":43}},{"start":{"line":239,"column":47},"end":{"line":239,"column":48}}],"line":239},"22":{"loc":{"start":{"line":239,"column":53},"end":{"line":239,"column":75}},"type":"binary-expr","locations":[{"start":{"line":239,"column":53},"end":{"line":239,"column":70}},{"start":{"line":239,"column":74},"end":{"line":239,"column":75}}],"line":239},"23":{"loc":{"start":{"line":240,"column":28},"end":{"line":242,"column":10}},"type":"cond-expr","locations":[{"start":{"line":241,"column":6},"end":{"line":241,"column":73}},{"start":{"line":242,"column":6},"end":{"line":242,"column":10}}],"line":240},"24":{"loc":{"start":{"line":246,"column":20},"end":{"line":246,"column":44}},"type":"binary-expr","locations":[{"start":{"line":246,"column":20},"end":{"line":246,"column":39}},{"start":{"line":246,"column":43},"end":{"line":246,"column":44}}],"line":246},"25":{"loc":{"start":{"line":247,"column":18},"end":{"line":247,"column":40}},"type":"binary-expr","locations":[{"start":{"line":247,"column":18},"end":{"line":247,"column":35}},{"start":{"line":247,"column":39},"end":{"line":247,"column":40}}],"line":247}},"s":{"0":2,"1":5,"2":5,"3":5,"4":4,"5":1,"6":3,"7":3,"8":3,"9":3,"10":2,"11":2,"12":2,"13":4,"14":4,"15":4,"16":4,"17":4,"18":1,"19":3,"20":8,"21":3,"22":1,"23":2,"24":1,"25":1,"26":1,"27":1,"28":2,"29":3,"30":3,"31":3,"32":3,"33":3,"34":8,"35":3,"36":1,"37":2,"38":1,"39":1,"40":1,"41":1,"42":2,"43":3,"44":3,"45":3,"46":3,"47":9,"48":3,"49":1,"50":2,"51":2,"52":0,"53":0,"54":0,"55":2,"56":3,"57":3,"58":3,"59":3,"60":8,"61":3,"62":1,"63":2,"64":1,"65":1,"66":2,"67":8,"68":8,"69":7,"70":7,"71":19,"72":7,"73":2,"74":3,"75":3,"76":3,"77":3,"78":3,"79":3,"80":10,"81":3,"82":3,"83":1,"84":2,"85":2,"86":2,"87":3,"88":3,"89":3,"90":3,"91":8,"92":3,"93":6,"94":3,"95":2,"96":2,"97":2,"98":2,"99":2,"100":1,"101":1,"102":2,"103":1,"104":1,"105":1,"106":2,"107":5,"108":5,"109":5,"110":5,"111":15,"112":5,"113":4,"114":5,"115":5,"116":13,"117":13,"118":9,"119":13,"120":13,"121":13,"122":13,"123":5,"124":9,"125":5,"126":4,"127":4},"f":{"0":5,"1":4,"2":8,"3":3,"4":8,"5":3,"6":9,"7":3,"8":8,"9":8,"10":19,"11":3,"12":10,"13":3,"14":8,"15":6,"16":2,"17":2,"18":5,"19":15,"20":4,"21":13,"22":9},"b":{"0":[1,3],"1":[4,4,3],"2":[1,3],"3":[4,4,4],"4":[1,2],"5":[1,1],"6":[2,2],"7":[1,2],"8":[1,1],"9":[2,2],"10":[1,2],"11":[2,0],"12":[2,2],"13":[1,2],"14":[1,1],"15":[2,2],"16":[7,0],"17":[10,5,5],"18":[1,2],"19":[1,1],"20":[9,4],"21":[5,0],"22":[4,0],"23":[4,0],"24":[4,0],"25":[4,0]},"inputSourceMap":null,"_coverageSchema":"1a1c01bbd47fc00a2c39e90264f33305004495a9","hash":"0ba91b66a7b32d9e3416825cec030b500ec833ec"}
,"C:\\Flashcard-app\\apps\\server\\middleware\\auth.js": {"path":"C:\\Flashcard-app\\apps\\server\\middleware\\auth.js","statementMap":{"0":{"start":{"line":3,"column":33},"end":{"line":29,"column":1}},"1":{"start":{"line":4,"column":2},"end":{"line":28,"column":3}},"2":{"start":{"line":5,"column":23},"end":{"line":5,"column":48}},"3":{"start":{"line":7,"column":4},"end":{"line":9,"column":5}},"4":{"start":{"line":8,"column":6},"end":{"line":8,"column":83}},"5":{"start":{"line":11,"column":18},"end":{"line":11,"column":42}},"6":{"start":{"line":13,"column":4},"end":{"line":15,"column":5}},"7":{"start":{"line":14,"column":6},"end":{"line":14,"column":68}},"8":{"start":{"line":18,"column":20},"end":{"line":18,"column":61}},"9":{"start":{"line":19,"column":4},"end":{"line":19,"column":23}},"10":{"start":{"line":21,"column":4},"end":{"line":21,"column":43}},"11":{"start":{"line":23,"column":4},"end":{"line":23,"column":11}},"12":{"start":{"line":25,"column":4},"end":{"line":25,"column":50}},"13":{"start":{"line":26,"column":4},"end":{"line":26,"column":73}}},"fnMap":{"0":{"name":"(anonymous_0)","decl":{"start":{"line":3,"column":33},"end":{"line":3,"column":34}},"loc":{"start":{"line":3,"column":53},"end":{"line":29,"column":1}},"line":3}},"branchMap":{"0":{"loc":{"start":{"line":7,"column":4},"end":{"line":9,"column":5}},"type":"if","locations":[{"start":{"line":7,"column":4},"end":{"line":9,"column":5}},{"start":{},"end":{}}],"line":7},"1":{"loc":{"start":{"line":13,"column":4},"end":{"line":15,"column":5}},"type":"if","locations":[{"start":{"line":13,"column":4},"end":{"line":15,"column":5}},{"start":{},"end":{}}],"line":13}},"s":{"0":3,"1":19,"2":19,"3":19,"4":6,"5":13,"6":13,"7":0,"8":13,"9":0,"10":0,"11":0,"12":13,"13":13},"f":{"0":19},"b":{"0":[6,13],"1":[0,13]},"inputSourceMap":null,"_coverageSchema":"1a1c01bbd47fc00a2c39e90264f33305004495a9","hash":"7e03319d62b2b5df188e1162c348ea3255baf312"}
,"C:\\Flashcard-app\\apps\\server\\routes\\auth.js": {"path":"C:\\Flashcard-app\\apps\\server\\routes\\auth.js","statementMap":{"0":{"start":{"line":7,"column":0},"end":{"line":7,"column":16}},"1":{"start":{"line":10,"column":15},"end":{"line":10,"column":31}},"2":{"start":{"line":13,"column":0},"end":{"line":15,"column":3}},"3":{"start":{"line":14,"column":2},"end":{"line":14,"column":69}},"4":{"start":{"line":17,"column":0},"end":{"line":19,"column":3}},"5":{"start":{"line":18,"column":2},"end":{"line":18,"column":50}},"6":{"start":{"line":22,"column":0},"end":{"line":59,"column":3}},"7":{"start":{"line":23,"column":13},"end":{"line":23,"column":19}},"8":{"start":{"line":24,"column":2},"end":{"line":24,"column":18}},"9":{"start":{"line":26,"column":43},"end":{"line":26,"column":51}},"10":{"start":{"line":28,"column":23},"end":{"line":28,"column":67}},"11":{"start":{"line":28,"column":49},"end":{"line":28,"column":66}},"12":{"start":{"line":29,"column":2},"end":{"line":31,"column":3}},"13":{"start":{"line":30,"column":4},"end":{"line":30,"column":68}},"14":{"start":{"line":33,"column":25},"end":{"line":33,"column":56}},"15":{"start":{"line":35,"column":18},"end":{"line":43,"column":3}},"16":{"start":{"line":45,"column":2},"end":{"line":45,"column":30}},"17":{"start":{"line":46,"column":2},"end":{"line":46,"column":19}},"18":{"start":{"line":48,"column":16},"end":{"line":52,"column":3}},"19":{"start":{"line":54,"column":2},"end":{"line":58,"column":5}},"20":{"start":{"line":62,"column":0},"end":{"line":85,"column":3}},"21":{"start":{"line":63,"column":13},"end":{"line":63,"column":19}},"22":{"start":{"line":64,"column":2},"end":{"line":64,"column":18}},"23":{"start":{"line":66,"column":30},"end":{"line":66,"column":38}},"24":{"start":{"line":68,"column":15},"end":{"line":68,"column":59}},"25":{"start":{"line":68,"column":41},"end":{"line":68,"column":58}},"26":{"start":{"line":69,"column":2},"end":{"line":71,"column":3}},"27":{"start":{"line":70,"column":4},"end":{"line":70,"column":60}},"28":{"start":{"line":73,"column":26},"end":{"line":73,"column":71}},"29":{"start":{"line":74,"column":2},"end":{"line":76,"column":3}},"30":{"start":{"line":75,"column":4},"end":{"line":75,"column":60}},"31":{"start":{"line":78,"column":16},"end":{"line":82,"column":3}},"32":{"start":{"line":84,"column":2},"end":{"line":84,"column":57}},"33":{"start":{"line":88,"column":0},"end":{"line":119,"column":3}},"34":{"start":{"line":89,"column":13},"end":{"line":89,"column":19}},"35":{"start":{"line":90,"column":2},"end":{"line":90,"column":18}},"36":{"start":{"line":92,"column":17},"end":{"line":92,"column":27}},"37":{"start":{"line":93,"column":45},"end":{"line":93,"column":53}},"38":{"start":{"line":95,"column":16},"end":{"line":95,"column":71}},"39":{"start":{"line":95,"column":48},"end":{"line":95,"column":70}},"40":{"start":{"line":97,"column":2},"end":{"line":99,"column":3}},"41":{"start":{"line":98,"column":4},"end":{"line":98,"column":76}},"42":{"start":{"line":102,"column":20},"end":{"line":102,"column":69}},"43":{"start":{"line":104,"column":2},"end":{"line":107,"column":3}},"44":{"start":{"line":105,"column":27},"end":{"line":105,"column":58}},"45":{"start":{"line":106,"column":4},"end":{"line":106,"column":42}},"46":{"start":{"line":109,"column":2},"end":{"line":109,"column":37}},"47":{"start":{"line":110,"column":2},"end":{"line":110,"column":19}},"48":{"start":{"line":113,"column":50},"end":{"line":113,"column":70}},"49":{"start":{"line":115,"column":2},"end":{"line":118,"column":5}},"50":{"start":{"line":121,"column":0},"end":{"line":138,"column":2}},"51":{"start":{"line":122,"column":13},"end":{"line":122,"column":19}},"52":{"start":{"line":123,"column":2},"end":{"line":123,"column":18}},"53":{"start":{"line":125,"column":15},"end":{"line":125,"column":25}},"54":{"start":{"line":127,"column":16},"end":{"line":127,"column":71}},"55":{"start":{"line":127,"column":48},"end":{"line":127,"column":70}},"56":{"start":{"line":129,"column":2},"end":{"line":131,"column":3}},"57":{"start":{"line":130,"column":4},"end":{"line":130,"column":72}},"58":{"start":{"line":133,"column":18},"end":{"line":133,"column":51}},"59":{"start":{"line":134,"column":2},"end":{"line":134,"column":19}},"60":{"start":{"line":136,"column":2},"end":{"line":136,"column":71}},"61":{"start":{"line":139,"column":0},"end":{"line":156,"column":3}},"62":{"start":{"line":140,"column":13},"end":{"line":140,"column":19}},"63":{"start":{"line":141,"column":2},"end":{"line":141,"column":18}},"64":{"start":{"line":143,"column":17},"end":{"line":143,"column":27}},"65":{"start":{"line":144,"column":15},"end":{"line":144,"column":59}},"66":{"start":{"line":144,"column":39},"end":{"line":144,"column":58}},"67":{"start":{"line":146,"column":2},"end":{"line":148,"column":3}},"68":{"start":{"line":147,"column":4},"end":{"line":147,"column":75}},"69":{"start":{"line":150,"column":2},"end":{"line":155,"column":5}},"70":{"start":{"line":158,"column":0},"end":{"line":190,"column":3}},"71":{"start":{"line":159,"column":2},"end":{"line":189,"column":3}},"72":{"start":{"line":160,"column":15},"end":{"line":160,"column":21}},"73":{"start":{"line":161,"column":4},"end":{"line":161,"column":20}},"74":{"start":{"line":163,"column":19},"end":{"line":163,"column":34}},"75":{"start":{"line":164,"column":26},"end":{"line":164,"column":34}},"76":{"start":{"line":166,"column":17},"end":{"line":166,"column":57}},"77":{"start":{"line":166,"column":41},"end":{"line":166,"column":56}},"78":{"start":{"line":167,"column":4},"end":{"line":169,"column":5}},"79":{"start":{"line":168,"column":6},"end":{"line":168,"column":77}},"80":{"start":{"line":174,"column":4},"end":{"line":178,"column":5}},"81":{"start":{"line":175,"column":6},"end":{"line":175,"column":59}},"82":{"start":{"line":177,"column":6},"end":{"line":177,"column":55}},"83":{"start":{"line":180,"column":4},"end":{"line":180,"column":21}},"84":{"start":{"line":182,"column":4},"end":{"line":186,"column":7}},"85":{"start":{"line":188,"column":4},"end":{"line":188,"column":76}},"86":{"start":{"line":194,"column":0},"end":{"line":215,"column":3}},"87":{"start":{"line":195,"column":13},"end":{"line":195,"column":19}},"88":{"start":{"line":196,"column":2},"end":{"line":196,"column":18}},"89":{"start":{"line":198,"column":17},"end":{"line":198,"column":27}},"90":{"start":{"line":199,"column":15},"end":{"line":199,"column":59}},"91":{"start":{"line":199,"column":39},"end":{"line":199,"column":58}},"92":{"start":{"line":201,"column":2},"end":{"line":203,"column":3}},"93":{"start":{"line":202,"column":4},"end":{"line":202,"column":75}},"94":{"start":{"line":205,"column":18},"end":{"line":205,"column":42}},"95":{"start":{"line":206,"column":16},"end":{"line":206,"column":38}},"96":{"start":{"line":207,"column":16},"end":{"line":207,"column":31}},"97":{"start":{"line":208,"column":21},"end":{"line":208,"column":78}},"98":{"start":{"line":210,"column":2},"end":{"line":214,"column":5}}},"fnMap":{"0":{"name":"(anonymous_0)","decl":{"start":{"line":13,"column":44},"end":{"line":13,"column":45}},"loc":{"start":{"line":13,"column":58},"end":{"line":15,"column":1}},"line":13},"1":{"name":"(anonymous_1)","decl":{"start":{"line":17,"column":20},"end":{"line":17,"column":21}},"loc":{"start":{"line":17,"column":34},"end":{"line":19,"column":1}},"line":17},"2":{"name":"(anonymous_2)","decl":{"start":{"line":22,"column":25},"end":{"line":22,"column":26}},"loc":{"start":{"line":22,"column":45},"end":{"line":59,"column":1}},"line":22},"3":{"name":"(anonymous_3)","decl":{"start":{"line":28,"column":42},"end":{"line":28,"column":43}},"loc":{"start":{"line":28,"column":49},"end":{"line":28,"column":66}},"line":28},"4":{"name":"(anonymous_4)","decl":{"start":{"line":62,"column":22},"end":{"line":62,"column":23}},"loc":{"start":{"line":62,"column":42},"end":{"line":85,"column":1}},"line":62},"5":{"name":"(anonymous_5)","decl":{"start":{"line":68,"column":34},"end":{"line":68,"column":35}},"loc":{"start":{"line":68,"column":41},"end":{"line":68,"column":58}},"line":68},"6":{"name":"(anonymous_6)","decl":{"start":{"line":88,"column":42},"end":{"line":88,"column":43}},"loc":{"start":{"line":88,"column":62},"end":{"line":119,"column":1}},"line":88},"7":{"name":"(anonymous_7)","decl":{"start":{"line":95,"column":40},"end":{"line":95,"column":41}},"loc":{"start":{"line":95,"column":48},"end":{"line":95,"column":70}},"line":95},"8":{"name":"(anonymous_8)","decl":{"start":{"line":121,"column":47},"end":{"line":121,"column":48}},"loc":{"start":{"line":121,"column":67},"end":{"line":138,"column":1}},"line":121},"9":{"name":"(anonymous_9)","decl":{"start":{"line":127,"column":40},"end":{"line":127,"column":41}},"loc":{"start":{"line":127,"column":48},"end":{"line":127,"column":70}},"line":127},"10":{"name":"(anonymous_10)","decl":{"start":{"line":139,"column":24},"end":{"line":139,"column":25}},"loc":{"start":{"line":139,"column":44},"end":{"line":156,"column":1}},"line":139},"11":{"name":"(anonymous_11)","decl":{"start":{"line":144,"column":34},"end":{"line":144,"column":35}},"loc":{"start":{"line":144,"column":39},"end":{"line":144,"column":58}},"line":144},"12":{"name":"(anonymous_12)","decl":{"start":{"line":158,"column":43},"end":{"line":158,"column":44}},"loc":{"start":{"line":158,"column":63},"end":{"line":190,"column":1}},"line":158},"13":{"name":"(anonymous_13)","decl":{"start":{"line":166,"column":36},"end":{"line":166,"column":37}},"loc":{"start":{"line":166,"column":41},"end":{"line":166,"column":56}},"line":166},"14":{"name":"(anonymous_14)","decl":{"start":{"line":194,"column":49},"end":{"line":194,"column":50}},"loc":{"start":{"line":194,"column":69},"end":{"line":215,"column":1}},"line":194},"15":{"name":"(anonymous_15)","decl":{"start":{"line":199,"column":34},"end":{"line":199,"column":35}},"loc":{"start":{"line":199,"column":39},"end":{"line":199,"column":58}},"line":199}},"branchMap":{"0":{"loc":{"start":{"line":29,"column":2},"end":{"line":31,"column":3}},"type":"if","locations":[{"start":{"line":29,"column":2},"end":{"line":31,"column":3}},{"start":{},"end":{}}],"line":29},"1":{"loc":{"start":{"line":69,"column":2},"end":{"line":71,"column":3}},"type":"if","locations":[{"start":{"line":69,"column":2},"end":{"line":71,"column":3}},{"start":{},"end":{}}],"line":69},"2":{"loc":{"start":{"line":74,"column":2},"end":{"line":76,"column":3}},"type":"if","locations":[{"start":{"line":74,"column":2},"end":{"line":76,"column":3}},{"start":{},"end":{}}],"line":74},"3":{"loc":{"start":{"line":97,"column":2},"end":{"line":99,"column":3}},"type":"if","locations":[{"start":{"line":97,"column":2},"end":{"line":99,"column":3}},{"start":{},"end":{}}],"line":97},"4":{"loc":{"start":{"line":104,"column":2},"end":{"line":107,"column":3}},"type":"if","locations":[{"start":{"line":104,"column":2},"end":{"line":107,"column":3}},{"start":{},"end":{}}],"line":104},"5":{"loc":{"start":{"line":129,"column":2},"end":{"line":131,"column":3}},"type":"if","locations":[{"start":{"line":129,"column":2},"end":{"line":131,"column":3}},{"start":{},"end":{}}],"line":129},"6":{"loc":{"start":{"line":146,"column":2},"end":{"line":148,"column":3}},"type":"if","locations":[{"start":{"line":146,"column":2},"end":{"line":148,"column":3}},{"start":{},"end":{}}],"line":146},"7":{"loc":{"start":{"line":167,"column":4},"end":{"line":169,"column":5}},"type":"if","locations":[{"start":{"line":167,"column":4},"end":{"line":169,"column":5}},{"start":{},"end":{}}],"line":167},"8":{"loc":{"start":{"line":174,"column":4},"end":{"line":178,"column":5}},"type":"if","locations":[{"start":{"line":174,"column":4},"end":{"line":178,"column":5}},{"start":{"line":176,"column":11},"end":{"line":178,"column":5}}],"line":174},"9":{"loc":{"start":{"line":175,"column":29},"end":{"line":175,"column":53}},"type":"binary-expr","locations":[{"start":{"line":175,"column":29},"end":{"line":175,"column":48}},{"start":{"line":175,"column":52},"end":{"line":175,"column":53}}],"line":175},"10":{"loc":{"start":{"line":177,"column":27},"end":{"line":177,"column":49}},"type":"binary-expr","locations":[{"start":{"line":177,"column":27},"end":{"line":177,"column":44}},{"start":{"line":177,"column":48},"end":{"line":177,"column":49}}],"line":177},"11":{"loc":{"start":{"line":201,"column":2},"end":{"line":203,"column":3}},"type":"if","locations":[{"start":{"line":201,"column":2},"end":{"line":203,"column":3}},{"start":{},"end":{}}],"line":201},"12":{"loc":{"start":{"line":205,"column":18},"end":{"line":205,"column":42}},"type":"binary-expr","locations":[{"start":{"line":205,"column":18},"end":{"line":205,"column":37}},{"start":{"line":205,"column":41},"end":{"line":205,"column":42}}],"line":205},"13":{"loc":{"start":{"line":206,"column":16},"end":{"line":206,"column":38}},"type":"binary-expr","locations":[{"start":{"line":206,"column":16},"end":{"line":206,"column":33}},{"start":{"line":206,"column":37},"end":{"line":206,"column":38}}],"line":206},"14":{"loc":{"start":{"line":208,"column":21},"end":{"line":208,"column":78}},"type":"cond-expr","locations":[{"start":{"line":208,"column":33},"end":{"line":208,"column":69}},{"start":{"line":208,"column":72},"end":{"line":208,"column":78}}],"line":208}},"s":{"0":2,"1":2,"2":2,"3":0,"4":2,"5":0,"6":2,"7":3,"8":3,"9":3,"10":3,"11":3,"12":3,"13":1,"14":2,"15":2,"16":2,"17":2,"18":1,"19":1,"20":2,"21":4,"22":4,"23":3,"24":3,"25":3,"26":3,"27":1,"28":2,"29":2,"30":1,"31":1,"32":1,"33":2,"34":0,"35":0,"36":0,"37":0,"38":0,"39":0,"40":0,"41":0,"42":0,"43":0,"44":0,"45":0,"46":0,"47":0,"48":0,"49":0,"50":2,"51":0,"52":0,"53":0,"54":0,"55":0,"56":0,"57":0,"58":0,"59":0,"60":0,"61":2,"62":2,"63":2,"64":2,"65":2,"66":2,"67":2,"68":1,"69":1,"70":2,"71":0,"72":0,"73":0,"74":0,"75":0,"76":0,"77":0,"78":0,"79":0,"80":0,"81":0,"82":0,"83":0,"84":0,"85":0,"86":2,"87":0,"88":0,"89":0,"90":0,"91":0,"92":0,"93":0,"94":0,"95":0,"96":0,"97":0,"98":0},"f":{"0":0,"1":0,"2":3,"3":3,"4":4,"5":3,"6":0,"7":0,"8":0,"9":0,"10":2,"11":2,"12":0,"13":0,"14":0,"15":0},"b":{"0":[1,2],"1":[1,2],"2":[1,1],"3":[0,0],"4":[0,0],"5":[0,0],"6":[1,1],"7":[0,0],"8":[0,0],"9":[0,0],"10":[0,0],"11":[0,0],"12":[0,0],"13":[0,0],"14":[0,0]},"inputSourceMap":null,"_coverageSchema":"1a1c01bbd47fc00a2c39e90264f33305004495a9","hash":"ed1c560c9bba9f7596b149dbbe330ac9d2cc3149"}
,"C:\\Flashcard-app\\apps\\server\\routes\\flashcard.js": {"path":"C:\\Flashcard-app\\apps\\server\\routes\\flashcard.js","statementMap":{"0":{"start":{"line":5,"column":15},"end":{"line":5,"column":31}},"1":{"start":{"line":7,"column":0},"end":{"line":7,"column":30}},"2":{"start":{"line":9,"column":0},"end":{"line":9,"column":73}},"3":{"start":{"line":10,"column":0},"end":{"line":10,"column":61}},"4":{"start":{"line":11,"column":0},"end":{"line":11,"column":78}},"5":{"start":{"line":12,"column":0},"end":{"line":12,"column":51}},"6":{"start":{"line":13,"column":0},"end":{"line":13,"column":57}},"7":{"start":{"line":14,"column":0},"end":{"line":14,"column":54}},"8":{"start":{"line":15,"column":0},"end":{"line":15,"column":59}},"9":{"start":{"line":16,"column":0},"end":{"line":16,"column":73}},"10":{"start":{"line":17,"column":0},"end":{"line":17,"column":60}},"11":{"start":{"line":18,"column":0},"end":{"line":18,"column":65}}},"fnMap":{},"branchMap":{},"s":{"0":1,"1":1,"2":1,"3":1,"4":1,"5":1,"6":1,"7":1,"8":1,"9":1,"10":1,"11":1},"f":{},"b":{},"inputSourceMap":null,"_coverageSchema":"1a1c01bbd47fc00a2c39e90264f33305004495a9","hash":"528849478459e9a69bc24621c28aa4dadf0c952a"}
}
