{"C:\\Flashcard-app\\apps\\server\\server.js": {"path":"C:\\Flashcard-app\\apps\\server\\server.js","statementMap":{"0":{"start":{"line":11,"column":19},"end":{"line":11,"column":49}},"1":{"start":{"line":12,"column":18},"end":{"line":12,"column":42}},"2":{"start":{"line":15,"column":12},"end":{"line":15,"column":21}},"3":{"start":{"line":16,"column":13},"end":{"line":16,"column":37}},"4":{"start":{"line":19,"column":0},"end":{"line":19,"column":16}},"5":{"start":{"line":20,"column":0},"end":{"line":20,"column":24}},"6":{"start":{"line":23,"column":21},"end":{"line":39,"column":1}},"7":{"start":{"line":25,"column":17},"end":{"line":25,"column":48}},"8":{"start":{"line":26,"column":2},"end":{"line":26,"column":53}},"9":{"start":{"line":28,"column":18},"end":{"line":28,"column":38}},"10":{"start":{"line":29,"column":13},"end":{"line":29,"column":60}},"11":{"start":{"line":31,"column":2},"end":{"line":38,"column":3}},"12":{"start":{"line":32,"column":4},"end":{"line":32,"column":20}},"13":{"start":{"line":33,"column":4},"end":{"line":33,"column":80}},"14":{"start":{"line":34,"column":4},"end":{"line":34,"column":14}},"15":{"start":{"line":36,"column":4},"end":{"line":36,"column":62}},"16":{"start":{"line":37,"column":4},"end":{"line":37,"column":16}},"17":{"start":{"line":42,"column":17},"end":{"line":42,"column":21}},"18":{"start":{"line":45,"column":20},"end":{"line":78,"column":1}},"19":{"start":{"line":47,"column":2},"end":{"line":49,"column":5}},"20":{"start":{"line":48,"column":4},"end":{"line":48,"column":28}},"21":{"start":{"line":52,"column":2},"end":{"line":57,"column":5}},"22":{"start":{"line":53,"column":4},"end":{"line":56,"column":7}},"23":{"start":{"line":60,"column":2},"end":{"line":63,"column":17}},"24":{"start":{"line":61,"column":4},"end":{"line":61,"column":16}},"25":{"start":{"line":62,"column":4},"end":{"line":62,"column":11}},"26":{"start":{"line":66,"column":2},"end":{"line":69,"column":22}},"27":{"start":{"line":67,"column":4},"end":{"line":67,"column":16}},"28":{"start":{"line":68,"column":4},"end":{"line":68,"column":11}},"29":{"start":{"line":72,"column":2},"end":{"line":77,"column":5}},"30":{"start":{"line":73,"column":4},"end":{"line":75,"column":5}},"31":{"start":{"line":74,"column":6},"end":{"line":74,"column":70}},"32":{"start":{"line":76,"column":4},"end":{"line":76,"column":11}},"33":{"start":{"line":81,"column":25},"end":{"line":94,"column":1}},"34":{"start":{"line":82,"column":2},"end":{"line":93,"column":3}},"35":{"start":{"line":84,"column":4},"end":{"line":86,"column":5}},"36":{"start":{"line":85,"column":6},"end":{"line":85,"column":40}},"37":{"start":{"line":88,"column":4},"end":{"line":88,"column":33}},"38":{"start":{"line":89,"column":4},"end":{"line":89,"column":15}},"39":{"start":{"line":91,"column":4},"end":{"line":91,"column":68}},"40":{"start":{"line":92,"column":4},"end":{"line":92,"column":16}},"41":{"start":{"line":97,"column":22},"end":{"line":98,"column":95}},"42":{"start":{"line":100,"column":0},"end":{"line":109,"column":1}},"43":{"start":{"line":101,"column":2},"end":{"line":108,"column":5}},"44":{"start":{"line":102,"column":4},"end":{"line":104,"column":7}},"45":{"start":{"line":103,"column":6},"end":{"line":103,"column":67}},"46":{"start":{"line":106,"column":4},"end":{"line":106,"column":60}},"47":{"start":{"line":107,"column":4},"end":{"line":107,"column":20}}},"fnMap":{"0":{"name":"(anonymous_0)","decl":{"start":{"line":23,"column":21},"end":{"line":23,"column":22}},"loc":{"start":{"line":23,"column":33},"end":{"line":39,"column":1}},"line":23},"1":{"name":"(anonymous_1)","decl":{"start":{"line":45,"column":20},"end":{"line":45,"column":21}},"loc":{"start":{"line":45,"column":33},"end":{"line":78,"column":1}},"line":45},"2":{"name":"(anonymous_2)","decl":{"start":{"line":47,"column":15},"end":{"line":47,"column":16}},"loc":{"start":{"line":47,"column":29},"end":{"line":49,"column":3}},"line":47},"3":{"name":"(anonymous_3)","decl":{"start":{"line":52,"column":27},"end":{"line":52,"column":28}},"loc":{"start":{"line":52,"column":41},"end":{"line":57,"column":3}},"line":52},"4":{"name":"(anonymous_4)","decl":{"start":{"line":60,"column":23},"end":{"line":60,"column":24}},"loc":{"start":{"line":60,"column":43},"end":{"line":63,"column":3}},"line":60},"5":{"name":"(anonymous_5)","decl":{"start":{"line":66,"column":25},"end":{"line":66,"column":26}},"loc":{"start":{"line":66,"column":45},"end":{"line":69,"column":3}},"line":66},"6":{"name":"(anonymous_6)","decl":{"start":{"line":72,"column":10},"end":{"line":72,"column":11}},"loc":{"start":{"line":72,"column":35},"end":{"line":77,"column":3}},"line":72},"7":{"name":"(anonymous_7)","decl":{"start":{"line":81,"column":25},"end":{"line":81,"column":26}},"loc":{"start":{"line":81,"column":37},"end":{"line":94,"column":1}},"line":81},"8":{"name":"(anonymous_8)","decl":{"start":{"line":101,"column":26},"end":{"line":101,"column":27}},"loc":{"start":{"line":101,"column":32},"end":{"line":105,"column":3}},"line":101},"9":{"name":"(anonymous_9)","decl":{"start":{"line":102,"column":21},"end":{"line":102,"column":22}},"loc":{"start":{"line":102,"column":27},"end":{"line":104,"column":5}},"line":102},"10":{"name":"(anonymous_10)","decl":{"start":{"line":105,"column":11},"end":{"line":105,"column":12}},"loc":{"start":{"line":105,"column":18},"end":{"line":108,"column":3}},"line":105}},"branchMap":{"0":{"loc":{"start":{"line":16,"column":13},"end":{"line":16,"column":37}},"type":"binary-expr","locations":[{"start":{"line":16,"column":13},"end":{"line":16,"column":29}},{"start":{"line":16,"column":33},"end":{"line":16,"column":37}}],"line":16},"1":{"loc":{"start":{"line":73,"column":4},"end":{"line":75,"column":5}},"type":"if","locations":[{"start":{"line":73,"column":4},"end":{"line":75,"column":5}},{"start":{},"end":{}}],"line":73},"2":{"loc":{"start":{"line":73,"column":8},"end":{"line":73,"column":73}},"type":"binary-expr","locations":[{"start":{"line":73,"column":8},"end":{"line":73,"column":34}},{"start":{"line":73,"column":38},"end":{"line":73,"column":56}},{"start":{"line":73,"column":60},"end":{"line":73,"column":73}}],"line":73},"3":{"loc":{"start":{"line":84,"column":4},"end":{"line":86,"column":5}},"type":"if","locations":[{"start":{"line":84,"column":4},"end":{"line":86,"column":5}},{"start":{},"end":{}}],"line":84},"4":{"loc":{"start":{"line":97,"column":22},"end":{"line":98,"column":95}},"type":"binary-expr","locations":[{"start":{"line":97,"column":22},"end":{"line":97,"column":57}},{"start":{"line":98,"column":3},"end":{"line":98,"column":53}},{"start":{"line":98,"column":57},"end":{"line":98,"column":94}}],"line":97},"5":{"loc":{"start":{"line":100,"column":0},"end":{"line":109,"column":1}},"type":"if","locations":[{"start":{"line":100,"column":0},"end":{"line":109,"column":1}},{"start":{},"end":{}}],"line":100}},"s":{"0":1,"1":1,"2":1,"3":1,"4":1,"5":1,"6":1,"7":1,"8":1,"9":1,"10":1,"11":1,"12":1,"13":1,"14":1,"15":0,"16":0,"17":1,"18":1,"19":1,"20":1,"21":1,"22":2,"23":1,"24":0,"25":0,"26":1,"27":1,"28":1,"29":1,"30":1,"31":1,"32":0,"33":1,"34":1,"35":1,"36":1,"37":1,"38":1,"39":0,"40":0,"41":1,"42":1,"43":0,"44":0,"45":0,"46":0,"47":0},"f":{"0":1,"1":1,"2":1,"3":2,"4":0,"5":1,"6":1,"7":1,"8":0,"9":0,"10":0},"b":{"0":[1,1],"1":[1,0],"2":[1,1,1],"3":[1,0],"4":[1,1,1],"5":[0,1]},"inputSourceMap":null,"_coverageSchema":"1a1c01bbd47fc00a2c39e90264f33305004495a9","hash":"9ee98b5fa376c0c03f48a3c52736bee760259f39"}
,"C:\\Flashcard-app\\apps\\server\\controllers\\flashcardController.js": {"path":"C:\\Flashcard-app\\apps\\server\\controllers\\flashcardController.js","statementMap":{"0":{"start":{"line":3,"column":28},"end":{"line":26,"column":1}},"1":{"start":{"line":4,"column":13},"end":{"line":4,"column":19}},"2":{"start":{"line":5,"column":2},"end":{"line":5,"column":18}},"3":{"start":{"line":7,"column":65},"end":{"line":7,"column":73}},"4":{"start":{"line":9,"column":2},"end":{"line":11,"column":3}},"5":{"start":{"line":10,"column":4},"end":{"line":10,"column":76}},"6":{"start":{"line":13,"column":23},"end":{"line":21,"column":3}},"7":{"start":{"line":23,"column":2},"end":{"line":23,"column":40}},"8":{"start":{"line":24,"column":2},"end":{"line":24,"column":19}},"9":{"start":{"line":25,"column":2},"end":{"line":25,"column":37}},"10":{"start":{"line":28,"column":29},"end":{"line":56,"column":1}},"11":{"start":{"line":29,"column":13},"end":{"line":29,"column":19}},"12":{"start":{"line":30,"column":2},"end":{"line":30,"column":18}},"13":{"start":{"line":32,"column":17},"end":{"line":32,"column":27}},"14":{"start":{"line":33,"column":65},"end":{"line":33,"column":73}},"15":{"start":{"line":35,"column":16},"end":{"line":35,"column":62}},"16":{"start":{"line":35,"column":50},"end":{"line":35,"column":61}},"17":{"start":{"line":36,"column":2},"end":{"line":38,"column":3}},"18":{"start":{"line":37,"column":4},"end":{"line":37,"column":79}},"19":{"start":{"line":41,"column":2},"end":{"line":43,"column":3}},"20":{"start":{"line":42,"column":4},"end":{"line":42,"column":85}},"21":{"start":{"line":45,"column":2},"end":{"line":52,"column":4}},"22":{"start":{"line":54,"column":2},"end":{"line":54,"column":19}},"23":{"start":{"line":55,"column":2},"end":{"line":55,"column":50}},"24":{"start":{"line":60,"column":31},"end":{"line":79,"column":1}},"25":{"start":{"line":61,"column":13},"end":{"line":61,"column":19}},"26":{"start":{"line":62,"column":2},"end":{"line":62,"column":18}},"27":{"start":{"line":64,"column":17},"end":{"line":64,"column":27}},"28":{"start":{"line":66,"column":16},"end":{"line":66,"column":62}},"29":{"start":{"line":66,"column":50},"end":{"line":66,"column":61}},"30":{"start":{"line":67,"column":2},"end":{"line":69,"column":3}},"31":{"start":{"line":68,"column":4},"end":{"line":68,"column":77}},"32":{"start":{"line":72,"column":2},"end":{"line":74,"column":3}},"33":{"start":{"line":73,"column":4},"end":{"line":73,"column":88}},"34":{"start":{"line":76,"column":18},"end":{"line":76,"column":56}},"35":{"start":{"line":77,"column":2},"end":{"line":77,"column":19}},"36":{"start":{"line":78,"column":2},"end":{"line":78,"column":56}},"37":{"start":{"line":81,"column":32},"end":{"line":98,"column":1}},"38":{"start":{"line":82,"column":13},"end":{"line":82,"column":19}},"39":{"start":{"line":83,"column":2},"end":{"line":83,"column":18}},"40":{"start":{"line":85,"column":17},"end":{"line":85,"column":27}},"41":{"start":{"line":86,"column":20},"end":{"line":86,"column":61}},"42":{"start":{"line":86,"column":49},"end":{"line":86,"column":60}},"43":{"start":{"line":88,"column":2},"end":{"line":90,"column":3}},"44":{"start":{"line":89,"column":4},"end":{"line":89,"column":79}},"45":{"start":{"line":93,"column":2},"end":{"line":95,"column":3}},"46":{"start":{"line":94,"column":4},"end":{"line":94,"column":91}},"47":{"start":{"line":97,"column":2},"end":{"line":97,"column":34}},"48":{"start":{"line":101,"column":29},"end":{"line":112,"column":1}},"49":{"start":{"line":102,"column":13},"end":{"line":102,"column":19}},"50":{"start":{"line":103,"column":2},"end":{"line":103,"column":18}},"51":{"start":{"line":106,"column":17},"end":{"line":106,"column":29}},"52":{"start":{"line":109,"column":21},"end":{"line":109,"column":78}},"53":{"start":{"line":109,"column":52},"end":{"line":109,"column":71}},"54":{"start":{"line":111,"column":2},"end":{"line":111,"column":39}},"55":{"start":{"line":114,"column":30},"end":{"line":136,"column":1}},"56":{"start":{"line":115,"column":13},"end":{"line":115,"column":19}},"57":{"start":{"line":116,"column":2},"end":{"line":116,"column":18}},"58":{"start":{"line":118,"column":23},"end":{"line":118,"column":33}},"59":{"start":{"line":119,"column":17},"end":{"line":119,"column":28}},"60":{"start":{"line":121,"column":24},"end":{"line":121,"column":49}},"61":{"start":{"line":124,"column":2},"end":{"line":126,"column":4}},"62":{"start":{"line":125,"column":4},"end":{"line":125,"column":64}},"63":{"start":{"line":128,"column":23},"end":{"line":128,"column":64}},"64":{"start":{"line":130,"column":2},"end":{"line":132,"column":3}},"65":{"start":{"line":131,"column":4},"end":{"line":131,"column":86}},"66":{"start":{"line":134,"column":2},"end":{"line":134,"column":19}},"67":{"start":{"line":135,"column":2},"end":{"line":135,"column":98}},"68":{"start":{"line":138,"column":29},"end":{"line":149,"column":1}},"69":{"start":{"line":139,"column":13},"end":{"line":139,"column":19}},"70":{"start":{"line":140,"column":2},"end":{"line":140,"column":18}},"71":{"start":{"line":142,"column":17},"end":{"line":142,"column":28}},"72":{"start":{"line":145,"column":25},"end":{"line":145,"column":89}},"73":{"start":{"line":145,"column":56},"end":{"line":145,"column":88}},"74":{"start":{"line":146,"column":21},"end":{"line":146,"column":70}},"75":{"start":{"line":146,"column":57},"end":{"line":146,"column":67}},"76":{"start":{"line":148,"column":2},"end":{"line":148,"column":35}},"77":{"start":{"line":152,"column":33},"end":{"line":172,"column":1}},"78":{"start":{"line":153,"column":13},"end":{"line":153,"column":19}},"79":{"start":{"line":154,"column":2},"end":{"line":154,"column":18}},"80":{"start":{"line":156,"column":19},"end":{"line":156,"column":27}},"81":{"start":{"line":158,"column":2},"end":{"line":160,"column":3}},"82":{"start":{"line":159,"column":4},"end":{"line":159,"column":75}},"83":{"start":{"line":162,"column":18},"end":{"line":166,"column":5}},"84":{"start":{"line":162,"column":40},"end":{"line":166,"column":3}},"85":{"start":{"line":168,"column":2},"end":{"line":168,"column":38}},"86":{"start":{"line":169,"column":2},"end":{"line":169,"column":19}},"87":{"start":{"line":171,"column":2},"end":{"line":171,"column":93}}},"fnMap":{"0":{"name":"(anonymous_0)","decl":{"start":{"line":3,"column":28},"end":{"line":3,"column":29}},"loc":{"start":{"line":3,"column":48},"end":{"line":26,"column":1}},"line":3},"1":{"name":"(anonymous_1)","decl":{"start":{"line":28,"column":29},"end":{"line":28,"column":30}},"loc":{"start":{"line":28,"column":49},"end":{"line":56,"column":1}},"line":28},"2":{"name":"(anonymous_2)","decl":{"start":{"line":35,"column":45},"end":{"line":35,"column":46}},"loc":{"start":{"line":35,"column":50},"end":{"line":35,"column":61}},"line":35},"3":{"name":"(anonymous_3)","decl":{"start":{"line":60,"column":31},"end":{"line":60,"column":32}},"loc":{"start":{"line":60,"column":51},"end":{"line":79,"column":1}},"line":60},"4":{"name":"(anonymous_4)","decl":{"start":{"line":66,"column":45},"end":{"line":66,"column":46}},"loc":{"start":{"line":66,"column":50},"end":{"line":66,"column":61}},"line":66},"5":{"name":"(anonymous_5)","decl":{"start":{"line":81,"column":32},"end":{"line":81,"column":33}},"loc":{"start":{"line":81,"column":52},"end":{"line":98,"column":1}},"line":81},"6":{"name":"(anonymous_6)","decl":{"start":{"line":86,"column":44},"end":{"line":86,"column":45}},"loc":{"start":{"line":86,"column":49},"end":{"line":86,"column":60}},"line":86},"7":{"name":"(anonymous_7)","decl":{"start":{"line":101,"column":29},"end":{"line":101,"column":30}},"loc":{"start":{"line":101,"column":49},"end":{"line":112,"column":1}},"line":101},"8":{"name":"(anonymous_8)","decl":{"start":{"line":109,"column":47},"end":{"line":109,"column":48}},"loc":{"start":{"line":109,"column":52},"end":{"line":109,"column":71}},"line":109},"9":{"name":"(anonymous_9)","decl":{"start":{"line":114,"column":30},"end":{"line":114,"column":31}},"loc":{"start":{"line":114,"column":49},"end":{"line":136,"column":1}},"line":114},"10":{"name":"(anonymous_10)","decl":{"start":{"line":124,"column":49},"end":{"line":124,"column":50}},"loc":{"start":{"line":125,"column":4},"end":{"line":125,"column":64}},"line":125},"11":{"name":"(anonymous_11)","decl":{"start":{"line":138,"column":29},"end":{"line":138,"column":30}},"loc":{"start":{"line":138,"column":49},"end":{"line":149,"column":1}},"line":138},"12":{"name":"(anonymous_12)","decl":{"start":{"line":145,"column":51},"end":{"line":145,"column":52}},"loc":{"start":{"line":145,"column":56},"end":{"line":145,"column":88}},"line":145},"13":{"name":"(anonymous_13)","decl":{"start":{"line":146,"column":52},"end":{"line":146,"column":53}},"loc":{"start":{"line":146,"column":57},"end":{"line":146,"column":67}},"line":146},"14":{"name":"(anonymous_14)","decl":{"start":{"line":152,"column":33},"end":{"line":152,"column":34}},"loc":{"start":{"line":152,"column":53},"end":{"line":172,"column":1}},"line":152},"15":{"name":"(anonymous_15)","decl":{"start":{"line":162,"column":31},"end":{"line":162,"column":32}},"loc":{"start":{"line":162,"column":40},"end":{"line":166,"column":3}},"line":162}},"branchMap":{"0":{"loc":{"start":{"line":9,"column":2},"end":{"line":11,"column":3}},"type":"if","locations":[{"start":{"line":9,"column":2},"end":{"line":11,"column":3}},{"start":{},"end":{}}],"line":9},"1":{"loc":{"start":{"line":9,"column":6},"end":{"line":9,"column":39}},"type":"binary-expr","locations":[{"start":{"line":9,"column":6},"end":{"line":9,"column":15}},{"start":{"line":9,"column":19},"end":{"line":9,"column":26}},{"start":{"line":9,"column":30},"end":{"line":9,"column":39}}],"line":9},"2":{"loc":{"start":{"line":36,"column":2},"end":{"line":38,"column":3}},"type":"if","locations":[{"start":{"line":36,"column":2},"end":{"line":38,"column":3}},{"start":{},"end":{}}],"line":36},"3":{"loc":{"start":{"line":41,"column":2},"end":{"line":43,"column":3}},"type":"if","locations":[{"start":{"line":41,"column":2},"end":{"line":43,"column":3}},{"start":{},"end":{}}],"line":41},"4":{"loc":{"start":{"line":41,"column":6},"end":{"line":41,"column":90}},"type":"binary-expr","locations":[{"start":{"line":41,"column":6},"end":{"line":41,"column":38}},{"start":{"line":41,"column":42},"end":{"line":41,"column":90}}],"line":41},"5":{"loc":{"start":{"line":67,"column":2},"end":{"line":69,"column":3}},"type":"if","locations":[{"start":{"line":67,"column":2},"end":{"line":69,"column":3}},{"start":{},"end":{}}],"line":67},"6":{"loc":{"start":{"line":72,"column":2},"end":{"line":74,"column":3}},"type":"if","locations":[{"start":{"line":72,"column":2},"end":{"line":74,"column":3}},{"start":{},"end":{}}],"line":72},"7":{"loc":{"start":{"line":72,"column":6},"end":{"line":72,"column":90}},"type":"binary-expr","locations":[{"start":{"line":72,"column":6},"end":{"line":72,"column":38}},{"start":{"line":72,"column":42},"end":{"line":72,"column":90}}],"line":72},"8":{"loc":{"start":{"line":88,"column":2},"end":{"line":90,"column":3}},"type":"if","locations":[{"start":{"line":88,"column":2},"end":{"line":90,"column":3}},{"start":{},"end":{}}],"line":88},"9":{"loc":{"start":{"line":93,"column":2},"end":{"line":95,"column":3}},"type":"if","locations":[{"start":{"line":93,"column":2},"end":{"line":95,"column":3}},{"start":{},"end":{}}],"line":93},"10":{"loc":{"start":{"line":93,"column":6},"end":{"line":93,"column":58}},"type":"binary-expr","locations":[{"start":{"line":93,"column":6},"end":{"line":93,"column":22}},{"start":{"line":93,"column":26},"end":{"line":93,"column":58}}],"line":93},"11":{"loc":{"start":{"line":109,"column":21},"end":{"line":109,"column":78}},"type":"binary-expr","locations":[{"start":{"line":109,"column":21},"end":{"line":109,"column":72}},{"start":{"line":109,"column":76},"end":{"line":109,"column":78}}],"line":109},"12":{"loc":{"start":{"line":125,"column":4},"end":{"line":125,"column":64}},"type":"binary-expr","locations":[{"start":{"line":125,"column":4},"end":{"line":125,"column":27}},{"start":{"line":125,"column":32},"end":{"line":125,"column":40}},{"start":{"line":125,"column":44},"end":{"line":125,"column":63}}],"line":125},"13":{"loc":{"start":{"line":130,"column":2},"end":{"line":132,"column":3}},"type":"if","locations":[{"start":{"line":130,"column":2},"end":{"line":132,"column":3}},{"start":{},"end":{}}],"line":130},"14":{"loc":{"start":{"line":145,"column":56},"end":{"line":145,"column":88}},"type":"binary-expr","locations":[{"start":{"line":145,"column":56},"end":{"line":145,"column":65}},{"start":{"line":145,"column":69},"end":{"line":145,"column":88}}],"line":145},"15":{"loc":{"start":{"line":158,"column":2},"end":{"line":160,"column":3}},"type":"if","locations":[{"start":{"line":158,"column":2},"end":{"line":160,"column":3}},{"start":{},"end":{}}],"line":158}},"s":{"0":2,"1":2,"2":2,"3":2,"4":2,"5":1,"6":1,"7":1,"8":1,"9":1,"10":2,"11":3,"12":3,"13":3,"14":3,"15":3,"16":8,"17":3,"18":1,"19":2,"20":1,"21":1,"22":1,"23":1,"24":2,"25":3,"26":3,"27":3,"28":3,"29":9,"30":3,"31":1,"32":2,"33":1,"34":1,"35":1,"36":1,"37":2,"38":3,"39":3,"40":3,"41":3,"42":8,"43":3,"44":1,"45":2,"46":1,"47":1,"48":2,"49":6,"50":6,"51":6,"52":6,"53":19,"54":6,"55":2,"56":3,"57":3,"58":3,"59":3,"60":3,"61":3,"62":10,"63":3,"64":3,"65":1,"66":2,"67":2,"68":2,"69":3,"70":3,"71":3,"72":3,"73":8,"74":3,"75":6,"76":3,"77":2,"78":2,"79":2,"80":2,"81":2,"82":1,"83":1,"84":2,"85":1,"86":1,"87":1},"f":{"0":2,"1":3,"2":8,"3":3,"4":9,"5":3,"6":8,"7":6,"8":19,"9":3,"10":10,"11":3,"12":8,"13":6,"14":2,"15":2},"b":{"0":[1,1],"1":[2,2,1],"2":[1,2],"3":[1,1],"4":[2,2],"5":[1,2],"6":[1,1],"7":[2,2],"8":[1,2],"9":[1,1],"10":[2,2],"11":[6,0],"12":[10,5,5],"13":[1,2],"14":[8,8],"15":[1,1]},"inputSourceMap":null,"_coverageSchema":"1a1c01bbd47fc00a2c39e90264f33305004495a9","hash":"4fe322038ab9f3ab135474d870ac30118db9074e"}
,"C:\\Flashcard-app\\apps\\server\\middleware\\auth.js": {"path":"C:\\Flashcard-app\\apps\\server\\middleware\\auth.js","statementMap":{"0":{"start":{"line":3,"column":33},"end":{"line":14,"column":1}},"1":{"start":{"line":4,"column":21},"end":{"line":4,"column":49}},"2":{"start":{"line":5,"column":16},"end":{"line":5,"column":54}},"3":{"start":{"line":7,"column":2},"end":{"line":7,"column":41}},"4":{"start":{"line":7,"column":14},"end":{"line":7,"column":41}},"5":{"start":{"line":9,"column":2},"end":{"line":13,"column":5}},"6":{"start":{"line":10,"column":4},"end":{"line":10,"column":40}},"7":{"start":{"line":10,"column":13},"end":{"line":10,"column":40}},"8":{"start":{"line":11,"column":4},"end":{"line":11,"column":20}},"9":{"start":{"line":12,"column":4},"end":{"line":12,"column":11}}},"fnMap":{"0":{"name":"(anonymous_0)","decl":{"start":{"line":3,"column":33},"end":{"line":3,"column":34}},"loc":{"start":{"line":3,"column":53},"end":{"line":14,"column":1}},"line":3},"1":{"name":"(anonymous_1)","decl":{"start":{"line":9,"column":44},"end":{"line":9,"column":45}},"loc":{"start":{"line":9,"column":59},"end":{"line":13,"column":3}},"line":9}},"branchMap":{"0":{"loc":{"start":{"line":5,"column":16},"end":{"line":5,"column":54}},"type":"binary-expr","locations":[{"start":{"line":5,"column":16},"end":{"line":5,"column":26}},{"start":{"line":5,"column":30},"end":{"line":5,"column":54}}],"line":5},"1":{"loc":{"start":{"line":7,"column":2},"end":{"line":7,"column":41}},"type":"if","locations":[{"start":{"line":7,"column":2},"end":{"line":7,"column":41}},{"start":{},"end":{}}],"line":7},"2":{"loc":{"start":{"line":10,"column":4},"end":{"line":10,"column":40}},"type":"if","locations":[{"start":{"line":10,"column":4},"end":{"line":10,"column":40}},{"start":{},"end":{}}],"line":10}},"s":{"0":2,"1":10,"2":10,"3":10,"4":4,"5":6,"6":6,"7":1,"8":5,"9":5},"f":{"0":10,"1":6},"b":{"0":[10,6],"1":[4,6],"2":[1,5]},"inputSourceMap":null,"_coverageSchema":"1a1c01bbd47fc00a2c39e90264f33305004495a9","hash":"1f3c33a79e108c150a52656c6456cf5911336a16"}
,"C:\\Flashcard-app\\apps\\server\\routes\\auth.js": {"path":"C:\\Flashcard-app\\apps\\server\\routes\\auth.js","statementMap":{"0":{"start":{"line":7,"column":0},"end":{"line":7,"column":16}},"1":{"start":{"line":10,"column":15},"end":{"line":10,"column":31}},"2":{"start":{"line":13,"column":0},"end":{"line":15,"column":3}},"3":{"start":{"line":14,"column":2},"end":{"line":14,"column":69}},"4":{"start":{"line":18,"column":0},"end":{"line":53,"column":3}},"5":{"start":{"line":19,"column":13},"end":{"line":19,"column":19}},"6":{"start":{"line":20,"column":2},"end":{"line":20,"column":18}},"7":{"start":{"line":22,"column":43},"end":{"line":22,"column":51}},"8":{"start":{"line":24,"column":23},"end":{"line":24,"column":67}},"9":{"start":{"line":24,"column":49},"end":{"line":24,"column":66}},"10":{"start":{"line":25,"column":2},"end":{"line":27,"column":3}},"11":{"start":{"line":26,"column":4},"end":{"line":26,"column":68}},"12":{"start":{"line":29,"column":25},"end":{"line":29,"column":56}},"13":{"start":{"line":31,"column":18},"end":{"line":37,"column":3}},"14":{"start":{"line":39,"column":2},"end":{"line":39,"column":30}},"15":{"start":{"line":40,"column":2},"end":{"line":40,"column":19}},"16":{"start":{"line":42,"column":16},"end":{"line":46,"column":3}},"17":{"start":{"line":48,"column":2},"end":{"line":52,"column":5}},"18":{"start":{"line":56,"column":0},"end":{"line":79,"column":3}},"19":{"start":{"line":57,"column":13},"end":{"line":57,"column":19}},"20":{"start":{"line":58,"column":2},"end":{"line":58,"column":18}},"21":{"start":{"line":60,"column":30},"end":{"line":60,"column":38}},"22":{"start":{"line":62,"column":15},"end":{"line":62,"column":59}},"23":{"start":{"line":62,"column":41},"end":{"line":62,"column":58}},"24":{"start":{"line":63,"column":2},"end":{"line":65,"column":3}},"25":{"start":{"line":64,"column":4},"end":{"line":64,"column":60}},"26":{"start":{"line":67,"column":26},"end":{"line":67,"column":71}},"27":{"start":{"line":68,"column":2},"end":{"line":70,"column":3}},"28":{"start":{"line":69,"column":4},"end":{"line":69,"column":60}},"29":{"start":{"line":72,"column":16},"end":{"line":76,"column":3}},"30":{"start":{"line":78,"column":2},"end":{"line":78,"column":57}},"31":{"start":{"line":82,"column":0},"end":{"line":113,"column":3}},"32":{"start":{"line":83,"column":13},"end":{"line":83,"column":19}},"33":{"start":{"line":84,"column":2},"end":{"line":84,"column":18}},"34":{"start":{"line":86,"column":17},"end":{"line":86,"column":27}},"35":{"start":{"line":87,"column":45},"end":{"line":87,"column":53}},"36":{"start":{"line":89,"column":16},"end":{"line":89,"column":71}},"37":{"start":{"line":89,"column":48},"end":{"line":89,"column":70}},"38":{"start":{"line":91,"column":2},"end":{"line":93,"column":3}},"39":{"start":{"line":92,"column":4},"end":{"line":92,"column":76}},"40":{"start":{"line":96,"column":20},"end":{"line":96,"column":69}},"41":{"start":{"line":98,"column":2},"end":{"line":101,"column":3}},"42":{"start":{"line":99,"column":27},"end":{"line":99,"column":58}},"43":{"start":{"line":100,"column":4},"end":{"line":100,"column":42}},"44":{"start":{"line":103,"column":2},"end":{"line":103,"column":37}},"45":{"start":{"line":104,"column":2},"end":{"line":104,"column":19}},"46":{"start":{"line":107,"column":50},"end":{"line":107,"column":70}},"47":{"start":{"line":109,"column":2},"end":{"line":112,"column":5}},"48":{"start":{"line":115,"column":0},"end":{"line":132,"column":2}},"49":{"start":{"line":116,"column":13},"end":{"line":116,"column":19}},"50":{"start":{"line":117,"column":2},"end":{"line":117,"column":18}},"51":{"start":{"line":119,"column":15},"end":{"line":119,"column":25}},"52":{"start":{"line":121,"column":16},"end":{"line":121,"column":71}},"53":{"start":{"line":121,"column":48},"end":{"line":121,"column":70}},"54":{"start":{"line":123,"column":2},"end":{"line":125,"column":3}},"55":{"start":{"line":124,"column":4},"end":{"line":124,"column":72}},"56":{"start":{"line":127,"column":18},"end":{"line":127,"column":51}},"57":{"start":{"line":128,"column":2},"end":{"line":128,"column":19}},"58":{"start":{"line":130,"column":2},"end":{"line":130,"column":71}},"59":{"start":{"line":134,"column":0},"end":{"line":151,"column":3}},"60":{"start":{"line":135,"column":13},"end":{"line":135,"column":19}},"61":{"start":{"line":136,"column":2},"end":{"line":136,"column":18}},"62":{"start":{"line":138,"column":17},"end":{"line":138,"column":27}},"63":{"start":{"line":139,"column":15},"end":{"line":139,"column":59}},"64":{"start":{"line":139,"column":39},"end":{"line":139,"column":58}},"65":{"start":{"line":141,"column":2},"end":{"line":143,"column":3}},"66":{"start":{"line":142,"column":4},"end":{"line":142,"column":75}},"67":{"start":{"line":145,"column":2},"end":{"line":150,"column":5}}},"fnMap":{"0":{"name":"(anonymous_0)","decl":{"start":{"line":13,"column":44},"end":{"line":13,"column":45}},"loc":{"start":{"line":13,"column":58},"end":{"line":15,"column":1}},"line":13},"1":{"name":"(anonymous_1)","decl":{"start":{"line":18,"column":25},"end":{"line":18,"column":26}},"loc":{"start":{"line":18,"column":45},"end":{"line":53,"column":1}},"line":18},"2":{"name":"(anonymous_2)","decl":{"start":{"line":24,"column":42},"end":{"line":24,"column":43}},"loc":{"start":{"line":24,"column":49},"end":{"line":24,"column":66}},"line":24},"3":{"name":"(anonymous_3)","decl":{"start":{"line":56,"column":22},"end":{"line":56,"column":23}},"loc":{"start":{"line":56,"column":42},"end":{"line":79,"column":1}},"line":56},"4":{"name":"(anonymous_4)","decl":{"start":{"line":62,"column":34},"end":{"line":62,"column":35}},"loc":{"start":{"line":62,"column":41},"end":{"line":62,"column":58}},"line":62},"5":{"name":"(anonymous_5)","decl":{"start":{"line":82,"column":42},"end":{"line":82,"column":43}},"loc":{"start":{"line":82,"column":62},"end":{"line":113,"column":1}},"line":82},"6":{"name":"(anonymous_6)","decl":{"start":{"line":89,"column":40},"end":{"line":89,"column":41}},"loc":{"start":{"line":89,"column":48},"end":{"line":89,"column":70}},"line":89},"7":{"name":"(anonymous_7)","decl":{"start":{"line":115,"column":47},"end":{"line":115,"column":48}},"loc":{"start":{"line":115,"column":67},"end":{"line":132,"column":1}},"line":115},"8":{"name":"(anonymous_8)","decl":{"start":{"line":121,"column":40},"end":{"line":121,"column":41}},"loc":{"start":{"line":121,"column":48},"end":{"line":121,"column":70}},"line":121},"9":{"name":"(anonymous_9)","decl":{"start":{"line":134,"column":24},"end":{"line":134,"column":25}},"loc":{"start":{"line":134,"column":44},"end":{"line":151,"column":1}},"line":134},"10":{"name":"(anonymous_10)","decl":{"start":{"line":139,"column":34},"end":{"line":139,"column":35}},"loc":{"start":{"line":139,"column":39},"end":{"line":139,"column":58}},"line":139}},"branchMap":{"0":{"loc":{"start":{"line":25,"column":2},"end":{"line":27,"column":3}},"type":"if","locations":[{"start":{"line":25,"column":2},"end":{"line":27,"column":3}},{"start":{},"end":{}}],"line":25},"1":{"loc":{"start":{"line":63,"column":2},"end":{"line":65,"column":3}},"type":"if","locations":[{"start":{"line":63,"column":2},"end":{"line":65,"column":3}},{"start":{},"end":{}}],"line":63},"2":{"loc":{"start":{"line":68,"column":2},"end":{"line":70,"column":3}},"type":"if","locations":[{"start":{"line":68,"column":2},"end":{"line":70,"column":3}},{"start":{},"end":{}}],"line":68},"3":{"loc":{"start":{"line":91,"column":2},"end":{"line":93,"column":3}},"type":"if","locations":[{"start":{"line":91,"column":2},"end":{"line":93,"column":3}},{"start":{},"end":{}}],"line":91},"4":{"loc":{"start":{"line":98,"column":2},"end":{"line":101,"column":3}},"type":"if","locations":[{"start":{"line":98,"column":2},"end":{"line":101,"column":3}},{"start":{},"end":{}}],"line":98},"5":{"loc":{"start":{"line":123,"column":2},"end":{"line":125,"column":3}},"type":"if","locations":[{"start":{"line":123,"column":2},"end":{"line":125,"column":3}},{"start":{},"end":{}}],"line":123},"6":{"loc":{"start":{"line":141,"column":2},"end":{"line":143,"column":3}},"type":"if","locations":[{"start":{"line":141,"column":2},"end":{"line":143,"column":3}},{"start":{},"end":{}}],"line":141}},"s":{"0":2,"1":2,"2":2,"3":1,"4":2,"5":2,"6":2,"7":2,"8":2,"9":2,"10":2,"11":1,"12":1,"13":1,"14":1,"15":1,"16":1,"17":1,"18":2,"19":3,"20":3,"21":3,"22":3,"23":3,"24":3,"25":1,"26":2,"27":2,"28":1,"29":1,"30":1,"31":2,"32":2,"33":2,"34":2,"35":2,"36":2,"37":2,"38":2,"39":1,"40":1,"41":1,"42":1,"43":1,"44":1,"45":1,"46":1,"47":1,"48":2,"49":2,"50":2,"51":2,"52":2,"53":2,"54":2,"55":1,"56":1,"57":1,"58":1,"59":2,"60":2,"61":2,"62":2,"63":2,"64":2,"65":2,"66":1,"67":1},"f":{"0":1,"1":2,"2":2,"3":3,"4":3,"5":2,"6":2,"7":2,"8":2,"9":2,"10":2},"b":{"0":[1,1],"1":[1,2],"2":[1,1],"3":[1,1],"4":[1,0],"5":[1,1],"6":[1,1]},"inputSourceMap":null,"_coverageSchema":"1a1c01bbd47fc00a2c39e90264f33305004495a9","hash":"2f3e601afbc3a60ec9f0ab17022331b6f41cc53c"}
,"C:\\Flashcard-app\\apps\\server\\routes\\flashcard.js": {"path":"C:\\Flashcard-app\\apps\\server\\routes\\flashcard.js","statementMap":{"0":{"start":{"line":5,"column":15},"end":{"line":5,"column":31}},"1":{"start":{"line":7,"column":0},"end":{"line":7,"column":30}},"2":{"start":{"line":10,"column":0},"end":{"line":10,"column":51}},"3":{"start":{"line":11,"column":0},"end":{"line":11,"column":51}},"4":{"start":{"line":12,"column":0},"end":{"line":12,"column":57}},"5":{"start":{"line":13,"column":0},"end":{"line":13,"column":54}},"6":{"start":{"line":14,"column":0},"end":{"line":14,"column":59}},"7":{"start":{"line":15,"column":0},"end":{"line":15,"column":73}},"8":{"start":{"line":16,"column":0},"end":{"line":16,"column":61}},"9":{"start":{"line":17,"column":0},"end":{"line":17,"column":60}}},"fnMap":{},"branchMap":{},"s":{"0":1,"1":1,"2":1,"3":1,"4":1,"5":1,"6":1,"7":1,"8":1,"9":1},"f":{},"b":{},"inputSourceMap":null,"_coverageSchema":"1a1c01bbd47fc00a2c39e90264f33305004495a9","hash":"9dd7d65067b94c44c09850252822b130b4fa81ba"}
}
