TN:
SF:apps\server\server.js
FN:23,(anonymous_0)
FN:45,(anonymous_1)
FN:47,(anonymous_2)
FN:52,(anonymous_3)
FN:60,(anonymous_4)
FN:66,(anonymous_5)
FN:72,(anonymous_6)
FN:81,(anonymous_7)
FN:101,(anonymous_8)
FN:102,(anonymous_9)
FN:105,(anonymous_10)
FNF:11
FNH:7
FNDA:1,(anonymous_0)
FNDA:1,(anonymous_1)
FNDA:1,(anonymous_2)
FNDA:2,(anonymous_3)
FNDA:0,(anonymous_4)
FNDA:1,(anonymous_5)
FNDA:1,(anonymous_6)
FNDA:1,(anonymous_7)
FNDA:0,(anonymous_8)
FNDA:0,(anonymous_9)
FNDA:0,(anonymous_10)
DA:11,1
DA:12,1
DA:15,1
DA:16,1
DA:19,1
DA:20,1
DA:23,1
DA:25,1
DA:26,1
DA:28,1
DA:29,1
DA:31,1
DA:32,1
DA:33,1
DA:34,1
DA:36,0
DA:37,0
DA:42,1
DA:45,1
DA:47,1
DA:48,1
DA:52,1
DA:53,2
DA:60,1
DA:61,0
DA:62,0
DA:66,1
DA:67,1
DA:68,1
DA:72,1
DA:73,1
DA:74,1
DA:76,0
DA:81,1
DA:82,1
DA:84,1
DA:85,1
DA:88,1
DA:89,1
DA:91,0
DA:92,0
DA:97,1
DA:100,1
DA:101,0
DA:102,0
DA:103,0
DA:106,0
DA:107,0
LF:48
LH:36
BRDA:16,0,0,1
BRDA:16,0,1,1
BRDA:73,1,0,1
BRDA:73,1,1,0
BRDA:73,2,0,1
BRDA:73,2,1,1
BRDA:73,2,2,1
BRDA:84,3,0,1
BRDA:84,3,1,0
BRDA:97,4,0,1
BRDA:97,4,1,1
BRDA:97,4,2,1
BRDA:100,5,0,0
BRDA:100,5,1,1
BRF:14
BRH:11
end_of_record
TN:
SF:apps\server\controllers\flashcardController.js
FN:3,(anonymous_0)
FN:28,(anonymous_1)
FN:35,(anonymous_2)
FN:60,(anonymous_3)
FN:66,(anonymous_4)
FN:81,(anonymous_5)
FN:86,(anonymous_6)
FN:101,(anonymous_7)
FN:109,(anonymous_8)
FN:114,(anonymous_9)
FN:124,(anonymous_10)
FN:138,(anonymous_11)
FN:145,(anonymous_12)
FN:146,(anonymous_13)
FN:152,(anonymous_14)
FN:162,(anonymous_15)
FNF:16
FNH:16
FNDA:2,(anonymous_0)
FNDA:3,(anonymous_1)
FNDA:8,(anonymous_2)
FNDA:3,(anonymous_3)
FNDA:9,(anonymous_4)
FNDA:3,(anonymous_5)
FNDA:8,(anonymous_6)
FNDA:6,(anonymous_7)
FNDA:19,(anonymous_8)
FNDA:3,(anonymous_9)
FNDA:10,(anonymous_10)
FNDA:3,(anonymous_11)
FNDA:8,(anonymous_12)
FNDA:6,(anonymous_13)
FNDA:2,(anonymous_14)
FNDA:2,(anonymous_15)
DA:3,2
DA:4,2
DA:5,2
DA:7,2
DA:9,2
DA:10,1
DA:13,1
DA:23,1
DA:24,1
DA:25,1
DA:28,2
DA:29,3
DA:30,3
DA:32,3
DA:33,3
DA:35,8
DA:36,3
DA:37,1
DA:41,2
DA:42,1
DA:45,1
DA:54,1
DA:55,1
DA:60,2
DA:61,3
DA:62,3
DA:64,3
DA:66,9
DA:67,3
DA:68,1
DA:72,2
DA:73,1
DA:76,1
DA:77,1
DA:78,1
DA:81,2
DA:82,3
DA:83,3
DA:85,3
DA:86,8
DA:88,3
DA:89,1
DA:93,2
DA:94,1
DA:97,1
DA:101,2
DA:102,6
DA:103,6
DA:106,6
DA:109,19
DA:111,6
DA:114,2
DA:115,3
DA:116,3
DA:118,3
DA:119,3
DA:121,3
DA:124,3
DA:125,10
DA:128,3
DA:130,3
DA:131,1
DA:134,2
DA:135,2
DA:138,2
DA:139,3
DA:140,3
DA:142,3
DA:145,8
DA:146,6
DA:148,3
DA:152,2
DA:153,2
DA:154,2
DA:156,2
DA:158,2
DA:159,1
DA:162,2
DA:168,1
DA:169,1
DA:171,1
LF:81
LH:81
BRDA:9,0,0,1
BRDA:9,0,1,1
BRDA:9,1,0,2
BRDA:9,1,1,2
BRDA:9,1,2,1
BRDA:36,2,0,1
BRDA:36,2,1,2
BRDA:41,3,0,1
BRDA:41,3,1,1
BRDA:41,4,0,2
BRDA:41,4,1,2
BRDA:67,5,0,1
BRDA:67,5,1,2
BRDA:72,6,0,1
BRDA:72,6,1,1
BRDA:72,7,0,2
BRDA:72,7,1,2
BRDA:88,8,0,1
BRDA:88,8,1,2
BRDA:93,9,0,1
BRDA:93,9,1,1
BRDA:93,10,0,2
BRDA:93,10,1,2
BRDA:109,11,0,6
BRDA:109,11,1,0
BRDA:125,12,0,10
BRDA:125,12,1,5
BRDA:125,12,2,5
BRDA:130,13,0,1
BRDA:130,13,1,2
BRDA:145,14,0,8
BRDA:145,14,1,8
BRDA:158,15,0,1
BRDA:158,15,1,1
BRF:34
BRH:33
end_of_record
TN:
SF:apps\server\middleware\auth.js
FN:3,(anonymous_0)
FN:9,(anonymous_1)
FNF:2
FNH:2
FNDA:10,(anonymous_0)
FNDA:6,(anonymous_1)
DA:3,2
DA:4,10
DA:5,10
DA:7,10
DA:9,6
DA:10,6
DA:11,5
DA:12,5
LF:8
LH:8
BRDA:5,0,0,10
BRDA:5,0,1,6
BRDA:7,1,0,4
BRDA:7,1,1,6
BRDA:10,2,0,1
BRDA:10,2,1,5
BRF:6
BRH:6
end_of_record
TN:
SF:apps\server\routes\auth.js
FN:13,(anonymous_0)
FN:18,(anonymous_1)
FN:24,(anonymous_2)
FN:56,(anonymous_3)
FN:62,(anonymous_4)
FN:82,(anonymous_5)
FN:89,(anonymous_6)
FN:115,(anonymous_7)
FN:121,(anonymous_8)
FN:134,(anonymous_9)
FN:139,(anonymous_10)
FNF:11
FNH:11
FNDA:1,(anonymous_0)
FNDA:2,(anonymous_1)
FNDA:2,(anonymous_2)
FNDA:3,(anonymous_3)
FNDA:3,(anonymous_4)
FNDA:2,(anonymous_5)
FNDA:2,(anonymous_6)
FNDA:2,(anonymous_7)
FNDA:2,(anonymous_8)
FNDA:2,(anonymous_9)
FNDA:2,(anonymous_10)
DA:7,2
DA:10,2
DA:13,2
DA:14,1
DA:18,2
DA:19,2
DA:20,2
DA:22,2
DA:24,2
DA:25,2
DA:26,1
DA:29,1
DA:31,1
DA:39,1
DA:40,1
DA:42,1
DA:48,1
DA:56,2
DA:57,3
DA:58,3
DA:60,3
DA:62,3
DA:63,3
DA:64,1
DA:67,2
DA:68,2
DA:69,1
DA:72,1
DA:78,1
DA:82,2
DA:83,2
DA:84,2
DA:86,2
DA:87,2
DA:89,2
DA:91,2
DA:92,1
DA:96,1
DA:98,1
DA:99,1
DA:100,1
DA:103,1
DA:104,1
DA:107,1
DA:109,1
DA:115,2
DA:116,2
DA:117,2
DA:119,2
DA:121,2
DA:123,2
DA:124,1
DA:127,1
DA:128,1
DA:130,1
DA:134,2
DA:135,2
DA:136,2
DA:138,2
DA:139,2
DA:141,2
DA:142,1
DA:145,1
LF:63
LH:63
BRDA:25,0,0,1
BRDA:25,0,1,1
BRDA:63,1,0,1
BRDA:63,1,1,2
BRDA:68,2,0,1
BRDA:68,2,1,1
BRDA:91,3,0,1
BRDA:91,3,1,1
BRDA:98,4,0,1
BRDA:98,4,1,0
BRDA:123,5,0,1
BRDA:123,5,1,1
BRDA:141,6,0,1
BRDA:141,6,1,1
BRF:14
BRH:13
end_of_record
TN:
SF:apps\server\routes\flashcard.js
FNF:0
FNH:0
DA:5,1
DA:7,1
DA:10,1
DA:11,1
DA:12,1
DA:13,1
DA:14,1
DA:15,1
DA:16,1
DA:17,1
LF:10
LH:10
BRF:0
BRH:0
end_of_record
