TN:
SF:apps\server\server.js
FN:40,(anonymous_0)
FN:62,(anonymous_1)
FN:68,(anonymous_2)
FN:75,(anonymous_3)
FN:80,(anonymous_4)
FN:88,(anonymous_5)
FN:96,(anonymous_6)
FN:102,(anonymous_7)
FN:108,(anonymous_8)
FN:113,(anonymous_9)
FN:125,(anonymous_10)
FN:145,(anonymous_11)
FN:146,(anonymous_12)
FN:150,(anonymous_13)
FNF:14
FNH:9
FNDA:1,(anonymous_0)
FNDA:5,(anonymous_1)
FNDA:1,(anonymous_2)
FNDA:1,(anonymous_3)
FNDA:2,(anonymous_4)
FNDA:0,(anonymous_5)
FNDA:0,(anonymous_6)
FNDA:1,(anonymous_7)
FNDA:1,(anonymous_8)
FNDA:1,(anonymous_9)
FNDA:1,(anonymous_10)
FNDA:0,(anonymous_11)
FNDA:0,(anonymous_12)
FNDA:0,(anonymous_13)
DA:13,1
DA:16,1
DA:17,1
DA:18,1
DA:22,1
DA:23,1
DA:26,1
DA:27,1
DA:30,1
DA:37,1
DA:40,1
DA:42,1
DA:43,1
DA:45,1
DA:46,1
DA:48,1
DA:49,1
DA:50,1
DA:51,1
DA:53,0
DA:54,0
DA:59,1
DA:62,1
DA:63,5
DA:64,5
DA:68,1
DA:70,1
DA:71,1
DA:75,1
DA:76,1
DA:80,1
DA:81,2
DA:88,1
DA:89,0
DA:96,1
DA:97,0
DA:98,0
DA:102,1
DA:103,1
DA:104,1
DA:108,1
DA:109,1
DA:113,1
DA:114,1
DA:116,1
DA:117,1
DA:120,0
DA:125,1
DA:126,1
DA:128,1
DA:129,1
DA:132,1
DA:133,1
DA:135,0
DA:136,0
DA:141,1
DA:144,1
DA:145,0
DA:146,0
DA:147,0
DA:148,0
DA:151,0
DA:152,0
LF:63
LH:49
BRDA:16,0,0,1
BRDA:16,0,1,0
BRDA:27,1,0,1
BRDA:27,1,1,1
BRDA:70,2,0,1
BRDA:70,2,1,0
BRDA:91,3,0,0
BRDA:91,3,1,0
BRDA:116,4,0,1
BRDA:116,4,1,0
BRDA:116,5,0,1
BRDA:116,5,1,1
BRDA:116,5,2,1
BRDA:128,6,0,1
BRDA:128,6,1,0
BRDA:141,7,0,1
BRDA:141,7,1,1
BRDA:141,7,2,1
BRDA:144,8,0,0
BRDA:144,8,1,1
BRDA:148,9,0,0
BRDA:148,9,1,0
BRF:22
BRH:13
end_of_record
TN:
SF:apps\server\controllers\flashcardController.js
FN:3,(anonymous_0)
FN:32,(anonymous_1)
FN:43,(anonymous_2)
FN:59,(anonymous_3)
FN:66,(anonymous_4)
FN:91,(anonymous_5)
FN:97,(anonymous_6)
FN:112,(anonymous_7)
FN:117,(anonymous_8)
FN:132,(anonymous_9)
FN:140,(anonymous_10)
FN:145,(anonymous_11)
FN:155,(anonymous_12)
FN:169,(anonymous_13)
FN:176,(anonymous_14)
FN:177,(anonymous_15)
FN:183,(anonymous_16)
FN:193,(anonymous_17)
FN:205,(anonymous_18)
FN:210,(anonymous_19)
FN:211,(anonymous_20)
FN:215,(anonymous_21)
FN:231,(anonymous_22)
FNF:23
FNH:23
FNDA:5,(anonymous_0)
FNDA:4,(anonymous_1)
FNDA:8,(anonymous_2)
FNDA:3,(anonymous_3)
FNDA:8,(anonymous_4)
FNDA:3,(anonymous_5)
FNDA:9,(anonymous_6)
FNDA:3,(anonymous_7)
FNDA:8,(anonymous_8)
FNDA:8,(anonymous_9)
FNDA:19,(anonymous_10)
FNDA:3,(anonymous_11)
FNDA:10,(anonymous_12)
FNDA:3,(anonymous_13)
FNDA:8,(anonymous_14)
FNDA:6,(anonymous_15)
FNDA:2,(anonymous_16)
FNDA:2,(anonymous_17)
FNDA:5,(anonymous_18)
FNDA:15,(anonymous_19)
FNDA:4,(anonymous_20)
FNDA:13,(anonymous_21)
FNDA:9,(anonymous_22)
DA:3,2
DA:4,5
DA:5,5
DA:7,5
DA:9,4
DA:10,1
DA:13,3
DA:24,3
DA:26,3
DA:27,3
DA:28,2
DA:29,2
DA:32,2
DA:33,4
DA:34,4
DA:36,4
DA:37,4
DA:39,4
DA:40,1
DA:43,8
DA:44,3
DA:45,1
DA:49,2
DA:50,1
DA:53,1
DA:54,1
DA:56,1
DA:59,2
DA:60,3
DA:61,3
DA:63,3
DA:64,3
DA:66,8
DA:67,3
DA:68,1
DA:72,2
DA:73,1
DA:76,1
DA:85,1
DA:86,1
DA:91,2
DA:92,3
DA:93,3
DA:95,3
DA:97,9
DA:98,3
DA:99,1
DA:103,2
DA:104,2
DA:107,0
DA:108,0
DA:109,0
DA:112,2
DA:113,3
DA:114,3
DA:116,3
DA:117,8
DA:119,3
DA:120,1
DA:124,2
DA:125,1
DA:128,1
DA:132,2
DA:133,8
DA:134,8
DA:137,7
DA:140,19
DA:142,7
DA:145,2
DA:146,3
DA:147,3
DA:149,3
DA:150,3
DA:152,3
DA:155,3
DA:156,10
DA:159,3
DA:161,3
DA:162,1
DA:165,2
DA:166,2
DA:169,2
DA:170,3
DA:171,3
DA:173,3
DA:176,8
DA:177,6
DA:179,3
DA:183,2
DA:184,2
DA:185,2
DA:187,2
DA:189,2
DA:190,1
DA:193,2
DA:199,1
DA:200,1
DA:202,1
DA:205,2
DA:206,5
DA:207,5
DA:209,5
DA:210,15
DA:211,5
DA:213,5
DA:215,5
DA:216,13
DA:217,13
DA:218,9
DA:225,13
DA:226,13
DA:227,13
DA:228,13
DA:231,9
DA:239,5
DA:240,4
DA:244,4
LF:117
LH:114
BRDA:9,0,0,1
BRDA:9,0,1,3
BRDA:9,1,0,4
BRDA:9,1,1,4
BRDA:9,1,2,3
BRDA:39,2,0,1
BRDA:39,2,1,3
BRDA:39,3,0,4
BRDA:39,3,1,4
BRDA:39,3,2,4
BRDA:44,4,0,1
BRDA:44,4,1,2
BRDA:49,5,0,1
BRDA:49,5,1,1
BRDA:49,6,0,2
BRDA:49,6,1,2
BRDA:67,7,0,1
BRDA:67,7,1,2
BRDA:72,8,0,1
BRDA:72,8,1,1
BRDA:72,9,0,2
BRDA:72,9,1,2
BRDA:98,10,0,1
BRDA:98,10,1,2
BRDA:103,11,0,2
BRDA:103,11,1,0
BRDA:103,12,0,2
BRDA:103,12,1,2
BRDA:119,13,0,1
BRDA:119,13,1,2
BRDA:124,14,0,1
BRDA:124,14,1,1
BRDA:124,15,0,2
BRDA:124,15,1,2
BRDA:140,16,0,7
BRDA:140,16,1,0
BRDA:156,17,0,10
BRDA:156,17,1,5
BRDA:156,17,2,5
BRDA:161,18,0,1
BRDA:161,18,1,2
BRDA:189,19,0,1
BRDA:189,19,1,1
BRDA:217,20,0,9
BRDA:217,20,1,4
BRDA:239,21,0,5
BRDA:239,21,1,0
BRDA:239,22,0,4
BRDA:239,22,1,0
BRDA:240,23,0,4
BRDA:240,23,1,0
BRDA:246,24,0,4
BRDA:246,24,1,0
BRDA:247,25,0,4
BRDA:247,25,1,0
BRF:55
BRH:48
end_of_record
TN:
SF:apps\server\middleware\auth.js
FN:3,(anonymous_0)
FNF:1
FNH:1
FNDA:19,(anonymous_0)
DA:3,3
DA:4,19
DA:5,19
DA:7,19
DA:8,6
DA:11,13
DA:13,13
DA:14,0
DA:18,13
DA:19,0
DA:21,0
DA:23,0
DA:25,13
DA:26,13
LF:14
LH:10
BRDA:7,0,0,6
BRDA:7,0,1,13
BRDA:13,1,0,0
BRDA:13,1,1,13
BRF:4
BRH:3
end_of_record
TN:
SF:apps\server\routes\auth.js
FN:13,(anonymous_0)
FN:17,(anonymous_1)
FN:22,(anonymous_2)
FN:28,(anonymous_3)
FN:62,(anonymous_4)
FN:68,(anonymous_5)
FN:88,(anonymous_6)
FN:95,(anonymous_7)
FN:121,(anonymous_8)
FN:127,(anonymous_9)
FN:139,(anonymous_10)
FN:144,(anonymous_11)
FN:158,(anonymous_12)
FN:166,(anonymous_13)
FN:194,(anonymous_14)
FN:199,(anonymous_15)
FNF:16
FNH:6
FNDA:0,(anonymous_0)
FNDA:0,(anonymous_1)
FNDA:3,(anonymous_2)
FNDA:3,(anonymous_3)
FNDA:4,(anonymous_4)
FNDA:3,(anonymous_5)
FNDA:0,(anonymous_6)
FNDA:0,(anonymous_7)
FNDA:0,(anonymous_8)
FNDA:0,(anonymous_9)
FNDA:2,(anonymous_10)
FNDA:2,(anonymous_11)
FNDA:0,(anonymous_12)
FNDA:0,(anonymous_13)
FNDA:0,(anonymous_14)
FNDA:0,(anonymous_15)
DA:7,2
DA:10,2
DA:13,2
DA:14,0
DA:17,2
DA:18,0
DA:22,2
DA:23,3
DA:24,3
DA:26,3
DA:28,3
DA:29,3
DA:30,1
DA:33,2
DA:35,2
DA:45,2
DA:46,2
DA:48,1
DA:54,1
DA:62,2
DA:63,4
DA:64,4
DA:66,3
DA:68,3
DA:69,3
DA:70,1
DA:73,2
DA:74,2
DA:75,1
DA:78,1
DA:84,1
DA:88,2
DA:89,0
DA:90,0
DA:92,0
DA:93,0
DA:95,0
DA:97,0
DA:98,0
DA:102,0
DA:104,0
DA:105,0
DA:106,0
DA:109,0
DA:110,0
DA:113,0
DA:115,0
DA:121,2
DA:122,0
DA:123,0
DA:125,0
DA:127,0
DA:129,0
DA:130,0
DA:133,0
DA:134,0
DA:136,0
DA:139,2
DA:140,2
DA:141,2
DA:143,2
DA:144,2
DA:146,2
DA:147,1
DA:150,1
DA:158,2
DA:159,0
DA:160,0
DA:161,0
DA:163,0
DA:164,0
DA:166,0
DA:167,0
DA:168,0
DA:174,0
DA:175,0
DA:177,0
DA:180,0
DA:182,0
DA:188,0
DA:194,2
DA:195,0
DA:196,0
DA:198,0
DA:199,0
DA:201,0
DA:202,0
DA:205,0
DA:206,0
DA:207,0
DA:208,0
DA:210,0
LF:92
LH:41
BRDA:29,0,0,1
BRDA:29,0,1,2
BRDA:69,1,0,1
BRDA:69,1,1,2
BRDA:74,2,0,1
BRDA:74,2,1,1
BRDA:97,3,0,0
BRDA:97,3,1,0
BRDA:104,4,0,0
BRDA:104,4,1,0
BRDA:129,5,0,0
BRDA:129,5,1,0
BRDA:146,6,0,1
BRDA:146,6,1,1
BRDA:167,7,0,0
BRDA:167,7,1,0
BRDA:174,8,0,0
BRDA:174,8,1,0
BRDA:175,9,0,0
BRDA:175,9,1,0
BRDA:177,10,0,0
BRDA:177,10,1,0
BRDA:201,11,0,0
BRDA:201,11,1,0
BRDA:205,12,0,0
BRDA:205,12,1,0
BRDA:206,13,0,0
BRDA:206,13,1,0
BRDA:208,14,0,0
BRDA:208,14,1,0
BRF:30
BRH:8
end_of_record
TN:
SF:apps\server\routes\flashcard.js
FNF:0
FNH:0
DA:5,1
DA:7,1
DA:9,1
DA:10,1
DA:11,1
DA:12,1
DA:13,1
DA:14,1
DA:15,1
DA:16,1
DA:17,1
DA:18,1
LF:12
LH:12
BRF:0
BRH:0
end_of_record
