{"C:\\Flashcard-app\\apps\\client\\src\\App.tsx": {"path":"C:\\Flashcard-app\\apps\\client\\src\\App.tsx","statementMap":{"0":{"start":{"line":1,"column":0},"end":{"line":1,"column":84}},"1":{"start":{"line":2,"column":0},"end":{"line":2,"column":53}},"2":{"start":{"line":3,"column":0},"end":{"line":3,"column":42}},"3":{"start":{"line":4,"column":0},"end":{"line":4,"column":50}},"4":{"start":{"line":5,"column":0},"end":{"line":5,"column":56}},"5":{"start":{"line":6,"column":0},"end":{"line":6,"column":48}},"6":{"start":{"line":7,"column":0},"end":{"line":7,"column":58}},"7":{"start":{"line":8,"column":0},"end":{"line":8,"column":52}},"8":{"start":{"line":9,"column":0},"end":{"line":9,"column":58}},"9":{"start":{"line":10,"column":0},"end":{"line":10,"column":54}},"10":{"start":{"line":11,"column":0},"end":{"line":11,"column":58}},"11":{"start":{"line":14,"column":2},"end":{"line":80,"column":4}},"12":{"start":{"line":83,"column":0},"end":{"line":83,"column":19}}},"fnMap":{"0":{"name":"App","decl":{"start":{"line":13,"column":9},"end":{"line":13,"column":12}},"loc":{"start":{"line":13,"column":12},"end":{"line":81,"column":1}}}},"branchMap":{},"s":{"0":1,"1":1,"2":1,"3":1,"4":1,"5":1,"6":1,"7":1,"8":1,"9":1,"10":1,"11":19,"12":1},"f":{"0":19},"b":{}}
,"C:\\Flashcard-app\\apps\\client\\src\\components\\Flashcard.tsx": {"path":"C:\\Flashcard-app\\apps\\client\\src\\components\\Flashcard.tsx","statementMap":{"0":{"start":{"line":1,"column":0},"end":{"line":1,"column":40}},"1":{"start":{"line":2,"column":0},"end":{"line":2,"column":20}},"2":{"start":{"line":3,"column":0},"end":{"line":3,"column":26}},"3":{"start":{"line":14,"column":44},"end":{"line":50,"column":1}},"4":{"start":{"line":22,"column":32},"end":{"line":22,"column":47}},"5":{"start":{"line":24,"column":2},"end":{"line":49,"column":4}},"6":{"start":{"line":27,"column":21},"end":{"line":27,"column":41}},"7":{"start":{"line":52,"column":0},"end":{"line":52,"column":25}}},"fnMap":{"0":{"name":"(anonymous_0)","decl":{"start":{"line":14,"column":44},"end":{"line":14,"column":45}},"loc":{"start":{"line":21,"column":5},"end":{"line":50,"column":1}}},"1":{"name":"(anonymous_1)","decl":{"start":{"line":27,"column":15},"end":{"line":27,"column":18}},"loc":{"start":{"line":27,"column":21},"end":{"line":27,"column":41}}}},"branchMap":{"0":{"loc":{"start":{"line":20,"column":2},"end":{"line":20,"column":17}},"type":"default-arg","locations":[{"start":{"line":20,"column":12},"end":{"line":20,"column":17}}]},"1":{"loc":{"start":{"line":31,"column":10},"end":{"line":31,"column":null}},"type":"cond-expr","locations":[{"start":{"line":31,"column":20},"end":{"line":31,"column":34}},{"start":{"line":31,"column":37},"end":{"line":31,"column":null}}]},"2":{"loc":{"start":{"line":44,"column":29},"end":{"line":44,"column":53}},"type":"cond-expr","locations":[{"start":{"line":44,"column":39},"end":{"line":44,"column":48}},{"start":{"line":44,"column":51},"end":{"line":44,"column":53}}]}},"s":{"0":1,"1":1,"2":1,"3":1,"4":14,"5":14,"6":7,"7":1},"f":{"0":14,"1":7},"b":{"0":[10],"1":[6,8],"2":[2,12]}}
,"C:\\Flashcard-app\\apps\\client\\src\\components\\Navbar.tsx": {"path":"C:\\Flashcard-app\\apps\\client\\src\\components\\Navbar.tsx","statementMap":{"0":{"start":{"line":2,"column":0},"end":{"line":2,"column":40}},"1":{"start":{"line":3,"column":0},"end":{"line":3,"column":47}},"2":{"start":{"line":4,"column":0},"end":{"line":4,"column":23}},"3":{"start":{"line":6,"column":25},"end":{"line":94,"column":1}},"4":{"start":{"line":7,"column":19},"end":{"line":7,"column":32}},"5":{"start":{"line":8,"column":34},"end":{"line":8,"column":49}},"6":{"start":{"line":10,"column":25},"end":{"line":13,"column":3}},"7":{"start":{"line":11,"column":4},"end":{"line":11,"column":19}},"8":{"start":{"line":12,"column":4},"end":{"line":12,"column":23}},"9":{"start":{"line":15,"column":23},"end":{"line":19,"column":3}},"10":{"start":{"line":16,"column":4},"end":{"line":16,"column":41}},"11":{"start":{"line":17,"column":4},"end":{"line":17,"column":23}},"12":{"start":{"line":18,"column":4},"end":{"line":18,"column":23}},"13":{"start":{"line":22,"column":2},"end":{"line":93,"column":4}},"14":{"start":{"line":26,"column":25},"end":{"line":26,"column":53}},"15":{"start":{"line":35,"column":27},"end":{"line":35,"column":49}},"16":{"start":{"line":60,"column":33},"end":{"line":60,"column":65}},"17":{"start":{"line":63,"column":33},"end":{"line":63,"column":56}},"18":{"start":{"line":66,"column":33},"end":{"line":66,"column":72}},"19":{"start":{"line":69,"column":33},"end":{"line":69,"column":57}},"20":{"start":{"line":72,"column":33},"end":{"line":72,"column":63}},"21":{"start":{"line":84,"column":33},"end":{"line":84,"column":65}},"22":{"start":{"line":85,"column":33},"end":{"line":85,"column":56}},"23":{"start":{"line":86,"column":33},"end":{"line":86,"column":72}},"24":{"start":{"line":87,"column":33},"end":{"line":87,"column":57}},"25":{"start":{"line":88,"column":33},"end":{"line":88,"column":63}},"26":{"start":{"line":96,"column":0},"end":{"line":96,"column":22}}},"fnMap":{"0":{"name":"(anonymous_0)","decl":{"start":{"line":6,"column":25},"end":{"line":6,"column":28}},"loc":{"start":{"line":6,"column":30},"end":{"line":94,"column":1}}},"1":{"name":"(anonymous_1)","decl":{"start":{"line":10,"column":25},"end":{"line":10,"column":26}},"loc":{"start":{"line":10,"column":42},"end":{"line":13,"column":3}}},"2":{"name":"(anonymous_2)","decl":{"start":{"line":15,"column":23},"end":{"line":15,"column":26}},"loc":{"start":{"line":15,"column":28},"end":{"line":19,"column":3}}},"3":{"name":"(anonymous_3)","decl":{"start":{"line":26,"column":19},"end":{"line":26,"column":22}},"loc":{"start":{"line":26,"column":25},"end":{"line":26,"column":53}}},"4":{"name":"(anonymous_4)","decl":{"start":{"line":35,"column":21},"end":{"line":35,"column":24}},"loc":{"start":{"line":35,"column":27},"end":{"line":35,"column":49}}},"5":{"name":"(anonymous_5)","decl":{"start":{"line":60,"column":27},"end":{"line":60,"column":30}},"loc":{"start":{"line":60,"column":33},"end":{"line":60,"column":65}}},"6":{"name":"(anonymous_6)","decl":{"start":{"line":63,"column":27},"end":{"line":63,"column":30}},"loc":{"start":{"line":63,"column":33},"end":{"line":63,"column":56}}},"7":{"name":"(anonymous_7)","decl":{"start":{"line":66,"column":27},"end":{"line":66,"column":30}},"loc":{"start":{"line":66,"column":33},"end":{"line":66,"column":72}}},"8":{"name":"(anonymous_8)","decl":{"start":{"line":69,"column":27},"end":{"line":69,"column":30}},"loc":{"start":{"line":69,"column":33},"end":{"line":69,"column":57}}},"9":{"name":"(anonymous_9)","decl":{"start":{"line":72,"column":27},"end":{"line":72,"column":30}},"loc":{"start":{"line":72,"column":33},"end":{"line":72,"column":63}}},"10":{"name":"(anonymous_10)","decl":{"start":{"line":84,"column":27},"end":{"line":84,"column":30}},"loc":{"start":{"line":84,"column":33},"end":{"line":84,"column":65}}},"11":{"name":"(anonymous_11)","decl":{"start":{"line":85,"column":27},"end":{"line":85,"column":30}},"loc":{"start":{"line":85,"column":33},"end":{"line":85,"column":56}}},"12":{"name":"(anonymous_12)","decl":{"start":{"line":86,"column":27},"end":{"line":86,"column":30}},"loc":{"start":{"line":86,"column":33},"end":{"line":86,"column":72}}},"13":{"name":"(anonymous_13)","decl":{"start":{"line":87,"column":27},"end":{"line":87,"column":30}},"loc":{"start":{"line":87,"column":33},"end":{"line":87,"column":57}}},"14":{"name":"(anonymous_14)","decl":{"start":{"line":88,"column":27},"end":{"line":88,"column":30}},"loc":{"start":{"line":88,"column":33},"end":{"line":88,"column":63}}}},"branchMap":{"0":{"loc":{"start":{"line":49,"column":18},"end":{"line":51,"column":47}},"type":"cond-expr","locations":[{"start":{"line":50,"column":22},"end":{"line":50,"column":44}},{"start":{"line":51,"column":22},"end":{"line":51,"column":47}}]},"1":{"loc":{"start":{"line":82,"column":7},"end":{"line":90,"column":null}},"type":"binary-expr","locations":[{"start":{"line":82,"column":7},"end":{"line":82,"column":15}},{"start":{"line":83,"column":8},"end":{"line":89,"column":null}}]}},"s":{"0":1,"1":1,"2":1,"3":1,"4":7,"5":7,"6":7,"7":6,"8":6,"9":7,"10":1,"11":1,"12":1,"13":7,"14":1,"15":2,"16":1,"17":1,"18":1,"19":1,"20":1,"21":0,"22":0,"23":0,"24":0,"25":0,"26":1},"f":{"0":7,"1":6,"2":1,"3":1,"4":2,"5":1,"6":1,"7":1,"8":1,"9":1,"10":0,"11":0,"12":0,"13":0,"14":0},"b":{"0":[1,6],"1":[7,1]}}
,"C:\\Flashcard-app\\apps\\client\\src\\components\\PrivateRoute.tsx": {"path":"C:\\Flashcard-app\\apps\\client\\src\\components\\PrivateRoute.tsx","statementMap":{"0":{"start":{"line":2,"column":0},"end":{"line":2,"column":44}},"1":{"start":{"line":10,"column":50},"end":{"line":18,"column":1}},"2":{"start":{"line":11,"column":16},"end":{"line":11,"column":49}},"3":{"start":{"line":13,"column":2},"end":{"line":15,"column":3}},"4":{"start":{"line":14,"column":4},"end":{"line":14,"column":44}},"5":{"start":{"line":17,"column":2},"end":{"line":17,"column":18}},"6":{"start":{"line":20,"column":0},"end":{"line":20,"column":28}}},"fnMap":{"0":{"name":"(anonymous_0)","decl":{"start":{"line":10,"column":50},"end":{"line":10,"column":51}},"loc":{"start":{"line":10,"column":67},"end":{"line":18,"column":1}}}},"branchMap":{"0":{"loc":{"start":{"line":13,"column":2},"end":{"line":15,"column":3}},"type":"if","locations":[{"start":{"line":13,"column":2},"end":{"line":15,"column":3}}]}},"s":{"0":1,"1":1,"2":4,"3":4,"4":2,"5":2,"6":1},"f":{"0":4},"b":{"0":[2]}}
,"C:\\Flashcard-app\\apps\\client\\src\\pages\\AddFlashcardPage.tsx": {"path":"C:\\Flashcard-app\\apps\\client\\src\\pages\\AddFlashcardPage.tsx","statementMap":{"0":{"start":{"line":1,"column":0},"end":{"line":1,"column":40}},"1":{"start":{"line":2,"column":0},"end":{"line":2,"column":48}},"2":{"start":{"line":3,"column":0},"end":{"line":3,"column":42}},"3":{"start":{"line":15,"column":35},"end":{"line":172,"column":1}},"4":{"start":{"line":16,"column":34},"end":{"line":16,"column":46}},"5":{"start":{"line":17,"column":30},"end":{"line":17,"column":42}},"6":{"start":{"line":18,"column":34},"end":{"line":18,"column":46}},"7":{"start":{"line":19,"column":38},"end":{"line":19,"column":50}},"8":{"start":{"line":20,"column":38},"end":{"line":20,"column":50}},"9":{"start":{"line":21,"column":32},"end":{"line":21,"column":44}},"10":{"start":{"line":22,"column":38},"end":{"line":22,"column":67}},"11":{"start":{"line":24,"column":23},"end":{"line":81,"column":2}},"12":{"start":{"line":24,"column":52},"end":{"line":81,"column":2}},"13":{"start":{"line":25,"column":2},"end":{"line":25,"column":21}},"14":{"start":{"line":26,"column":2},"end":{"line":26,"column":17}},"15":{"start":{"line":28,"column":23},"end":{"line":33,"column":4}},"16":{"start":{"line":35,"column":22},"end":{"line":36,"column":null}},"17":{"start":{"line":36,"column":20},"end":{"line":36,"column":60}},"18":{"start":{"line":39,"column":2},"end":{"line":42,"column":3}},"19":{"start":{"line":40,"column":4},"end":{"line":40,"column":79}},"20":{"start":{"line":41,"column":4},"end":{"line":41,"column":11}},"21":{"start":{"line":44,"column":2},"end":{"line":80,"column":3}},"22":{"start":{"line":46,"column":18},"end":{"line":46,"column":51}},"23":{"start":{"line":48,"column":21},"end":{"line":56,"column":4}},"24":{"start":{"line":57,"column":4},"end":{"line":76,"column":5}},"25":{"start":{"line":58,"column":19},"end":{"line":58,"column":40}},"26":{"start":{"line":59,"column":6},"end":{"line":59,"column":35}},"27":{"start":{"line":60,"column":6},"end":{"line":66,"column":10}},"28":{"start":{"line":60,"column":28},"end":{"line":66,"column":8}},"29":{"start":{"line":67,"column":6},"end":{"line":67,"column":22}},"30":{"start":{"line":68,"column":6},"end":{"line":68,"column":20}},"31":{"start":{"line":69,"column":6},"end":{"line":69,"column":22}},"32":{"start":{"line":70,"column":6},"end":{"line":70,"column":24}},"33":{"start":{"line":71,"column":6},"end":{"line":71,"column":24}},"34":{"start":{"line":74,"column":24},"end":{"line":74,"column":63}},"35":{"start":{"line":74,"column":59},"end":{"line":74,"column":61}},"36":{"start":{"line":75,"column":6},"end":{"line":75,"column":95}},"37":{"start":{"line":78,"column":4},"end":{"line":78,"column":52}},"38":{"start":{"line":79,"column":4},"end":{"line":79,"column":46}},"39":{"start":{"line":83,"column":0},"end":{"line":170,"column":2}},"40":{"start":{"line":104,"column":25},"end":{"line":104,"column":52}},"41":{"start":{"line":112,"column":25},"end":{"line":112,"column":50}},"42":{"start":{"line":120,"column":25},"end":{"line":120,"column":52}},"43":{"start":{"line":126,"column":25},"end":{"line":126,"column":54}},"44":{"start":{"line":137,"column":25},"end":{"line":137,"column":54}},"45":{"start":{"line":174,"column":0},"end":{"line":174,"column":32}}},"fnMap":{"0":{"name":"(anonymous_8)","decl":{"start":{"line":15,"column":35},"end":{"line":15,"column":38}},"loc":{"start":{"line":15,"column":40},"end":{"line":172,"column":1}}},"1":{"name":"(anonymous_9)","decl":{"start":{"line":24,"column":23},"end":{"line":24,"column":30}},"loc":{"start":{"line":24,"column":52},"end":{"line":81,"column":2}}},"2":{"name":"(anonymous_10)","decl":{"start":{"line":24,"column":52},"end":{"line":24,"column":null}},"loc":{"start":{"line":24,"column":52},"end":{"line":81,"column":1}}},"3":{"name":"(anonymous_11)","decl":{"start":{"line":36,"column":4},"end":{"line":36,"column":5}},"loc":{"start":{"line":36,"column":20},"end":{"line":36,"column":60}}},"4":{"name":"(anonymous_12)","decl":{"start":{"line":60,"column":20},"end":{"line":60,"column":24}},"loc":{"start":{"line":60,"column":28},"end":{"line":66,"column":8}}},"5":{"name":"(anonymous_13)","decl":{"start":{"line":74,"column":52},"end":{"line":74,"column":55}},"loc":{"start":{"line":74,"column":59},"end":{"line":74,"column":61}}},"6":{"name":"(anonymous_14)","decl":{"start":{"line":104,"column":20},"end":{"line":104,"column":21}},"loc":{"start":{"line":104,"column":25},"end":{"line":104,"column":52}}},"7":{"name":"(anonymous_15)","decl":{"start":{"line":112,"column":20},"end":{"line":112,"column":21}},"loc":{"start":{"line":112,"column":25},"end":{"line":112,"column":50}}},"8":{"name":"(anonymous_16)","decl":{"start":{"line":120,"column":20},"end":{"line":120,"column":21}},"loc":{"start":{"line":120,"column":25},"end":{"line":120,"column":52}}},"9":{"name":"(anonymous_17)","decl":{"start":{"line":126,"column":20},"end":{"line":126,"column":21}},"loc":{"start":{"line":126,"column":25},"end":{"line":126,"column":54}}},"10":{"name":"(anonymous_18)","decl":{"start":{"line":137,"column":20},"end":{"line":137,"column":21}},"loc":{"start":{"line":137,"column":25},"end":{"line":137,"column":54}}}},"branchMap":{"0":{"loc":{"start":{"line":36,"column":20},"end":{"line":36,"column":60}},"type":"binary-expr","locations":[{"start":{"line":36,"column":20},"end":{"line":36,"column":38}},{"start":{"line":36,"column":42},"end":{"line":36,"column":60}}]},"1":{"loc":{"start":{"line":39,"column":2},"end":{"line":42,"column":3}},"type":"if","locations":[{"start":{"line":39,"column":2},"end":{"line":42,"column":3}}]},"2":{"loc":{"start":{"line":57,"column":4},"end":{"line":76,"column":5}},"type":"if","locations":[{"start":{"line":57,"column":4},"end":{"line":76,"column":5}},{"start":{"line":72,"column":11},"end":{"line":76,"column":5}}]},"3":{"loc":{"start":{"line":75,"column":51},"end":{"line":75,"column":91}},"type":"binary-expr","locations":[{"start":{"line":75,"column":51},"end":{"line":75,"column":68}},{"start":{"line":75,"column":72},"end":{"line":75,"column":91}}]},"4":{"loc":{"start":{"line":153,"column":9},"end":{"line":153,"column":68}},"type":"binary-expr","locations":[{"start":{"line":153,"column":9},"end":{"line":153,"column":16}},{"start":{"line":153,"column":20},"end":{"line":153,"column":68}}]},"5":{"loc":{"start":{"line":158,"column":9},"end":{"line":165,"column":null}},"type":"binary-expr","locations":[{"start":{"line":158,"column":9},"end":{"line":158,"column":30}},{"start":{"line":159,"column":10},"end":{"line":164,"column":null}}]}},"s":{"0":0,"1":0,"2":0,"3":0,"4":0,"5":0,"6":0,"7":0,"8":0,"9":0,"10":0,"11":0,"12":0,"13":0,"14":0,"15":0,"16":0,"17":0,"18":0,"19":0,"20":0,"21":0,"22":0,"23":0,"24":0,"25":0,"26":0,"27":0,"28":0,"29":0,"30":0,"31":0,"32":0,"33":0,"34":0,"35":0,"36":0,"37":0,"38":0,"39":0,"40":0,"41":0,"42":0,"43":0,"44":0,"45":0},"f":{"0":0,"1":0,"2":0,"3":0,"4":0,"5":0,"6":0,"7":0,"8":0,"9":0,"10":0},"b":{"0":[0,0],"1":[0],"2":[0,0],"3":[0,0],"4":[0,0],"5":[0,0]}}
,"C:\\Flashcard-app\\apps\\client\\src\\pages\\AddSetsFlashcards.tsx": {"path":"C:\\Flashcard-app\\apps\\client\\src\\pages\\AddSetsFlashcards.tsx","statementMap":{"0":{"start":{"line":1,"column":0},"end":{"line":1,"column":38}},"1":{"start":{"line":2,"column":0},"end":{"line":2,"column":26}},"2":{"start":{"line":3,"column":0},"end":{"line":3,"column":47}},"3":{"start":{"line":4,"column":0},"end":{"line":4,"column":42}},"4":{"start":{"line":15,"column":36},"end":{"line":228,"column":1}},"5":{"start":{"line":16,"column":38},"end":{"line":18,"column":6}},"6":{"start":{"line":19,"column":44},"end":{"line":19,"column":55}},"7":{"start":{"line":20,"column":44},"end":{"line":20,"column":59}},"8":{"start":{"line":21,"column":30},"end":{"line":21,"column":59}},"9":{"start":{"line":23,"column":21},"end":{"line":23,"column":34}},"10":{"start":{"line":25,"column":29},"end":{"line":32,"column":5}},"11":{"start":{"line":26,"column":24},"end":{"line":26,"column":38}},"12":{"start":{"line":27,"column":8},"end":{"line":30,"column":10}},"13":{"start":{"line":31,"column":8},"end":{"line":31,"column":30}},"14":{"start":{"line":34,"column":23},"end":{"line":50,"column":5}},"15":{"start":{"line":36,"column":8},"end":{"line":39,"column":9}},"16":{"start":{"line":37,"column":12},"end":{"line":37,"column":78}},"17":{"start":{"line":38,"column":12},"end":{"line":38,"column":19}},"18":{"start":{"line":41,"column":8},"end":{"line":41,"column":23}},"19":{"start":{"line":43,"column":8},"end":{"line":48,"column":9}},"20":{"start":{"line":44,"column":12},"end":{"line":47,"column":15}},"21":{"start":{"line":44,"column":33},"end":{"line":47,"column":14}},"22":{"start":{"line":49,"column":8},"end":{"line":49,"column":42}},"23":{"start":{"line":49,"column":32},"end":{"line":49,"column":40}},"24":{"start":{"line":52,"column":27},"end":{"line":57,"column":5}},"25":{"start":{"line":53,"column":8},"end":{"line":56,"column":9}},"26":{"start":{"line":54,"column":12},"end":{"line":54,"column":46}},"27":{"start":{"line":54,"column":36},"end":{"line":54,"column":44}},"28":{"start":{"line":55,"column":12},"end":{"line":55,"column":27}},"29":{"start":{"line":59,"column":25},"end":{"line":61,"column":5}},"30":{"start":{"line":60,"column":8},"end":{"line":60,"column":103}},"31":{"start":{"line":63,"column":29},"end":{"line":107,"column":6}},"32":{"start":{"line":63,"column":58},"end":{"line":107,"column":6}},"33":{"start":{"line":64,"column":8},"end":{"line":64,"column":27}},"34":{"start":{"line":67,"column":8},"end":{"line":70,"column":9}},"35":{"start":{"line":68,"column":12},"end":{"line":68,"column":72}},"36":{"start":{"line":69,"column":12},"end":{"line":69,"column":19}},"37":{"start":{"line":73,"column":27},"end":{"line":74,"column":null}},"38":{"start":{"line":74,"column":12},"end":{"line":74,"column":95}},"39":{"start":{"line":77,"column":8},"end":{"line":80,"column":9}},"40":{"start":{"line":78,"column":12},"end":{"line":78,"column":58}},"41":{"start":{"line":79,"column":12},"end":{"line":79,"column":19}},"42":{"start":{"line":82,"column":8},"end":{"line":82,"column":30}},"43":{"start":{"line":83,"column":8},"end":{"line":83,"column":23}},"44":{"start":{"line":85,"column":8},"end":{"line":106,"column":9}},"45":{"start":{"line":86,"column":26},"end":{"line":86,"column":59}},"46":{"start":{"line":88,"column":12},"end":{"line":92,"column":13}},"47":{"start":{"line":89,"column":16},"end":{"line":89,"column":93}},"48":{"start":{"line":90,"column":16},"end":{"line":90,"column":39}},"49":{"start":{"line":91,"column":16},"end":{"line":91,"column":23}},"50":{"start":{"line":95,"column":12},"end":{"line":99,"column":15}},"51":{"start":{"line":101,"column":12},"end":{"line":101,"column":46}},"52":{"start":{"line":103,"column":12},"end":{"line":103,"column":69}},"53":{"start":{"line":104,"column":12},"end":{"line":104,"column":85}},"54":{"start":{"line":105,"column":12},"end":{"line":105,"column":35}},"55":{"start":{"line":109,"column":24},"end":{"line":109,"column":47}},"56":{"start":{"line":111,"column":4},"end":{"line":227,"column":6}},"57":{"start":{"line":136,"column":45},"end":{"line":136,"column":103}},"58":{"start":{"line":148,"column":45},"end":{"line":148,"column":101}},"59":{"start":{"line":160,"column":45},"end":{"line":160,"column":103}},"60":{"start":{"line":170,"column":45},"end":{"line":170,"column":105}},"61":{"start":{"line":185,"column":45},"end":{"line":185,"column":105}},"62":{"start":{"line":230,"column":0},"end":{"line":230,"column":33}}},"fnMap":{"0":{"name":"(anonymous_8)","decl":{"start":{"line":15,"column":36},"end":{"line":15,"column":39}},"loc":{"start":{"line":15,"column":41},"end":{"line":228,"column":1}}},"1":{"name":"(anonymous_9)","decl":{"start":{"line":25,"column":29},"end":{"line":25,"column":30}},"loc":{"start":{"line":25,"column":86},"end":{"line":32,"column":5}}},"2":{"name":"(anonymous_10)","decl":{"start":{"line":34,"column":23},"end":{"line":34,"column":26}},"loc":{"start":{"line":34,"column":28},"end":{"line":50,"column":5}}},"3":{"name":"(anonymous_11)","decl":{"start":{"line":44,"column":25},"end":{"line":44,"column":29}},"loc":{"start":{"line":44,"column":33},"end":{"line":47,"column":14}}},"4":{"name":"(anonymous_12)","decl":{"start":{"line":49,"column":24},"end":{"line":49,"column":28}},"loc":{"start":{"line":49,"column":32},"end":{"line":49,"column":40}}},"5":{"name":"(anonymous_13)","decl":{"start":{"line":52,"column":27},"end":{"line":52,"column":30}},"loc":{"start":{"line":52,"column":32},"end":{"line":57,"column":5}}},"6":{"name":"(anonymous_14)","decl":{"start":{"line":54,"column":28},"end":{"line":54,"column":32}},"loc":{"start":{"line":54,"column":36},"end":{"line":54,"column":44}}},"7":{"name":"(anonymous_15)","decl":{"start":{"line":59,"column":25},"end":{"line":59,"column":26}},"loc":{"start":{"line":59,"column":54},"end":{"line":61,"column":5}}},"8":{"name":"(anonymous_16)","decl":{"start":{"line":63,"column":29},"end":{"line":63,"column":36}},"loc":{"start":{"line":63,"column":58},"end":{"line":107,"column":6}}},"9":{"name":"(anonymous_17)","decl":{"start":{"line":63,"column":58},"end":{"line":63,"column":null}},"loc":{"start":{"line":63,"column":58},"end":{"line":107,"column":5}}},"10":{"name":"(anonymous_18)","decl":{"start":{"line":73,"column":44},"end":{"line":73,"column":48}},"loc":{"start":{"line":74,"column":12},"end":{"line":74,"column":95}}},"11":{"name":"(anonymous_19)","decl":{"start":{"line":136,"column":38},"end":{"line":136,"column":39}},"loc":{"start":{"line":136,"column":45},"end":{"line":136,"column":103}}},"12":{"name":"(anonymous_20)","decl":{"start":{"line":148,"column":38},"end":{"line":148,"column":39}},"loc":{"start":{"line":148,"column":45},"end":{"line":148,"column":101}}},"13":{"name":"(anonymous_21)","decl":{"start":{"line":160,"column":38},"end":{"line":160,"column":39}},"loc":{"start":{"line":160,"column":45},"end":{"line":160,"column":103}}},"14":{"name":"(anonymous_22)","decl":{"start":{"line":170,"column":38},"end":{"line":170,"column":39}},"loc":{"start":{"line":170,"column":45},"end":{"line":170,"column":105}}},"15":{"name":"(anonymous_23)","decl":{"start":{"line":185,"column":38},"end":{"line":185,"column":39}},"loc":{"start":{"line":185,"column":45},"end":{"line":185,"column":105}}}},"branchMap":{"0":{"loc":{"start":{"line":36,"column":8},"end":{"line":39,"column":9}},"type":"if","locations":[{"start":{"line":36,"column":8},"end":{"line":39,"column":9}}]},"1":{"loc":{"start":{"line":43,"column":8},"end":{"line":48,"column":9}},"type":"if","locations":[{"start":{"line":43,"column":8},"end":{"line":48,"column":9}}]},"2":{"loc":{"start":{"line":53,"column":8},"end":{"line":56,"column":9}},"type":"if","locations":[{"start":{"line":53,"column":8},"end":{"line":56,"column":9}}]},"3":{"loc":{"start":{"line":60,"column":18},"end":{"line":60,"column":101}},"type":"binary-expr","locations":[{"start":{"line":60,"column":18},"end":{"line":60,"column":31}},{"start":{"line":60,"column":35},"end":{"line":60,"column":46}},{"start":{"line":60,"column":50},"end":{"line":60,"column":63}},{"start":{"line":60,"column":67},"end":{"line":60,"column":82}},{"start":{"line":60,"column":86},"end":{"line":60,"column":101}}]},"4":{"loc":{"start":{"line":67,"column":8},"end":{"line":70,"column":9}},"type":"if","locations":[{"start":{"line":67,"column":8},"end":{"line":70,"column":9}}]},"5":{"loc":{"start":{"line":74,"column":12},"end":{"line":74,"column":95}},"type":"binary-expr","locations":[{"start":{"line":74,"column":12},"end":{"line":74,"column":25}},{"start":{"line":74,"column":29},"end":{"line":74,"column":40}},{"start":{"line":74,"column":44},"end":{"line":74,"column":57}},{"start":{"line":74,"column":61},"end":{"line":74,"column":76}},{"start":{"line":74,"column":80},"end":{"line":74,"column":95}}]},"6":{"loc":{"start":{"line":77,"column":8},"end":{"line":80,"column":9}},"type":"if","locations":[{"start":{"line":77,"column":8},"end":{"line":80,"column":9}}]},"7":{"loc":{"start":{"line":88,"column":12},"end":{"line":92,"column":13}},"type":"if","locations":[{"start":{"line":88,"column":12},"end":{"line":92,"column":13}}]},"8":{"loc":{"start":{"line":116,"column":13},"end":{"line":119,"column":null}},"type":"binary-expr","locations":[{"start":{"line":116,"column":13},"end":{"line":116,"column":18}},{"start":{"line":117,"column":16},"end":{"line":118,"column":null}}]},"9":{"loc":{"start":{"line":222,"column":25},"end":{"line":222,"column":77}},"type":"cond-expr","locations":[{"start":{"line":222,"column":40},"end":{"line":222,"column":56}},{"start":{"line":222,"column":59},"end":{"line":222,"column":77}}]}},"s":{"0":0,"1":0,"2":0,"3":0,"4":0,"5":0,"6":0,"7":0,"8":0,"9":0,"10":0,"11":0,"12":0,"13":0,"14":0,"15":0,"16":0,"17":0,"18":0,"19":0,"20":0,"21":0,"22":0,"23":0,"24":0,"25":0,"26":0,"27":0,"28":0,"29":0,"30":0,"31":0,"32":0,"33":0,"34":0,"35":0,"36":0,"37":0,"38":0,"39":0,"40":0,"41":0,"42":0,"43":0,"44":0,"45":0,"46":0,"47":0,"48":0,"49":0,"50":0,"51":0,"52":0,"53":0,"54":0,"55":0,"56":0,"57":0,"58":0,"59":0,"60":0,"61":0,"62":0},"f":{"0":0,"1":0,"2":0,"3":0,"4":0,"5":0,"6":0,"7":0,"8":0,"9":0,"10":0,"11":0,"12":0,"13":0,"14":0,"15":0},"b":{"0":[0],"1":[0],"2":[0],"3":[0,0,0,0,0],"4":[0],"5":[0,0,0,0,0],"6":[0],"7":[0],"8":[0,0],"9":[0,0]}}
,"C:\\Flashcard-app\\apps\\client\\src\\pages\\DashboardPage.tsx": {"path":"C:\\Flashcard-app\\apps\\client\\src\\pages\\DashboardPage.tsx","statementMap":{"0":{"start":{"line":2,"column":0},"end":{"line":2,"column":22}},"1":{"start":{"line":3,"column":0},"end":{"line":3,"column":42}},"2":{"start":{"line":5,"column":32},"end":{"line":17,"column":1}},"3":{"start":{"line":7,"column":1},"end":{"line":16,"column":2}},"4":{"start":{"line":19,"column":0},"end":{"line":19,"column":29}}},"fnMap":{"0":{"name":"(anonymous_1)","decl":{"start":{"line":5,"column":32},"end":{"line":5,"column":35}},"loc":{"start":{"line":5,"column":37},"end":{"line":17,"column":1}}}},"branchMap":{},"s":{"0":0,"1":0,"2":0,"3":0,"4":0},"f":{"0":0},"b":{}}
,"C:\\Flashcard-app\\apps\\client\\src\\pages\\EditFlashcardPage.tsx": {"path":"C:\\Flashcard-app\\apps\\client\\src\\pages\\EditFlashcardPage.tsx","statementMap":{"0":{"start":{"line":2,"column":0},"end":{"line":2,"column":42}},"1":{"start":{"line":4,"column":36},"end":{"line":13,"column":1}},"2":{"start":{"line":7,"column":4},"end":{"line":12,"column":6}},"3":{"start":{"line":16,"column":0},"end":{"line":16,"column":33}}},"fnMap":{"0":{"name":"(anonymous_1)","decl":{"start":{"line":4,"column":36},"end":{"line":4,"column":39}},"loc":{"start":{"line":4,"column":41},"end":{"line":13,"column":1}}}},"branchMap":{},"s":{"0":0,"1":0,"2":0,"3":0},"f":{"0":0},"b":{}}
,"C:\\Flashcard-app\\apps\\client\\src\\pages\\GuessFlashcard.tsx": {"path":"C:\\Flashcard-app\\apps\\client\\src\\pages\\GuessFlashcard.tsx","statementMap":{"0":{"start":{"line":1,"column":0},"end":{"line":1,"column":51}},"1":{"start":{"line":2,"column":0},"end":{"line":2,"column":42}},"2":{"start":{"line":3,"column":0},"end":{"line":3,"column":48}},"3":{"start":{"line":15,"column":33},"end":{"line":171,"column":1}},"4":{"start":{"line":16,"column":38},"end":{"line":16,"column":63}},"5":{"start":{"line":17,"column":50},"end":{"line":17,"column":62}},"6":{"start":{"line":18,"column":40},"end":{"line":18,"column":72}},"7":{"start":{"line":19,"column":36},"end":{"line":19,"column":48}},"8":{"start":{"line":20,"column":34},"end":{"line":20,"column":46}},"9":{"start":{"line":21,"column":36},"end":{"line":21,"column":47}},"10":{"start":{"line":22,"column":32},"end":{"line":22,"column":46}},"11":{"start":{"line":23,"column":42},"end":{"line":23,"column":53}},"12":{"start":{"line":24,"column":45},"end":{"line":24,"column":56}},"13":{"start":{"line":28,"column":0},"end":{"line":52,"column":7}},"14":{"start":{"line":29,"column":16},"end":{"line":29,"column":49}},"15":{"start":{"line":31,"column":2},"end":{"line":34,"column":3}},"16":{"start":{"line":32,"column":4},"end":{"line":32,"column":51}},"17":{"start":{"line":33,"column":4},"end":{"line":33,"column":11}},"18":{"start":{"line":36,"column":2},"end":{"line":51,"column":68}},"19":{"start":{"line":42,"column":6},"end":{"line":44,"column":7}},"20":{"start":{"line":43,"column":8},"end":{"line":43,"column":61}},"21":{"start":{"line":45,"column":6},"end":{"line":45,"column":24}},"22":{"start":{"line":48,"column":6},"end":{"line":48,"column":44}},"23":{"start":{"line":49,"column":6},"end":{"line":49,"column":43}},"24":{"start":{"line":51,"column":18},"end":{"line":51,"column":66}},"25":{"start":{"line":55,"column":21},"end":{"line":55,"column":79}},"26":{"start":{"line":55,"column":63},"end":{"line":55,"column":76}},"27":{"start":{"line":57,"column":31},"end":{"line":67,"column":3}},"28":{"start":{"line":58,"column":21},"end":{"line":58,"column":35}},"29":{"start":{"line":59,"column":4},"end":{"line":59,"column":34}},"30":{"start":{"line":60,"column":18},"end":{"line":60,"column":71}},"31":{"start":{"line":60,"column":44},"end":{"line":60,"column":70}},"32":{"start":{"line":61,"column":4},"end":{"line":61,"column":null}},"33":{"start":{"line":62,"column":4},"end":{"line":62,"column":29}},"34":{"start":{"line":63,"column":4},"end":{"line":63,"column":21}},"35":{"start":{"line":64,"column":4},"end":{"line":64,"column":20}},"36":{"start":{"line":65,"column":4},"end":{"line":65,"column":21}},"37":{"start":{"line":69,"column":22},"end":{"line":106,"column":3}},"38":{"start":{"line":70,"column":4},"end":{"line":70,"column":29}},"39":{"start":{"line":70,"column":22},"end":{"line":70,"column":29}},"40":{"start":{"line":72,"column":22},"end":{"line":72,"column":101}},"41":{"start":{"line":74,"column":4},"end":{"line":78,"column":5}},"42":{"start":{"line":75,"column":6},"end":{"line":75,"column":40}},"43":{"start":{"line":75,"column":30},"end":{"line":75,"column":38}},"44":{"start":{"line":77,"column":6},"end":{"line":77,"column":41}},"45":{"start":{"line":77,"column":31},"end":{"line":77,"column":39}},"46":{"start":{"line":80,"column":30},"end":{"line":86,"column":6}},"47":{"start":{"line":81,"column":6},"end":{"line":84,"column":7}},"48":{"start":{"line":82,"column":23},"end":{"line":82,"column":69}},"49":{"start":{"line":83,"column":8},"end":{"line":83,"column":38}},"50":{"start":{"line":85,"column":6},"end":{"line":85,"column":18}},"51":{"start":{"line":88,"column":4},"end":{"line":88,"column":37}},"52":{"start":{"line":89,"column":4},"end":{"line":89,"column":60}},"53":{"start":{"line":90,"column":4},"end":{"line":90,"column":27}},"54":{"start":{"line":92,"column":4},"end":{"line":105,"column":5}},"55":{"start":{"line":93,"column":6},"end":{"line":104,"column":null}},"56":{"start":{"line":94,"column":22},"end":{"line":96,"column":52}},"57":{"start":{"line":95,"column":24},"end":{"line":95,"column":58}},"58":{"start":{"line":96,"column":24},"end":{"line":96,"column":51}},"59":{"start":{"line":98,"column":25},"end":{"line":98,"column":62}},"60":{"start":{"line":99,"column":8},"end":{"line":99,"column":53}},"61":{"start":{"line":100,"column":8},"end":{"line":100,"column":33}},"62":{"start":{"line":101,"column":8},"end":{"line":101,"column":25}},"63":{"start":{"line":102,"column":8},"end":{"line":102,"column":24}},"64":{"start":{"line":103,"column":8},"end":{"line":103,"column":25}},"65":{"start":{"line":108,"column":19},"end":{"line":111,"column":5}},"66":{"start":{"line":108,"column":49},"end":{"line":111,"column":4}},"67":{"start":{"line":110,"column":37},"end":{"line":110,"column":55}},"68":{"start":{"line":112,"column":2},"end":{"line":170,"column":4}},"69":{"start":{"line":124,"column":10},"end":{"line":124,"column":28}},"70":{"start":{"line":130,"column":10},"end":{"line":130,"column":32}},"71":{"start":{"line":158,"column":27},"end":{"line":158,"column":55}},"72":{"start":{"line":173,"column":0},"end":{"line":173,"column":30}}},"fnMap":{"0":{"name":"(anonymous_1)","decl":{"start":{"line":15,"column":33},"end":{"line":15,"column":36}},"loc":{"start":{"line":15,"column":38},"end":{"line":171,"column":1}}},"1":{"name":"(anonymous_2)","decl":{"start":{"line":28,"column":10},"end":{"line":28,"column":13}},"loc":{"start":{"line":28,"column":15},"end":{"line":52,"column":1}}},"2":{"name":"(anonymous_3)","decl":{"start":{"line":41,"column":10},"end":{"line":41,"column":13}},"loc":{"start":{"line":41,"column":16},"end":{"line":46,"column":5}}},"3":{"name":"(anonymous_4)","decl":{"start":{"line":47,"column":10},"end":{"line":47,"column":14}},"loc":{"start":{"line":47,"column":17},"end":{"line":50,"column":5}}},"4":{"name":"(anonymous_5)","decl":{"start":{"line":51,"column":11},"end":{"line":51,"column":14}},"loc":{"start":{"line":51,"column":18},"end":{"line":51,"column":66}}},"5":{"name":"(anonymous_6)","decl":{"start":{"line":55,"column":55},"end":{"line":55,"column":59}},"loc":{"start":{"line":55,"column":63},"end":{"line":55,"column":76}}},"6":{"name":"(anonymous_7)","decl":{"start":{"line":57,"column":31},"end":{"line":57,"column":32}},"loc":{"start":{"line":57,"column":75},"end":{"line":67,"column":3}}},"7":{"name":"(anonymous_8)","decl":{"start":{"line":60,"column":36},"end":{"line":60,"column":40}},"loc":{"start":{"line":60,"column":44},"end":{"line":60,"column":70}}},"8":{"name":"(anonymous_9)","decl":{"start":{"line":69,"column":22},"end":{"line":69,"column":25}},"loc":{"start":{"line":69,"column":27},"end":{"line":106,"column":3}}},"9":{"name":"(anonymous_10)","decl":{"start":{"line":75,"column":22},"end":{"line":75,"column":26}},"loc":{"start":{"line":75,"column":30},"end":{"line":75,"column":38}}},"10":{"name":"(anonymous_11)","decl":{"start":{"line":77,"column":23},"end":{"line":77,"column":27}},"loc":{"start":{"line":77,"column":31},"end":{"line":77,"column":39}}},"11":{"name":"(anonymous_12)","decl":{"start":{"line":80,"column":45},"end":{"line":80,"column":49}},"loc":{"start":{"line":80,"column":52},"end":{"line":86,"column":5}}},"12":{"name":"(anonymous_13)","decl":{"start":{"line":93,"column":17},"end":{"line":93,"column":20}},"loc":{"start":{"line":93,"column":22},"end":{"line":104,"column":7}}},"13":{"name":"(anonymous_14)","decl":{"start":{"line":95,"column":16},"end":{"line":95,"column":20}},"loc":{"start":{"line":95,"column":24},"end":{"line":95,"column":58}}},"14":{"name":"(anonymous_15)","decl":{"start":{"line":96,"column":14},"end":{"line":96,"column":15}},"loc":{"start":{"line":96,"column":24},"end":{"line":96,"column":51}}},"15":{"name":"(anonymous_16)","decl":{"start":{"line":108,"column":39},"end":{"line":108,"column":44}},"loc":{"start":{"line":108,"column":49},"end":{"line":111,"column":4}}},"16":{"name":"(anonymous_17)","decl":{"start":{"line":110,"column":29},"end":{"line":110,"column":33}},"loc":{"start":{"line":110,"column":37},"end":{"line":110,"column":55}}},"17":{"name":"(anonymous_18)","decl":{"start":{"line":123,"column":24},"end":{"line":123,"column":27}},"loc":{"start":{"line":124,"column":10},"end":{"line":124,"column":28}}},"18":{"name":"(anonymous_19)","decl":{"start":{"line":129,"column":22},"end":{"line":129,"column":26}},"loc":{"start":{"line":130,"column":10},"end":{"line":130,"column":32}}},"19":{"name":"(anonymous_20)","decl":{"start":{"line":158,"column":22},"end":{"line":158,"column":23}},"loc":{"start":{"line":158,"column":27},"end":{"line":158,"column":55}}}},"branchMap":{"0":{"loc":{"start":{"line":31,"column":2},"end":{"line":34,"column":3}},"type":"if","locations":[{"start":{"line":31,"column":2},"end":{"line":34,"column":3}}]},"1":{"loc":{"start":{"line":42,"column":6},"end":{"line":44,"column":7}},"type":"if","locations":[{"start":{"line":42,"column":6},"end":{"line":44,"column":7}}]},"2":{"loc":{"start":{"line":49,"column":20},"end":{"line":49,"column":41}},"type":"binary-expr","locations":[{"start":{"line":49,"column":20},"end":{"line":49,"column":35}},{"start":{"line":49,"column":39},"end":{"line":49,"column":41}}]},"3":{"loc":{"start":{"line":70,"column":4},"end":{"line":70,"column":29}},"type":"if","locations":[{"start":{"line":70,"column":4},"end":{"line":70,"column":29}}]},"4":{"loc":{"start":{"line":74,"column":4},"end":{"line":78,"column":5}},"type":"if","locations":[{"start":{"line":74,"column":4},"end":{"line":78,"column":5}},{"start":{"line":76,"column":11},"end":{"line":78,"column":5}}]},"5":{"loc":{"start":{"line":81,"column":6},"end":{"line":84,"column":7}},"type":"if","locations":[{"start":{"line":81,"column":6},"end":{"line":84,"column":7}}]},"6":{"loc":{"start":{"line":82,"column":23},"end":{"line":82,"column":69}},"type":"cond-expr","locations":[{"start":{"line":82,"column":35},"end":{"line":82,"column":67}},{"start":{"line":82,"column":68},"end":{"line":82,"column":69}}]},"7":{"loc":{"start":{"line":82,"column":45},"end":{"line":82,"column":58}},"type":"binary-expr","locations":[{"start":{"line":82,"column":45},"end":{"line":82,"column":53}},{"start":{"line":82,"column":57},"end":{"line":82,"column":58}}]},"8":{"loc":{"start":{"line":89,"column":16},"end":{"line":89,"column":58}},"type":"cond-expr","locations":[{"start":{"line":89,"column":28},"end":{"line":89,"column":41}},{"start":{"line":89,"column":44},"end":{"line":89,"column":58}}]},"9":{"loc":{"start":{"line":92,"column":4},"end":{"line":105,"column":5}},"type":"if","locations":[{"start":{"line":92,"column":4},"end":{"line":105,"column":5}}]},"10":{"loc":{"start":{"line":96,"column":25},"end":{"line":96,"column":35}},"type":"binary-expr","locations":[{"start":{"line":96,"column":25},"end":{"line":96,"column":30}},{"start":{"line":96,"column":34},"end":{"line":96,"column":35}}]},"11":{"loc":{"start":{"line":96,"column":40},"end":{"line":96,"column":50}},"type":"binary-expr","locations":[{"start":{"line":96,"column":40},"end":{"line":96,"column":45}},{"start":{"line":96,"column":49},"end":{"line":96,"column":50}}]},"12":{"loc":{"start":{"line":138,"column":7},"end":{"line":146,"column":null}},"type":"binary-expr","locations":[{"start":{"line":138,"column":7},"end":{"line":138,"column":18}},{"start":{"line":139,"column":7},"end":{"line":145,"column":null}}]},"13":{"loc":{"start":{"line":150,"column":7},"end":{"line":167,"column":null}},"type":"binary-expr","locations":[{"start":{"line":150,"column":7},"end":{"line":150,"column":18}},{"start":{"line":151,"column":8},"end":{"line":166,"column":null}}]},"14":{"loc":{"start":{"line":166,"column":11},"end":{"line":166,"column":65}},"type":"binary-expr","locations":[{"start":{"line":166,"column":11},"end":{"line":166,"column":19}},{"start":{"line":166,"column":23},"end":{"line":166,"column":65}}]}},"s":{"0":0,"1":0,"2":0,"3":0,"4":0,"5":0,"6":0,"7":0,"8":0,"9":0,"10":0,"11":0,"12":0,"13":0,"14":0,"15":0,"16":0,"17":0,"18":0,"19":0,"20":0,"21":0,"22":0,"23":0,"24":0,"25":0,"26":0,"27":0,"28":0,"29":0,"30":0,"31":0,"32":0,"33":0,"34":0,"35":0,"36":0,"37":0,"38":0,"39":0,"40":0,"41":0,"42":0,"43":0,"44":0,"45":0,"46":0,"47":0,"48":0,"49":0,"50":0,"51":0,"52":0,"53":0,"54":0,"55":0,"56":0,"57":0,"58":0,"59":0,"60":0,"61":0,"62":0,"63":0,"64":0,"65":0,"66":0,"67":0,"68":0,"69":0,"70":0,"71":0,"72":0},"f":{"0":0,"1":0,"2":0,"3":0,"4":0,"5":0,"6":0,"7":0,"8":0,"9":0,"10":0,"11":0,"12":0,"13":0,"14":0,"15":0,"16":0,"17":0,"18":0,"19":0},"b":{"0":[0],"1":[0],"2":[0,0],"3":[0],"4":[0,0],"5":[0],"6":[0,0],"7":[0,0],"8":[0,0],"9":[0],"10":[0,0],"11":[0,0],"12":[0,0],"13":[0,0],"14":[0,0]}}
,"C:\\Flashcard-app\\apps\\client\\src\\pages\\LoginPage.tsx": {"path":"C:\\Flashcard-app\\apps\\client\\src\\pages\\LoginPage.tsx","statementMap":{"0":{"start":{"line":1,"column":0},"end":{"line":1,"column":26}},"1":{"start":{"line":2,"column":0},"end":{"line":2,"column":47}},"2":{"start":{"line":5,"column":28},"end":{"line":77,"column":1}},"3":{"start":{"line":6,"column":19},"end":{"line":6,"column":32}},"4":{"start":{"line":7,"column":28},"end":{"line":7,"column":46}},"5":{"start":{"line":8,"column":34},"end":{"line":8,"column":52}},"6":{"start":{"line":9,"column":32},"end":{"line":9,"column":50}},"7":{"start":{"line":11,"column":20},"end":{"line":43,"column":2}},"8":{"start":{"line":11,"column":49},"end":{"line":43,"column":2}},"9":{"start":{"line":12,"column":2},"end":{"line":12,"column":21}},"10":{"start":{"line":13,"column":2},"end":{"line":13,"column":17}},"11":{"start":{"line":14,"column":2},"end":{"line":14,"column":61}},"12":{"start":{"line":16,"column":2},"end":{"line":42,"column":3}},"13":{"start":{"line":17,"column":4},"end":{"line":17,"column":79}},"14":{"start":{"line":18,"column":21},"end":{"line":24,"column":6}},"15":{"start":{"line":26,"column":4},"end":{"line":26,"column":53}},"16":{"start":{"line":27,"column":17},"end":{"line":27,"column":38}},"17":{"start":{"line":28,"column":4},"end":{"line":28,"column":40}},"18":{"start":{"line":30,"column":4},"end":{"line":38,"column":5}},"19":{"start":{"line":31,"column":6},"end":{"line":31,"column":52}},"20":{"start":{"line":32,"column":6},"end":{"line":32,"column":52}},"21":{"start":{"line":33,"column":6},"end":{"line":33,"column":38}},"22":{"start":{"line":34,"column":6},"end":{"line":34,"column":29}},"23":{"start":{"line":36,"column":6},"end":{"line":36,"column":49}},"24":{"start":{"line":37,"column":6},"end":{"line":37,"column":68}},"25":{"start":{"line":40,"column":4},"end":{"line":40,"column":41}},"26":{"start":{"line":41,"column":4},"end":{"line":41,"column":78}},"27":{"start":{"line":47,"column":2},"end":{"line":76,"column":4}},"28":{"start":{"line":56,"column":25},"end":{"line":56,"column":49}},"29":{"start":{"line":64,"column":25},"end":{"line":64,"column":52}},"30":{"start":{"line":70,"column":140},"end":{"line":70,"column":161}},"31":{"start":{"line":79,"column":0},"end":{"line":79,"column":25}}},"fnMap":{"0":{"name":"(anonymous_8)","decl":{"start":{"line":5,"column":28},"end":{"line":5,"column":31}},"loc":{"start":{"line":5,"column":33},"end":{"line":77,"column":1}}},"1":{"name":"(anonymous_9)","decl":{"start":{"line":11,"column":20},"end":{"line":11,"column":27}},"loc":{"start":{"line":11,"column":49},"end":{"line":43,"column":2}}},"2":{"name":"(anonymous_10)","decl":{"start":{"line":11,"column":49},"end":{"line":11,"column":null}},"loc":{"start":{"line":11,"column":49},"end":{"line":43,"column":1}}},"3":{"name":"(anonymous_11)","decl":{"start":{"line":56,"column":20},"end":{"line":56,"column":21}},"loc":{"start":{"line":56,"column":25},"end":{"line":56,"column":49}}},"4":{"name":"(anonymous_12)","decl":{"start":{"line":64,"column":20},"end":{"line":64,"column":21}},"loc":{"start":{"line":64,"column":25},"end":{"line":64,"column":52}}},"5":{"name":"(anonymous_13)","decl":{"start":{"line":70,"column":134},"end":{"line":70,"column":137}},"loc":{"start":{"line":70,"column":140},"end":{"line":70,"column":161}}}},"branchMap":{"0":{"loc":{"start":{"line":30,"column":4},"end":{"line":38,"column":5}},"type":"if","locations":[{"start":{"line":30,"column":4},"end":{"line":38,"column":5}},{"start":{"line":35,"column":11},"end":{"line":38,"column":5}}]},"1":{"loc":{"start":{"line":37,"column":17},"end":{"line":37,"column":66}},"type":"binary-expr","locations":[{"start":{"line":37,"column":17},"end":{"line":37,"column":29}},{"start":{"line":37,"column":33},"end":{"line":37,"column":66}}]},"2":{"loc":{"start":{"line":73,"column":9},"end":{"line":73,"column":77}},"type":"binary-expr","locations":[{"start":{"line":73,"column":9},"end":{"line":73,"column":16}},{"start":{"line":73,"column":20},"end":{"line":73,"column":77}}]}},"s":{"0":0,"1":0,"2":0,"3":0,"4":0,"5":0,"6":0,"7":0,"8":0,"9":0,"10":0,"11":0,"12":0,"13":0,"14":0,"15":0,"16":0,"17":0,"18":0,"19":0,"20":0,"21":0,"22":0,"23":0,"24":0,"25":0,"26":0,"27":0,"28":0,"29":0,"30":0,"31":0},"f":{"0":0,"1":0,"2":0,"3":0,"4":0,"5":0},"b":{"0":[0,0],"1":[0,0],"2":[0,0]}}
,"C:\\Flashcard-app\\apps\\client\\src\\pages\\RegisterPage.tsx": {"path":"C:\\Flashcard-app\\apps\\client\\src\\pages\\RegisterPage.tsx","statementMap":{"0":{"start":{"line":1,"column":0},"end":{"line":1,"column":26}},"1":{"start":{"line":2,"column":0},"end":{"line":2,"column":47}},"2":{"start":{"line":3,"column":0},"end":{"line":3,"column":22}},"3":{"start":{"line":5,"column":31},"end":{"line":81,"column":1}},"4":{"start":{"line":6,"column":19},"end":{"line":6,"column":32}},"5":{"start":{"line":7,"column":27},"end":{"line":7,"column":45}},"6":{"start":{"line":8,"column":32},"end":{"line":8,"column":50}},"7":{"start":{"line":9,"column":28},"end":{"line":9,"column":46}},"8":{"start":{"line":10,"column":34},"end":{"line":10,"column":52}},"9":{"start":{"line":11,"column":32},"end":{"line":11,"column":50}},"10":{"start":{"line":13,"column":22},"end":{"line":36,"column":4}},"11":{"start":{"line":13,"column":51},"end":{"line":36,"column":4}},"12":{"start":{"line":14,"column":4},"end":{"line":14,"column":23}},"13":{"start":{"line":15,"column":4},"end":{"line":15,"column":19}},"14":{"start":{"line":16,"column":4},"end":{"line":35,"column":5}},"15":{"start":{"line":17,"column":23},"end":{"line":23,"column":8}},"16":{"start":{"line":24,"column":19},"end":{"line":24,"column":40}},"17":{"start":{"line":26,"column":6},"end":{"line":32,"column":7}},"18":{"start":{"line":27,"column":8},"end":{"line":27,"column":43}},"19":{"start":{"line":28,"column":8},"end":{"line":28,"column":64}},"20":{"start":{"line":28,"column":37},"end":{"line":28,"column":62}},"21":{"start":{"line":29,"column":8},"end":{"line":29,"column":27}},"22":{"start":{"line":31,"column":8},"end":{"line":31,"column":77}},"23":{"start":{"line":34,"column":6},"end":{"line":34,"column":80}},"24":{"start":{"line":38,"column":2},"end":{"line":80,"column":4}},"25":{"start":{"line":47,"column":25},"end":{"line":47,"column":48}},"26":{"start":{"line":55,"column":25},"end":{"line":55,"column":51}},"27":{"start":{"line":63,"column":25},"end":{"line":63,"column":49}},"28":{"start":{"line":71,"column":25},"end":{"line":71,"column":52}},"29":{"start":{"line":83,"column":0},"end":{"line":83,"column":28}}},"fnMap":{"0":{"name":"(anonymous_8)","decl":{"start":{"line":5,"column":31},"end":{"line":5,"column":34}},"loc":{"start":{"line":5,"column":36},"end":{"line":81,"column":1}}},"1":{"name":"(anonymous_9)","decl":{"start":{"line":13,"column":22},"end":{"line":13,"column":29}},"loc":{"start":{"line":13,"column":51},"end":{"line":36,"column":4}}},"2":{"name":"(anonymous_10)","decl":{"start":{"line":13,"column":51},"end":{"line":13,"column":null}},"loc":{"start":{"line":13,"column":51},"end":{"line":36,"column":3}}},"3":{"name":"(anonymous_11)","decl":{"start":{"line":28,"column":26},"end":{"line":28,"column":33}},"loc":{"start":{"line":28,"column":37},"end":{"line":28,"column":62}}},"4":{"name":"(anonymous_12)","decl":{"start":{"line":47,"column":20},"end":{"line":47,"column":21}},"loc":{"start":{"line":47,"column":25},"end":{"line":47,"column":48}}},"5":{"name":"(anonymous_13)","decl":{"start":{"line":55,"column":20},"end":{"line":55,"column":21}},"loc":{"start":{"line":55,"column":25},"end":{"line":55,"column":51}}},"6":{"name":"(anonymous_14)","decl":{"start":{"line":63,"column":20},"end":{"line":63,"column":21}},"loc":{"start":{"line":63,"column":25},"end":{"line":63,"column":49}}},"7":{"name":"(anonymous_15)","decl":{"start":{"line":71,"column":20},"end":{"line":71,"column":21}},"loc":{"start":{"line":71,"column":25},"end":{"line":71,"column":52}}}},"branchMap":{"0":{"loc":{"start":{"line":26,"column":6},"end":{"line":32,"column":7}},"type":"if","locations":[{"start":{"line":26,"column":6},"end":{"line":32,"column":7}},{"start":{"line":30,"column":13},"end":{"line":32,"column":7}}]},"1":{"loc":{"start":{"line":31,"column":19},"end":{"line":31,"column":75}},"type":"binary-expr","locations":[{"start":{"line":31,"column":19},"end":{"line":31,"column":31}},{"start":{"line":31,"column":35},"end":{"line":31,"column":75}}]},"2":{"loc":{"start":{"line":77,"column":9},"end":{"line":77,"column":77}},"type":"binary-expr","locations":[{"start":{"line":77,"column":9},"end":{"line":77,"column":16}},{"start":{"line":77,"column":20},"end":{"line":77,"column":77}}]}},"s":{"0":0,"1":0,"2":0,"3":0,"4":0,"5":0,"6":0,"7":0,"8":0,"9":0,"10":0,"11":0,"12":0,"13":0,"14":0,"15":0,"16":0,"17":0,"18":0,"19":0,"20":0,"21":0,"22":0,"23":0,"24":0,"25":0,"26":0,"27":0,"28":0,"29":0},"f":{"0":0,"1":0,"2":0,"3":0,"4":0,"5":0,"6":0,"7":0},"b":{"0":[0,0],"1":[0,0],"2":[0,0]}}
,"C:\\Flashcard-app\\apps\\client\\src\\pages\\ShowFlashcardSets.tsx": {"path":"C:\\Flashcard-app\\apps\\client\\src\\pages\\ShowFlashcardSets.tsx","statementMap":{"0":{"start":{"line":1,"column":0},"end":{"line":1,"column":51}},"1":{"start":{"line":2,"column":0},"end":{"line":2,"column":42}},"2":{"start":{"line":3,"column":0},"end":{"line":3,"column":26}},"3":{"start":{"line":4,"column":0},"end":{"line":4,"column":40}},"4":{"start":{"line":15,"column":36},"end":{"line":357,"column":1}},"5":{"start":{"line":16,"column":38},"end":{"line":16,"column":63}},"6":{"start":{"line":17,"column":32},"end":{"line":17,"column":73}},"7":{"start":{"line":18,"column":32},"end":{"line":18,"column":64}},"8":{"start":{"line":19,"column":44},"end":{"line":19,"column":73}},"9":{"start":{"line":20,"column":38},"end":{"line":20,"column":60}},"10":{"start":{"line":22,"column":2},"end":{"line":24,"column":9}},"11":{"start":{"line":23,"column":4},"end":{"line":23,"column":22}},"12":{"start":{"line":27,"column":2},"end":{"line":38,"column":19}},"13":{"start":{"line":28,"column":30},"end":{"line":35,"column":41}},"14":{"start":{"line":29,"column":23},"end":{"line":29,"column":55}},"15":{"start":{"line":30,"column":6},"end":{"line":32,"column":7}},"16":{"start":{"line":31,"column":8},"end":{"line":31,"column":27}},"17":{"start":{"line":33,"column":6},"end":{"line":33,"column":31}},"18":{"start":{"line":34,"column":6},"end":{"line":34,"column":17}},"19":{"start":{"line":37,"column":4},"end":{"line":37,"column":34}},"20":{"start":{"line":40,"column":2},"end":{"line":68,"column":9}},"21":{"start":{"line":41,"column":18},"end":{"line":41,"column":51}},"22":{"start":{"line":43,"column":4},"end":{"line":46,"column":5}},"23":{"start":{"line":44,"column":6},"end":{"line":44,"column":53}},"24":{"start":{"line":45,"column":6},"end":{"line":45,"column":13}},"25":{"start":{"line":48,"column":4},"end":{"line":67,"column":9}},"26":{"start":{"line":54,"column":8},"end":{"line":56,"column":9}},"27":{"start":{"line":55,"column":10},"end":{"line":55,"column":63}},"28":{"start":{"line":57,"column":8},"end":{"line":57,"column":26}},"29":{"start":{"line":60,"column":8},"end":{"line":60,"column":46}},"30":{"start":{"line":61,"column":8},"end":{"line":61,"column":34}},"31":{"start":{"line":64,"column":8},"end":{"line":64,"column":66}},"32":{"start":{"line":66,"column":8},"end":{"line":66,"column":26}},"33":{"start":{"line":70,"column":26},"end":{"line":103,"column":4}},"34":{"start":{"line":70,"column":37},"end":{"line":103,"column":4}},"35":{"start":{"line":71,"column":4},"end":{"line":102,"column":5}},"36":{"start":{"line":72,"column":20},"end":{"line":72,"column":53}},"37":{"start":{"line":74,"column":6},"end":{"line":77,"column":7}},"38":{"start":{"line":75,"column":8},"end":{"line":75,"column":55}},"39":{"start":{"line":76,"column":8},"end":{"line":76,"column":15}},"40":{"start":{"line":79,"column":23},"end":{"line":83,"column":8}},"41":{"start":{"line":85,"column":6},"end":{"line":85,"column":57}},"42":{"start":{"line":87,"column":6},"end":{"line":99,"column":7}},"43":{"start":{"line":88,"column":8},"end":{"line":88,"column":48}},"44":{"start":{"line":91,"column":33},"end":{"line":93,"column":63}},"45":{"start":{"line":92,"column":51},"end":{"line":92,"column":114}},"46":{"start":{"line":93,"column":35},"end":{"line":93,"column":48}},"47":{"start":{"line":94,"column":8},"end":{"line":96,"column":9}},"48":{"start":{"line":95,"column":10},"end":{"line":95,"column":42}},"49":{"start":{"line":98,"column":8},"end":{"line":98,"column":26}},"50":{"start":{"line":101,"column":6},"end":{"line":101,"column":62}},"51":{"start":{"line":105,"column":28},"end":{"line":107,"column":3}},"52":{"start":{"line":106,"column":4},"end":{"line":106,"column":64}},"53":{"start":{"line":109,"column":28},"end":{"line":142,"column":4}},"54":{"start":{"line":109,"column":57},"end":{"line":142,"column":4}},"55":{"start":{"line":110,"column":4},"end":{"line":110,"column":23}},"56":{"start":{"line":112,"column":4},"end":{"line":141,"column":5}},"57":{"start":{"line":113,"column":20},"end":{"line":113,"column":53}},"58":{"start":{"line":115,"column":6},"end":{"line":118,"column":7}},"59":{"start":{"line":116,"column":8},"end":{"line":116,"column":55}},"60":{"start":{"line":117,"column":8},"end":{"line":117,"column":15}},"61":{"start":{"line":120,"column":6},"end":{"line":135,"column":7}},"62":{"start":{"line":122,"column":8},"end":{"line":126,"column":11}},"63":{"start":{"line":127,"column":8},"end":{"line":127,"column":31}},"64":{"start":{"line":130,"column":8},"end":{"line":134,"column":11}},"65":{"start":{"line":137,"column":6},"end":{"line":137,"column":21}},"66":{"start":{"line":138,"column":6},"end":{"line":138,"column":24}},"67":{"start":{"line":140,"column":6},"end":{"line":140,"column":63}},"68":{"start":{"line":144,"column":21},"end":{"line":147,"column":3}},"69":{"start":{"line":145,"column":4},"end":{"line":145,"column":21}},"70":{"start":{"line":146,"column":4},"end":{"line":146,"column":30}},"71":{"start":{"line":149,"column":23},"end":{"line":168,"column":4}},"72":{"start":{"line":149,"column":44},"end":{"line":168,"column":4}},"73":{"start":{"line":150,"column":4},"end":{"line":167,"column":5}},"74":{"start":{"line":151,"column":20},"end":{"line":151,"column":53}},"75":{"start":{"line":153,"column":6},"end":{"line":156,"column":7}},"76":{"start":{"line":154,"column":8},"end":{"line":154,"column":55}},"77":{"start":{"line":155,"column":8},"end":{"line":155,"column":15}},"78":{"start":{"line":158,"column":6},"end":{"line":162,"column":9}},"79":{"start":{"line":164,"column":6},"end":{"line":164,"column":24}},"80":{"start":{"line":166,"column":6},"end":{"line":166,"column":60}},"81":{"start":{"line":170,"column":26},"end":{"line":189,"column":4}},"82":{"start":{"line":170,"column":53},"end":{"line":189,"column":4}},"83":{"start":{"line":171,"column":4},"end":{"line":188,"column":5}},"84":{"start":{"line":172,"column":20},"end":{"line":172,"column":53}},"85":{"start":{"line":174,"column":6},"end":{"line":177,"column":7}},"86":{"start":{"line":175,"column":8},"end":{"line":175,"column":55}},"87":{"start":{"line":176,"column":8},"end":{"line":176,"column":15}},"88":{"start":{"line":179,"column":6},"end":{"line":183,"column":9}},"89":{"start":{"line":185,"column":6},"end":{"line":185,"column":24}},"90":{"start":{"line":187,"column":6},"end":{"line":187,"column":68}},"91":{"start":{"line":191,"column":2},"end":{"line":356,"column":4}},"92":{"start":{"line":241,"column":18},"end":{"line":241,"column":36}},"93":{"start":{"line":297,"column":16},"end":{"line":297,"column":39}},"94":{"start":{"line":298,"column":16},"end":{"line":298,"column":31}},"95":{"start":{"line":313,"column":12},"end":{"line":313,"column":32}},"96":{"start":{"line":317,"column":33},"end":{"line":317,"column":58}},"97":{"start":{"line":325,"column":18},"end":{"line":325,"column":36}},"98":{"start":{"line":335,"column":41},"end":{"line":335,"column":57}},"99":{"start":{"line":341,"column":41},"end":{"line":341,"column":62}},"100":{"start":{"line":359,"column":0},"end":{"line":359,"column":33}}},"fnMap":{"0":{"name":"(anonymous_8)","decl":{"start":{"line":15,"column":36},"end":{"line":15,"column":39}},"loc":{"start":{"line":15,"column":41},"end":{"line":357,"column":1}}},"1":{"name":"(anonymous_9)","decl":{"start":{"line":22,"column":12},"end":{"line":22,"column":15}},"loc":{"start":{"line":22,"column":17},"end":{"line":24,"column":3}}},"2":{"name":"(anonymous_10)","decl":{"start":{"line":27,"column":12},"end":{"line":27,"column":15}},"loc":{"start":{"line":27,"column":17},"end":{"line":38,"column":3}}},"3":{"name":"(anonymous_11)","decl":{"start":{"line":28,"column":48},"end":{"line":28,"column":49}},"loc":{"start":{"line":28,"column":62},"end":{"line":35,"column":5}}},"4":{"name":"(anonymous_12)","decl":{"start":{"line":40,"column":12},"end":{"line":40,"column":15}},"loc":{"start":{"line":40,"column":17},"end":{"line":68,"column":3}}},"5":{"name":"(anonymous_13)","decl":{"start":{"line":53,"column":12},"end":{"line":53,"column":15}},"loc":{"start":{"line":53,"column":18},"end":{"line":58,"column":7}}},"6":{"name":"(anonymous_14)","decl":{"start":{"line":59,"column":12},"end":{"line":59,"column":16}},"loc":{"start":{"line":59,"column":19},"end":{"line":62,"column":7}}},"7":{"name":"(anonymous_15)","decl":{"start":{"line":63,"column":13},"end":{"line":63,"column":16}},"loc":{"start":{"line":63,"column":19},"end":{"line":67,"column":7}}},"8":{"name":"(anonymous_16)","decl":{"start":{"line":70,"column":26},"end":{"line":70,"column":35}},"loc":{"start":{"line":70,"column":37},"end":{"line":103,"column":4}}},"9":{"name":"(anonymous_17)","decl":{"start":{"line":70,"column":37},"end":{"line":70,"column":null}},"loc":{"start":{"line":70,"column":37},"end":{"line":103,"column":3}}},"10":{"name":"(anonymous_18)","decl":{"start":{"line":92,"column":17},"end":{"line":92,"column":18}},"loc":{"start":{"line":92,"column":51},"end":{"line":92,"column":114}}},"11":{"name":"(anonymous_19)","decl":{"start":{"line":93,"column":14},"end":{"line":93,"column":15}},"loc":{"start":{"line":93,"column":35},"end":{"line":93,"column":48}}},"12":{"name":"(anonymous_20)","decl":{"start":{"line":105,"column":28},"end":{"line":105,"column":29}},"loc":{"start":{"line":105,"column":91},"end":{"line":107,"column":3}}},"13":{"name":"(anonymous_21)","decl":{"start":{"line":109,"column":28},"end":{"line":109,"column":35}},"loc":{"start":{"line":109,"column":57},"end":{"line":142,"column":4}}},"14":{"name":"(anonymous_22)","decl":{"start":{"line":109,"column":57},"end":{"line":109,"column":null}},"loc":{"start":{"line":109,"column":57},"end":{"line":142,"column":3}}},"15":{"name":"(anonymous_23)","decl":{"start":{"line":144,"column":21},"end":{"line":144,"column":22}},"loc":{"start":{"line":144,"column":41},"end":{"line":147,"column":3}}},"16":{"name":"(anonymous_24)","decl":{"start":{"line":149,"column":23},"end":{"line":149,"column":30}},"loc":{"start":{"line":149,"column":44},"end":{"line":168,"column":4}}},"17":{"name":"(anonymous_25)","decl":{"start":{"line":149,"column":44},"end":{"line":149,"column":null}},"loc":{"start":{"line":149,"column":44},"end":{"line":168,"column":3}}},"18":{"name":"(anonymous_26)","decl":{"start":{"line":170,"column":26},"end":{"line":170,"column":33}},"loc":{"start":{"line":170,"column":53},"end":{"line":189,"column":4}}},"19":{"name":"(anonymous_27)","decl":{"start":{"line":170,"column":53},"end":{"line":170,"column":null}},"loc":{"start":{"line":170,"column":53},"end":{"line":189,"column":3}}},"20":{"name":"(anonymous_28)","decl":{"start":{"line":240,"column":32},"end":{"line":240,"column":33}},"loc":{"start":{"line":241,"column":18},"end":{"line":241,"column":36}}},"21":{"name":"(anonymous_29)","decl":{"start":{"line":296,"column":23},"end":{"line":296,"column":26}},"loc":{"start":{"line":296,"column":28},"end":{"line":299,"column":15}}},"22":{"name":"(anonymous_30)","decl":{"start":{"line":312,"column":38},"end":{"line":312,"column":39}},"loc":{"start":{"line":313,"column":12},"end":{"line":313,"column":32}}},"23":{"name":"(anonymous_31)","decl":{"start":{"line":317,"column":27},"end":{"line":317,"column":30}},"loc":{"start":{"line":317,"column":33},"end":{"line":317,"column":58}}},"24":{"name":"(anonymous_32)","decl":{"start":{"line":324,"column":27},"end":{"line":324,"column":28}},"loc":{"start":{"line":325,"column":18},"end":{"line":325,"column":36}}},"25":{"name":"(anonymous_33)","decl":{"start":{"line":335,"column":35},"end":{"line":335,"column":38}},"loc":{"start":{"line":335,"column":41},"end":{"line":335,"column":57}}},"26":{"name":"(anonymous_34)","decl":{"start":{"line":341,"column":35},"end":{"line":341,"column":38}},"loc":{"start":{"line":341,"column":41},"end":{"line":341,"column":62}}}},"branchMap":{"0":{"loc":{"start":{"line":29,"column":23},"end":{"line":29,"column":55}},"type":"binary-expr","locations":[{"start":{"line":29,"column":23},"end":{"line":29,"column":36}},{"start":{"line":29,"column":40},"end":{"line":29,"column":55}}]},"1":{"loc":{"start":{"line":30,"column":6},"end":{"line":32,"column":7}},"type":"if","locations":[{"start":{"line":30,"column":6},"end":{"line":32,"column":7}}]},"2":{"loc":{"start":{"line":43,"column":4},"end":{"line":46,"column":5}},"type":"if","locations":[{"start":{"line":43,"column":4},"end":{"line":46,"column":5}}]},"3":{"loc":{"start":{"line":54,"column":8},"end":{"line":56,"column":9}},"type":"if","locations":[{"start":{"line":54,"column":8},"end":{"line":56,"column":9}}]},"4":{"loc":{"start":{"line":61,"column":22},"end":{"line":61,"column":32}},"type":"binary-expr","locations":[{"start":{"line":61,"column":22},"end":{"line":61,"column":26}},{"start":{"line":61,"column":30},"end":{"line":61,"column":32}}]},"5":{"loc":{"start":{"line":74,"column":6},"end":{"line":77,"column":7}},"type":"if","locations":[{"start":{"line":74,"column":6},"end":{"line":77,"column":7}}]},"6":{"loc":{"start":{"line":87,"column":6},"end":{"line":99,"column":7}},"type":"if","locations":[{"start":{"line":87,"column":6},"end":{"line":99,"column":7}},{"start":{"line":97,"column":13},"end":{"line":99,"column":7}}]},"7":{"loc":{"start":{"line":92,"column":51},"end":{"line":92,"column":114}},"type":"binary-expr","locations":[{"start":{"line":92,"column":51},"end":{"line":92,"column":75}},{"start":{"line":92,"column":79},"end":{"line":92,"column":92}},{"start":{"line":92,"column":96},"end":{"line":92,"column":114}}]},"8":{"loc":{"start":{"line":94,"column":8},"end":{"line":96,"column":9}},"type":"if","locations":[{"start":{"line":94,"column":8},"end":{"line":96,"column":9}}]},"9":{"loc":{"start":{"line":115,"column":6},"end":{"line":118,"column":7}},"type":"if","locations":[{"start":{"line":115,"column":6},"end":{"line":118,"column":7}}]},"10":{"loc":{"start":{"line":120,"column":6},"end":{"line":135,"column":7}},"type":"if","locations":[{"start":{"line":120,"column":6},"end":{"line":135,"column":7}},{"start":{"line":128,"column":13},"end":{"line":135,"column":7}}]},"11":{"loc":{"start":{"line":153,"column":6},"end":{"line":156,"column":7}},"type":"if","locations":[{"start":{"line":153,"column":6},"end":{"line":156,"column":7}}]},"12":{"loc":{"start":{"line":174,"column":6},"end":{"line":177,"column":7}},"type":"if","locations":[{"start":{"line":174,"column":6},"end":{"line":177,"column":7}}]},"13":{"loc":{"start":{"line":204,"column":13},"end":{"line":204,"column":61}},"type":"cond-expr","locations":[{"start":{"line":204,"column":29},"end":{"line":204,"column":44}},{"start":{"line":204,"column":47},"end":{"line":204,"column":61}}]},"14":{"loc":{"start":{"line":212,"column":21},"end":{"line":212,"column":43}},"type":"binary-expr","locations":[{"start":{"line":212,"column":21},"end":{"line":212,"column":37}},{"start":{"line":212,"column":41},"end":{"line":212,"column":43}}]},"15":{"loc":{"start":{"line":224,"column":21},"end":{"line":224,"column":41}},"type":"binary-expr","locations":[{"start":{"line":224,"column":21},"end":{"line":224,"column":35}},{"start":{"line":224,"column":39},"end":{"line":224,"column":41}}]},"16":{"loc":{"start":{"line":234,"column":21},"end":{"line":234,"column":43}},"type":"binary-expr","locations":[{"start":{"line":234,"column":21},"end":{"line":234,"column":37}},{"start":{"line":234,"column":41},"end":{"line":234,"column":43}}]},"17":{"loc":{"start":{"line":245,"column":13},"end":{"line":253,"column":null}},"type":"binary-expr","locations":[{"start":{"line":245,"column":13},"end":{"line":245,"column":39}},{"start":{"line":246,"column":14},"end":{"line":252,"column":null}}]},"18":{"loc":{"start":{"line":260,"column":21},"end":{"line":260,"column":45}},"type":"binary-expr","locations":[{"start":{"line":260,"column":21},"end":{"line":260,"column":39}},{"start":{"line":260,"column":43},"end":{"line":260,"column":45}}]},"19":{"loc":{"start":{"line":275,"column":21},"end":{"line":275,"column":45}},"type":"binary-expr","locations":[{"start":{"line":275,"column":21},"end":{"line":275,"column":39}},{"start":{"line":275,"column":43},"end":{"line":275,"column":45}}]},"20":{"loc":{"start":{"line":291,"column":15},"end":{"line":291,"column":63}},"type":"cond-expr","locations":[{"start":{"line":291,"column":31},"end":{"line":291,"column":46}},{"start":{"line":291,"column":49},"end":{"line":291,"column":63}}]},"21":{"loc":{"start":{"line":293,"column":11},"end":{"line":302,"column":null}},"type":"binary-expr","locations":[{"start":{"line":293,"column":11},"end":{"line":293,"column":24}},{"start":{"line":294,"column":12},"end":{"line":300,"column":null}}]},"22":{"loc":{"start":{"line":309,"column":9},"end":{"line":352,"column":null}},"type":"cond-expr","locations":[{"start":{"line":310,"column":10},"end":{"line":310,"column":71}},{"start":{"line":312,"column":10},"end":{"line":352,"column":12}}]}},"s":{"0":0,"1":0,"2":0,"3":0,"4":0,"5":0,"6":0,"7":0,"8":0,"9":0,"10":0,"11":0,"12":0,"13":0,"14":0,"15":0,"16":0,"17":0,"18":0,"19":0,"20":0,"21":0,"22":0,"23":0,"24":0,"25":0,"26":0,"27":0,"28":0,"29":0,"30":0,"31":0,"32":0,"33":0,"34":0,"35":0,"36":0,"37":0,"38":0,"39":0,"40":0,"41":0,"42":0,"43":0,"44":0,"45":0,"46":0,"47":0,"48":0,"49":0,"50":0,"51":0,"52":0,"53":0,"54":0,"55":0,"56":0,"57":0,"58":0,"59":0,"60":0,"61":0,"62":0,"63":0,"64":0,"65":0,"66":0,"67":0,"68":0,"69":0,"70":0,"71":0,"72":0,"73":0,"74":0,"75":0,"76":0,"77":0,"78":0,"79":0,"80":0,"81":0,"82":0,"83":0,"84":0,"85":0,"86":0,"87":0,"88":0,"89":0,"90":0,"91":0,"92":0,"93":0,"94":0,"95":0,"96":0,"97":0,"98":0,"99":0,"100":0},"f":{"0":0,"1":0,"2":0,"3":0,"4":0,"5":0,"6":0,"7":0,"8":0,"9":0,"10":0,"11":0,"12":0,"13":0,"14":0,"15":0,"16":0,"17":0,"18":0,"19":0,"20":0,"21":0,"22":0,"23":0,"24":0,"25":0,"26":0},"b":{"0":[0,0],"1":[0],"2":[0],"3":[0],"4":[0,0],"5":[0],"6":[0,0],"7":[0,0,0],"8":[0],"9":[0],"10":[0,0],"11":[0],"12":[0],"13":[0,0],"14":[0,0],"15":[0,0],"16":[0,0],"17":[0,0],"18":[0,0],"19":[0,0],"20":[0,0],"21":[0,0],"22":[0,0]}}
,"C:\\Flashcard-app\\apps\\client\\src\\pages\\UserSettingPage.tsx": {"path":"C:\\Flashcard-app\\apps\\client\\src\\pages\\UserSettingPage.tsx","statementMap":{"0":{"start":{"line":1,"column":0},"end":{"line":1,"column":51}},"1":{"start":{"line":2,"column":0},"end":{"line":2,"column":42}},"2":{"start":{"line":3,"column":0},"end":{"line":3,"column":39}},"3":{"start":{"line":14,"column":27},"end":{"line":31,"column":1}},"4":{"start":{"line":15,"column":16},"end":{"line":15,"column":49}},"5":{"start":{"line":16,"column":2},"end":{"line":16,"column":26}},"6":{"start":{"line":16,"column":14},"end":{"line":16,"column":26}},"7":{"start":{"line":18,"column":2},"end":{"line":30,"column":3}},"8":{"start":{"line":19,"column":20},"end":{"line":19,"column":50}},"9":{"start":{"line":20,"column":24},"end":{"line":20,"column":41}},"10":{"start":{"line":21,"column":4},"end":{"line":25,"column":5}},"11":{"start":{"line":22,"column":6},"end":{"line":22,"column":35}},"12":{"start":{"line":23,"column":6},"end":{"line":23,"column":43}},"13":{"start":{"line":24,"column":6},"end":{"line":24,"column":18}},"14":{"start":{"line":26,"column":4},"end":{"line":26,"column":26}},"15":{"start":{"line":28,"column":4},"end":{"line":28,"column":52}},"16":{"start":{"line":29,"column":4},"end":{"line":29,"column":16}},"17":{"start":{"line":33,"column":34},"end":{"line":141,"column":1}},"18":{"start":{"line":34,"column":28},"end":{"line":34,"column":40}},"19":{"start":{"line":35,"column":34},"end":{"line":35,"column":46}},"20":{"start":{"line":36,"column":32},"end":{"line":36,"column":44}},"21":{"start":{"line":37,"column":17},"end":{"line":37,"column":37}},"22":{"start":{"line":39,"column":2},"end":{"line":64,"column":15}},"23":{"start":{"line":40,"column":26},"end":{"line":61,"column":6}},"24":{"start":{"line":40,"column":37},"end":{"line":61,"column":6}},"25":{"start":{"line":41,"column":20},"end":{"line":41,"column":53}},"26":{"start":{"line":42,"column":6},"end":{"line":42,"column":36}},"27":{"start":{"line":42,"column":29},"end":{"line":42,"column":36}},"28":{"start":{"line":44,"column":6},"end":{"line":60,"column":7}},"29":{"start":{"line":45,"column":25},"end":{"line":49,"column":10}},"30":{"start":{"line":51,"column":21},"end":{"line":51,"column":42}},"31":{"start":{"line":52,"column":8},"end":{"line":56,"column":9}},"32":{"start":{"line":53,"column":10},"end":{"line":53,"column":31}},"33":{"start":{"line":55,"column":10},"end":{"line":55,"column":80}},"34":{"start":{"line":58,"column":8},"end":{"line":58,"column":54}},"35":{"start":{"line":59,"column":8},"end":{"line":59,"column":49}},"36":{"start":{"line":63,"column":4},"end":{"line":63,"column":20}},"37":{"start":{"line":66,"column":23},"end":{"line":97,"column":4}},"38":{"start":{"line":66,"column":52},"end":{"line":97,"column":4}},"39":{"start":{"line":67,"column":4},"end":{"line":67,"column":23}},"40":{"start":{"line":69,"column":4},"end":{"line":72,"column":5}},"41":{"start":{"line":70,"column":6},"end":{"line":70,"column":52}},"42":{"start":{"line":71,"column":6},"end":{"line":71,"column":13}},"43":{"start":{"line":74,"column":4},"end":{"line":96,"column":5}},"44":{"start":{"line":75,"column":20},"end":{"line":75,"column":53}},"45":{"start":{"line":77,"column":23},"end":{"line":84,"column":8}},"46":{"start":{"line":86,"column":19},"end":{"line":86,"column":40}},"47":{"start":{"line":88,"column":6},"end":{"line":92,"column":7}},"48":{"start":{"line":89,"column":8},"end":{"line":89,"column":42}},"49":{"start":{"line":91,"column":8},"end":{"line":91,"column":52}},"50":{"start":{"line":94,"column":6},"end":{"line":94,"column":52}},"51":{"start":{"line":95,"column":6},"end":{"line":95,"column":47}},"52":{"start":{"line":99,"column":2},"end":{"line":140,"column":4}},"53":{"start":{"line":114,"column":31},"end":{"line":114,"column":55}},"54":{"start":{"line":124,"column":31},"end":{"line":124,"column":58}},"55":{"start":{"line":143,"column":0},"end":{"line":143,"column":31}}},"fnMap":{"0":{"name":"(anonymous_8)","decl":{"start":{"line":14,"column":27},"end":{"line":14,"column":30}},"loc":{"start":{"line":14,"column":32},"end":{"line":31,"column":1}}},"1":{"name":"(anonymous_9)","decl":{"start":{"line":33,"column":34},"end":{"line":33,"column":37}},"loc":{"start":{"line":33,"column":39},"end":{"line":141,"column":1}}},"2":{"name":"(anonymous_10)","decl":{"start":{"line":39,"column":12},"end":{"line":39,"column":15}},"loc":{"start":{"line":39,"column":17},"end":{"line":64,"column":3}}},"3":{"name":"(anonymous_11)","decl":{"start":{"line":40,"column":26},"end":{"line":40,"column":35}},"loc":{"start":{"line":40,"column":37},"end":{"line":61,"column":6}}},"4":{"name":"(anonymous_12)","decl":{"start":{"line":40,"column":37},"end":{"line":40,"column":null}},"loc":{"start":{"line":40,"column":37},"end":{"line":61,"column":5}}},"5":{"name":"(anonymous_13)","decl":{"start":{"line":66,"column":23},"end":{"line":66,"column":30}},"loc":{"start":{"line":66,"column":52},"end":{"line":97,"column":4}}},"6":{"name":"(anonymous_14)","decl":{"start":{"line":66,"column":52},"end":{"line":66,"column":null}},"loc":{"start":{"line":66,"column":52},"end":{"line":97,"column":3}}},"7":{"name":"(anonymous_15)","decl":{"start":{"line":114,"column":24},"end":{"line":114,"column":25}},"loc":{"start":{"line":114,"column":31},"end":{"line":114,"column":55}}},"8":{"name":"(anonymous_16)","decl":{"start":{"line":124,"column":24},"end":{"line":124,"column":25}},"loc":{"start":{"line":124,"column":31},"end":{"line":124,"column":58}}}},"branchMap":{"0":{"loc":{"start":{"line":16,"column":2},"end":{"line":16,"column":26}},"type":"if","locations":[{"start":{"line":16,"column":2},"end":{"line":16,"column":26}}]},"1":{"loc":{"start":{"line":21,"column":4},"end":{"line":25,"column":5}},"type":"if","locations":[{"start":{"line":21,"column":4},"end":{"line":25,"column":5}}]},"2":{"loc":{"start":{"line":42,"column":6},"end":{"line":42,"column":36}},"type":"if","locations":[{"start":{"line":42,"column":6},"end":{"line":42,"column":36}}]},"3":{"loc":{"start":{"line":42,"column":10},"end":{"line":42,"column":27}},"type":"binary-expr","locations":[{"start":{"line":42,"column":10},"end":{"line":42,"column":16}},{"start":{"line":42,"column":20},"end":{"line":42,"column":27}}]},"4":{"loc":{"start":{"line":52,"column":8},"end":{"line":56,"column":9}},"type":"if","locations":[{"start":{"line":52,"column":8},"end":{"line":56,"column":9}},{"start":{"line":54,"column":15},"end":{"line":56,"column":9}}]},"5":{"loc":{"start":{"line":55,"column":21},"end":{"line":55,"column":78}},"type":"binary-expr","locations":[{"start":{"line":55,"column":21},"end":{"line":55,"column":33}},{"start":{"line":55,"column":37},"end":{"line":55,"column":78}}]},"6":{"loc":{"start":{"line":69,"column":4},"end":{"line":72,"column":5}},"type":"if","locations":[{"start":{"line":69,"column":4},"end":{"line":72,"column":5}}]},"7":{"loc":{"start":{"line":88,"column":6},"end":{"line":92,"column":7}},"type":"if","locations":[{"start":{"line":88,"column":6},"end":{"line":92,"column":7}},{"start":{"line":90,"column":13},"end":{"line":92,"column":7}}]},"8":{"loc":{"start":{"line":91,"column":19},"end":{"line":91,"column":50}},"type":"binary-expr","locations":[{"start":{"line":91,"column":19},"end":{"line":91,"column":31}},{"start":{"line":91,"column":35},"end":{"line":91,"column":50}}]},"9":{"loc":{"start":{"line":137,"column":9},"end":{"line":137,"column":36}},"type":"binary-expr","locations":[{"start":{"line":137,"column":9},"end":{"line":137,"column":16}},{"start":{"line":137,"column":20},"end":{"line":137,"column":36}}]}},"s":{"0":0,"1":0,"2":0,"3":0,"4":0,"5":0,"6":0,"7":0,"8":0,"9":0,"10":0,"11":0,"12":0,"13":0,"14":0,"15":0,"16":0,"17":0,"18":0,"19":0,"20":0,"21":0,"22":0,"23":0,"24":0,"25":0,"26":0,"27":0,"28":0,"29":0,"30":0,"31":0,"32":0,"33":0,"34":0,"35":0,"36":0,"37":0,"38":0,"39":0,"40":0,"41":0,"42":0,"43":0,"44":0,"45":0,"46":0,"47":0,"48":0,"49":0,"50":0,"51":0,"52":0,"53":0,"54":0,"55":0},"f":{"0":0,"1":0,"2":0,"3":0,"4":0,"5":0,"6":0,"7":0,"8":0},"b":{"0":[0],"1":[0],"2":[0],"3":[0,0],"4":[0,0],"5":[0,0],"6":[0],"7":[0,0],"8":[0,0],"9":[0,0]}}
,"C:\\Flashcard-app\\apps\\client\\src\\test-utils\\fileMock.ts": {"path":"C:\\Flashcard-app\\apps\\client\\src\\test-utils\\fileMock.ts","statementMap":{"0":{"start":{"line":1,"column":0},"end":{"line":1,"column":32}}},"fnMap":{},"branchMap":{},"s":{"0":0},"f":{},"b":{}}
,"C:\\Flashcard-app\\apps\\client\\src\\test-utils\\mockRouter.tsx": {"path":"C:\\Flashcard-app\\apps\\client\\src\\test-utils\\mockRouter.tsx","statementMap":{"0":{"start":{"line":5,"column":0},"end":{"line":18,"column":4}},"1":{"start":{"line":5,"column":36},"end":{"line":17,"column":null}},"2":{"start":{"line":7,"column":66},"end":{"line":7,"column":81}},"3":{"start":{"line":8,"column":59},"end":{"line":8,"column":74}},"4":{"start":{"line":9,"column":56},"end":{"line":9,"column":70}},"5":{"start":{"line":10,"column":21},"end":{"line":10,"column":30}},"6":{"start":{"line":11,"column":22},"end":{"line":17,"column":4}},"7":{"start":{"line":21,"column":32},"end":{"line":27,"column":1}},"8":{"start":{"line":25,"column":2},"end":{"line":25,"column":51}},"9":{"start":{"line":26,"column":2},"end":{"line":26,"column":12}},"10":{"start":{"line":21,"column":13},"end":{"line":21,"column":32}}},"fnMap":{"0":{"name":"(anonymous_0)","decl":{"start":{"line":5,"column":30},"end":{"line":5,"column":33}},"loc":{"start":{"line":5,"column":36},"end":{"line":17,"column":null}}},"1":{"name":"(anonymous_1)","decl":{"start":{"line":7,"column":17},"end":{"line":7,"column":18}},"loc":{"start":{"line":7,"column":66},"end":{"line":7,"column":81}}},"2":{"name":"(anonymous_2)","decl":{"start":{"line":8,"column":10},"end":{"line":8,"column":11}},"loc":{"start":{"line":8,"column":59},"end":{"line":8,"column":74}}},"3":{"name":"(anonymous_3)","decl":{"start":{"line":9,"column":9},"end":{"line":9,"column":10}},"loc":{"start":{"line":9,"column":56},"end":{"line":9,"column":70}}},"4":{"name":"(anonymous_4)","decl":{"start":{"line":10,"column":15},"end":{"line":10,"column":18}},"loc":{"start":{"line":10,"column":21},"end":{"line":10,"column":30}}},"5":{"name":"(anonymous_5)","decl":{"start":{"line":11,"column":15},"end":{"line":11,"column":18}},"loc":{"start":{"line":11,"column":22},"end":{"line":17,"column":4}}},"6":{"name":"(anonymous_6)","decl":{"start":{"line":21,"column":32},"end":{"line":21,"column":null}},"loc":{"start":{"line":24,"column":4},"end":{"line":27,"column":1}}}},"branchMap":{"0":{"loc":{"start":{"line":23,"column":2},"end":{"line":23,"column":22}},"type":"default-arg","locations":[{"start":{"line":23,"column":20},"end":{"line":23,"column":22}}]},"1":{"loc":{"start":{"line":23,"column":4},"end":{"line":23,"column":15}},"type":"default-arg","locations":[{"start":{"line":23,"column":12},"end":{"line":23,"column":15}}]}},"s":{"0":0,"1":0,"2":0,"3":0,"4":0,"5":0,"6":0,"7":0,"8":0,"9":0,"10":0},"f":{"0":0,"1":0,"2":0,"3":0,"4":0,"5":0,"6":0},"b":{"0":[0],"1":[0]}}
,"C:\\Flashcard-app\\apps\\client\\src\\test-utils\\test-utils.tsx": {"path":"C:\\Flashcard-app\\apps\\client\\src\\test-utils\\test-utils.tsx","statementMap":{"0":{"start":{"line":2,"column":0},"end":{"line":2,"column":63}},"1":{"start":{"line":5,"column":24},"end":{"line":11,"column":1}},"2":{"start":{"line":6,"column":2},"end":{"line":10,"column":4}},"3":{"start":{"line":13,"column":21},"end":{"line":16,"column":57}},"4":{"start":{"line":16,"column":5},"end":{"line":16,"column":57}},"5":{"start":{"line":19,"column":25},"end":{"line":19,"column":31}},"6":{"start":{"line":18,"column":0},"end":{"line":18,"column":39}}},"fnMap":{"0":{"name":"(anonymous_4)","decl":{"start":{"line":5,"column":24},"end":{"line":5,"column":25}},"loc":{"start":{"line":5,"column":72},"end":{"line":11,"column":1}}},"1":{"name":"(anonymous_5)","decl":{"start":{"line":13,"column":21},"end":{"line":13,"column":null}},"loc":{"start":{"line":16,"column":5},"end":{"line":16,"column":57}}}},"branchMap":{},"s":{"0":0,"1":0,"2":0,"3":0,"4":0,"5":0,"6":0},"f":{"0":0,"1":0},"b":{}}
}
