TN:
SF:apps\client\src\App.tsx
FN:13,App
FNF:1
FNH:1
FNDA:19,App
DA:1,1
DA:2,1
DA:3,1
DA:4,1
DA:5,1
DA:6,1
DA:7,1
DA:8,1
DA:9,1
DA:10,1
DA:11,1
DA:14,19
DA:83,1
LF:13
LH:13
BRF:0
BRH:0
end_of_record
TN:
SF:apps\client\src\components\Flashcard.tsx
FN:14,(anonymous_0)
FN:27,(anonymous_1)
FNF:2
FNH:2
FNDA:14,(anonymous_0)
FNDA:7,(anonymous_1)
DA:1,1
DA:2,1
DA:3,1
DA:14,1
DA:22,14
DA:24,14
DA:27,7
DA:52,1
LF:8
LH:8
BRDA:20,0,0,10
BRDA:31,1,0,6
BRDA:31,1,1,8
BRDA:44,2,0,2
BRDA:44,2,1,12
BRF:5
BRH:5
end_of_record
TN:
SF:apps\client\src\components\Navbar.tsx
FN:6,(anonymous_0)
FN:10,(anonymous_1)
FN:15,(anonymous_2)
FN:26,(anonymous_3)
FN:35,(anonymous_4)
FN:60,(anonymous_5)
FN:63,(anonymous_6)
FN:66,(anonymous_7)
FN:69,(anonymous_8)
FN:72,(anonymous_9)
FN:84,(anonymous_10)
FN:85,(anonymous_11)
FN:86,(anonymous_12)
FN:87,(anonymous_13)
FN:88,(anonymous_14)
FNF:15
FNH:10
FNDA:7,(anonymous_0)
FNDA:6,(anonymous_1)
FNDA:1,(anonymous_2)
FNDA:1,(anonymous_3)
FNDA:2,(anonymous_4)
FNDA:1,(anonymous_5)
FNDA:1,(anonymous_6)
FNDA:1,(anonymous_7)
FNDA:1,(anonymous_8)
FNDA:1,(anonymous_9)
FNDA:0,(anonymous_10)
FNDA:0,(anonymous_11)
FNDA:0,(anonymous_12)
FNDA:0,(anonymous_13)
FNDA:0,(anonymous_14)
DA:2,1
DA:3,1
DA:4,1
DA:6,1
DA:7,7
DA:8,7
DA:10,7
DA:11,6
DA:12,6
DA:15,7
DA:16,1
DA:17,1
DA:18,1
DA:22,7
DA:26,1
DA:35,2
DA:60,1
DA:63,1
DA:66,1
DA:69,1
DA:72,1
DA:84,0
DA:85,0
DA:86,0
DA:87,0
DA:88,0
DA:96,1
LF:27
LH:22
BRDA:49,0,0,1
BRDA:49,0,1,6
BRDA:82,1,0,7
BRDA:82,1,1,1
BRF:4
BRH:4
end_of_record
TN:
SF:apps\client\src\components\PrivateRoute.tsx
FN:10,(anonymous_0)
FNF:1
FNH:1
FNDA:4,(anonymous_0)
DA:2,1
DA:10,1
DA:11,4
DA:13,4
DA:14,2
DA:17,2
DA:20,1
LF:7
LH:7
BRDA:13,0,0,2
BRF:1
BRH:1
end_of_record
TN:
SF:apps\client\src\pages\AddFlashcardPage.tsx
FN:15,(anonymous_8)
FN:24,(anonymous_9)
FN:24,(anonymous_10)
FN:36,(anonymous_11)
FN:60,(anonymous_12)
FN:74,(anonymous_13)
FN:104,(anonymous_14)
FN:112,(anonymous_15)
FN:120,(anonymous_16)
FN:126,(anonymous_17)
FN:137,(anonymous_18)
FNF:11
FNH:0
FNDA:0,(anonymous_8)
FNDA:0,(anonymous_9)
FNDA:0,(anonymous_10)
FNDA:0,(anonymous_11)
FNDA:0,(anonymous_12)
FNDA:0,(anonymous_13)
FNDA:0,(anonymous_14)
FNDA:0,(anonymous_15)
FNDA:0,(anonymous_16)
FNDA:0,(anonymous_17)
FNDA:0,(anonymous_18)
DA:1,0
DA:2,0
DA:3,0
DA:15,0
DA:16,0
DA:17,0
DA:18,0
DA:19,0
DA:20,0
DA:21,0
DA:22,0
DA:24,0
DA:25,0
DA:26,0
DA:28,0
DA:35,0
DA:36,0
DA:39,0
DA:40,0
DA:41,0
DA:44,0
DA:46,0
DA:48,0
DA:57,0
DA:58,0
DA:59,0
DA:60,0
DA:67,0
DA:68,0
DA:69,0
DA:70,0
DA:71,0
DA:74,0
DA:75,0
DA:78,0
DA:79,0
DA:83,0
DA:104,0
DA:112,0
DA:120,0
DA:126,0
DA:137,0
DA:174,0
LF:43
LH:0
BRDA:36,0,0,0
BRDA:36,0,1,0
BRDA:39,1,0,0
BRDA:57,2,0,0
BRDA:57,2,1,0
BRDA:75,3,0,0
BRDA:75,3,1,0
BRDA:153,4,0,0
BRDA:153,4,1,0
BRDA:158,5,0,0
BRDA:158,5,1,0
BRF:11
BRH:0
end_of_record
TN:
SF:apps\client\src\pages\AddSetsFlashcards.tsx
FN:15,(anonymous_8)
FN:25,(anonymous_9)
FN:34,(anonymous_10)
FN:44,(anonymous_11)
FN:49,(anonymous_12)
FN:52,(anonymous_13)
FN:54,(anonymous_14)
FN:59,(anonymous_15)
FN:63,(anonymous_16)
FN:63,(anonymous_17)
FN:73,(anonymous_18)
FN:136,(anonymous_19)
FN:148,(anonymous_20)
FN:160,(anonymous_21)
FN:170,(anonymous_22)
FN:185,(anonymous_23)
FNF:16
FNH:0
FNDA:0,(anonymous_8)
FNDA:0,(anonymous_9)
FNDA:0,(anonymous_10)
FNDA:0,(anonymous_11)
FNDA:0,(anonymous_12)
FNDA:0,(anonymous_13)
FNDA:0,(anonymous_14)
FNDA:0,(anonymous_15)
FNDA:0,(anonymous_16)
FNDA:0,(anonymous_17)
FNDA:0,(anonymous_18)
FNDA:0,(anonymous_19)
FNDA:0,(anonymous_20)
FNDA:0,(anonymous_21)
FNDA:0,(anonymous_22)
FNDA:0,(anonymous_23)
DA:1,0
DA:2,0
DA:3,0
DA:4,0
DA:15,0
DA:16,0
DA:19,0
DA:20,0
DA:21,0
DA:23,0
DA:25,0
DA:26,0
DA:27,0
DA:31,0
DA:34,0
DA:36,0
DA:37,0
DA:38,0
DA:41,0
DA:43,0
DA:44,0
DA:49,0
DA:52,0
DA:53,0
DA:54,0
DA:55,0
DA:59,0
DA:60,0
DA:63,0
DA:64,0
DA:67,0
DA:68,0
DA:69,0
DA:73,0
DA:74,0
DA:77,0
DA:78,0
DA:79,0
DA:82,0
DA:83,0
DA:85,0
DA:86,0
DA:88,0
DA:89,0
DA:90,0
DA:91,0
DA:95,0
DA:101,0
DA:103,0
DA:104,0
DA:105,0
DA:109,0
DA:111,0
DA:136,0
DA:148,0
DA:160,0
DA:170,0
DA:185,0
DA:230,0
LF:59
LH:0
BRDA:36,0,0,0
BRDA:43,1,0,0
BRDA:53,2,0,0
BRDA:60,3,0,0
BRDA:60,3,1,0
BRDA:60,3,2,0
BRDA:60,3,3,0
BRDA:60,3,4,0
BRDA:67,4,0,0
BRDA:74,5,0,0
BRDA:74,5,1,0
BRDA:74,5,2,0
BRDA:74,5,3,0
BRDA:74,5,4,0
BRDA:77,6,0,0
BRDA:88,7,0,0
BRDA:116,8,0,0
BRDA:116,8,1,0
BRDA:222,9,0,0
BRDA:222,9,1,0
BRF:20
BRH:0
end_of_record
TN:
SF:apps\client\src\pages\DashboardPage.tsx
FN:5,(anonymous_1)
FNF:1
FNH:0
FNDA:0,(anonymous_1)
DA:2,0
DA:3,0
DA:5,0
DA:7,0
DA:19,0
LF:5
LH:0
BRF:0
BRH:0
end_of_record
TN:
SF:apps\client\src\pages\EditFlashcardPage.tsx
FN:4,(anonymous_1)
FNF:1
FNH:0
FNDA:0,(anonymous_1)
DA:2,0
DA:4,0
DA:7,0
DA:16,0
LF:4
LH:0
BRF:0
BRH:0
end_of_record
TN:
SF:apps\client\src\pages\GuessFlashcard.tsx
FN:15,(anonymous_1)
FN:28,(anonymous_2)
FN:41,(anonymous_3)
FN:47,(anonymous_4)
FN:51,(anonymous_5)
FN:55,(anonymous_6)
FN:57,(anonymous_7)
FN:60,(anonymous_8)
FN:69,(anonymous_9)
FN:75,(anonymous_10)
FN:77,(anonymous_11)
FN:80,(anonymous_12)
FN:93,(anonymous_13)
FN:95,(anonymous_14)
FN:96,(anonymous_15)
FN:108,(anonymous_16)
FN:110,(anonymous_17)
FN:123,(anonymous_18)
FN:129,(anonymous_19)
FN:158,(anonymous_20)
FNF:20
FNH:0
FNDA:0,(anonymous_1)
FNDA:0,(anonymous_2)
FNDA:0,(anonymous_3)
FNDA:0,(anonymous_4)
FNDA:0,(anonymous_5)
FNDA:0,(anonymous_6)
FNDA:0,(anonymous_7)
FNDA:0,(anonymous_8)
FNDA:0,(anonymous_9)
FNDA:0,(anonymous_10)
FNDA:0,(anonymous_11)
FNDA:0,(anonymous_12)
FNDA:0,(anonymous_13)
FNDA:0,(anonymous_14)
FNDA:0,(anonymous_15)
FNDA:0,(anonymous_16)
FNDA:0,(anonymous_17)
FNDA:0,(anonymous_18)
FNDA:0,(anonymous_19)
FNDA:0,(anonymous_20)
DA:1,0
DA:2,0
DA:3,0
DA:15,0
DA:16,0
DA:17,0
DA:18,0
DA:19,0
DA:20,0
DA:21,0
DA:22,0
DA:23,0
DA:24,0
DA:28,0
DA:29,0
DA:31,0
DA:32,0
DA:33,0
DA:36,0
DA:42,0
DA:43,0
DA:45,0
DA:48,0
DA:49,0
DA:51,0
DA:55,0
DA:57,0
DA:58,0
DA:59,0
DA:60,0
DA:61,0
DA:62,0
DA:63,0
DA:64,0
DA:65,0
DA:69,0
DA:70,0
DA:72,0
DA:74,0
DA:75,0
DA:77,0
DA:80,0
DA:81,0
DA:82,0
DA:83,0
DA:85,0
DA:88,0
DA:89,0
DA:90,0
DA:92,0
DA:93,0
DA:94,0
DA:95,0
DA:96,0
DA:98,0
DA:99,0
DA:100,0
DA:101,0
DA:102,0
DA:103,0
DA:108,0
DA:110,0
DA:112,0
DA:124,0
DA:130,0
DA:158,0
DA:173,0
LF:67
LH:0
BRDA:31,0,0,0
BRDA:42,1,0,0
BRDA:49,2,0,0
BRDA:49,2,1,0
BRDA:70,3,0,0
BRDA:74,4,0,0
BRDA:74,4,1,0
BRDA:81,5,0,0
BRDA:82,6,0,0
BRDA:82,6,1,0
BRDA:82,7,0,0
BRDA:82,7,1,0
BRDA:89,8,0,0
BRDA:89,8,1,0
BRDA:92,9,0,0
BRDA:96,10,0,0
BRDA:96,10,1,0
BRDA:96,11,0,0
BRDA:96,11,1,0
BRDA:138,12,0,0
BRDA:138,12,1,0
BRDA:150,13,0,0
BRDA:150,13,1,0
BRDA:166,14,0,0
BRDA:166,14,1,0
BRF:25
BRH:0
end_of_record
TN:
SF:apps\client\src\pages\LoginPage.tsx
FN:5,(anonymous_8)
FN:11,(anonymous_9)
FN:11,(anonymous_10)
FN:56,(anonymous_11)
FN:64,(anonymous_12)
FN:70,(anonymous_13)
FNF:6
FNH:0
FNDA:0,(anonymous_8)
FNDA:0,(anonymous_9)
FNDA:0,(anonymous_10)
FNDA:0,(anonymous_11)
FNDA:0,(anonymous_12)
FNDA:0,(anonymous_13)
DA:1,0
DA:2,0
DA:5,0
DA:6,0
DA:7,0
DA:8,0
DA:9,0
DA:11,0
DA:12,0
DA:13,0
DA:14,0
DA:16,0
DA:17,0
DA:18,0
DA:26,0
DA:27,0
DA:28,0
DA:30,0
DA:31,0
DA:32,0
DA:33,0
DA:34,0
DA:36,0
DA:37,0
DA:40,0
DA:41,0
DA:47,0
DA:56,0
DA:64,0
DA:70,0
DA:79,0
LF:31
LH:0
BRDA:30,0,0,0
BRDA:30,0,1,0
BRDA:37,1,0,0
BRDA:37,1,1,0
BRDA:73,2,0,0
BRDA:73,2,1,0
BRF:6
BRH:0
end_of_record
TN:
SF:apps\client\src\pages\RegisterPage.tsx
FN:5,(anonymous_8)
FN:13,(anonymous_9)
FN:13,(anonymous_10)
FN:28,(anonymous_11)
FN:47,(anonymous_12)
FN:55,(anonymous_13)
FN:63,(anonymous_14)
FN:71,(anonymous_15)
FNF:8
FNH:0
FNDA:0,(anonymous_8)
FNDA:0,(anonymous_9)
FNDA:0,(anonymous_10)
FNDA:0,(anonymous_11)
FNDA:0,(anonymous_12)
FNDA:0,(anonymous_13)
FNDA:0,(anonymous_14)
FNDA:0,(anonymous_15)
DA:1,0
DA:2,0
DA:3,0
DA:5,0
DA:6,0
DA:7,0
DA:8,0
DA:9,0
DA:10,0
DA:11,0
DA:13,0
DA:14,0
DA:15,0
DA:16,0
DA:17,0
DA:24,0
DA:26,0
DA:27,0
DA:28,0
DA:29,0
DA:31,0
DA:34,0
DA:38,0
DA:47,0
DA:55,0
DA:63,0
DA:71,0
DA:83,0
LF:28
LH:0
BRDA:26,0,0,0
BRDA:26,0,1,0
BRDA:31,1,0,0
BRDA:31,1,1,0
BRDA:77,2,0,0
BRDA:77,2,1,0
BRF:6
BRH:0
end_of_record
TN:
SF:apps\client\src\pages\ShowFlashcardSets.tsx
FN:15,(anonymous_8)
FN:22,(anonymous_9)
FN:27,(anonymous_10)
FN:28,(anonymous_11)
FN:40,(anonymous_12)
FN:53,(anonymous_13)
FN:59,(anonymous_14)
FN:63,(anonymous_15)
FN:70,(anonymous_16)
FN:70,(anonymous_17)
FN:92,(anonymous_18)
FN:93,(anonymous_19)
FN:105,(anonymous_20)
FN:109,(anonymous_21)
FN:109,(anonymous_22)
FN:144,(anonymous_23)
FN:149,(anonymous_24)
FN:149,(anonymous_25)
FN:170,(anonymous_26)
FN:170,(anonymous_27)
FN:240,(anonymous_28)
FN:296,(anonymous_29)
FN:312,(anonymous_30)
FN:317,(anonymous_31)
FN:324,(anonymous_32)
FN:335,(anonymous_33)
FN:341,(anonymous_34)
FNF:27
FNH:0
FNDA:0,(anonymous_8)
FNDA:0,(anonymous_9)
FNDA:0,(anonymous_10)
FNDA:0,(anonymous_11)
FNDA:0,(anonymous_12)
FNDA:0,(anonymous_13)
FNDA:0,(anonymous_14)
FNDA:0,(anonymous_15)
FNDA:0,(anonymous_16)
FNDA:0,(anonymous_17)
FNDA:0,(anonymous_18)
FNDA:0,(anonymous_19)
FNDA:0,(anonymous_20)
FNDA:0,(anonymous_21)
FNDA:0,(anonymous_22)
FNDA:0,(anonymous_23)
FNDA:0,(anonymous_24)
FNDA:0,(anonymous_25)
FNDA:0,(anonymous_26)
FNDA:0,(anonymous_27)
FNDA:0,(anonymous_28)
FNDA:0,(anonymous_29)
FNDA:0,(anonymous_30)
FNDA:0,(anonymous_31)
FNDA:0,(anonymous_32)
FNDA:0,(anonymous_33)
FNDA:0,(anonymous_34)
DA:1,0
DA:2,0
DA:3,0
DA:4,0
DA:15,0
DA:16,0
DA:17,0
DA:18,0
DA:19,0
DA:20,0
DA:22,0
DA:23,0
DA:27,0
DA:28,0
DA:29,0
DA:30,0
DA:31,0
DA:33,0
DA:34,0
DA:37,0
DA:40,0
DA:41,0
DA:43,0
DA:44,0
DA:45,0
DA:48,0
DA:54,0
DA:55,0
DA:57,0
DA:60,0
DA:61,0
DA:64,0
DA:66,0
DA:70,0
DA:71,0
DA:72,0
DA:74,0
DA:75,0
DA:76,0
DA:79,0
DA:85,0
DA:87,0
DA:88,0
DA:91,0
DA:92,0
DA:93,0
DA:94,0
DA:95,0
DA:98,0
DA:101,0
DA:105,0
DA:106,0
DA:109,0
DA:110,0
DA:112,0
DA:113,0
DA:115,0
DA:116,0
DA:117,0
DA:120,0
DA:122,0
DA:127,0
DA:130,0
DA:137,0
DA:138,0
DA:140,0
DA:144,0
DA:145,0
DA:146,0
DA:149,0
DA:150,0
DA:151,0
DA:153,0
DA:154,0
DA:155,0
DA:158,0
DA:164,0
DA:166,0
DA:170,0
DA:171,0
DA:172,0
DA:174,0
DA:175,0
DA:176,0
DA:179,0
DA:185,0
DA:187,0
DA:191,0
DA:241,0
DA:297,0
DA:298,0
DA:313,0
DA:317,0
DA:325,0
DA:335,0
DA:341,0
DA:359,0
LF:97
LH:0
BRDA:29,0,0,0
BRDA:29,0,1,0
BRDA:30,1,0,0
BRDA:43,2,0,0
BRDA:54,3,0,0
BRDA:61,4,0,0
BRDA:61,4,1,0
BRDA:74,5,0,0
BRDA:87,6,0,0
BRDA:87,6,1,0
BRDA:92,7,0,0
BRDA:92,7,1,0
BRDA:92,7,2,0
BRDA:94,8,0,0
BRDA:115,9,0,0
BRDA:120,10,0,0
BRDA:120,10,1,0
BRDA:153,11,0,0
BRDA:174,12,0,0
BRDA:204,13,0,0
BRDA:204,13,1,0
BRDA:212,14,0,0
BRDA:212,14,1,0
BRDA:224,15,0,0
BRDA:224,15,1,0
BRDA:234,16,0,0
BRDA:234,16,1,0
BRDA:245,17,0,0
BRDA:245,17,1,0
BRDA:260,18,0,0
BRDA:260,18,1,0
BRDA:275,19,0,0
BRDA:275,19,1,0
BRDA:291,20,0,0
BRDA:291,20,1,0
BRDA:293,21,0,0
BRDA:293,21,1,0
BRDA:309,22,0,0
BRDA:309,22,1,0
BRF:39
BRH:0
end_of_record
TN:
SF:apps\client\src\pages\UserSettingPage.tsx
FN:14,(anonymous_8)
FN:33,(anonymous_9)
FN:39,(anonymous_10)
FN:40,(anonymous_11)
FN:40,(anonymous_12)
FN:66,(anonymous_13)
FN:66,(anonymous_14)
FN:114,(anonymous_15)
FN:124,(anonymous_16)
FNF:9
FNH:0
FNDA:0,(anonymous_8)
FNDA:0,(anonymous_9)
FNDA:0,(anonymous_10)
FNDA:0,(anonymous_11)
FNDA:0,(anonymous_12)
FNDA:0,(anonymous_13)
FNDA:0,(anonymous_14)
FNDA:0,(anonymous_15)
FNDA:0,(anonymous_16)
DA:1,0
DA:2,0
DA:3,0
DA:14,0
DA:15,0
DA:16,0
DA:18,0
DA:19,0
DA:20,0
DA:21,0
DA:22,0
DA:23,0
DA:24,0
DA:26,0
DA:28,0
DA:29,0
DA:33,0
DA:34,0
DA:35,0
DA:36,0
DA:37,0
DA:39,0
DA:40,0
DA:41,0
DA:42,0
DA:44,0
DA:45,0
DA:51,0
DA:52,0
DA:53,0
DA:55,0
DA:58,0
DA:59,0
DA:63,0
DA:66,0
DA:67,0
DA:69,0
DA:70,0
DA:71,0
DA:74,0
DA:75,0
DA:77,0
DA:86,0
DA:88,0
DA:89,0
DA:91,0
DA:94,0
DA:95,0
DA:99,0
DA:114,0
DA:124,0
DA:143,0
LF:52
LH:0
BRDA:16,0,0,0
BRDA:21,1,0,0
BRDA:42,2,0,0
BRDA:42,3,0,0
BRDA:42,3,1,0
BRDA:52,4,0,0
BRDA:52,4,1,0
BRDA:55,5,0,0
BRDA:55,5,1,0
BRDA:69,6,0,0
BRDA:88,7,0,0
BRDA:88,7,1,0
BRDA:91,8,0,0
BRDA:91,8,1,0
BRDA:137,9,0,0
BRDA:137,9,1,0
BRF:16
BRH:0
end_of_record
TN:
SF:apps\client\src\test-utils\fileMock.ts
FNF:0
FNH:0
DA:1,0
LF:1
LH:0
BRF:0
BRH:0
end_of_record
TN:
SF:apps\client\src\test-utils\mockRouter.tsx
FN:5,(anonymous_0)
FN:7,(anonymous_1)
FN:8,(anonymous_2)
FN:9,(anonymous_3)
FN:10,(anonymous_4)
FN:11,(anonymous_5)
FN:21,(anonymous_6)
FNF:7
FNH:0
FNDA:0,(anonymous_0)
FNDA:0,(anonymous_1)
FNDA:0,(anonymous_2)
FNDA:0,(anonymous_3)
FNDA:0,(anonymous_4)
FNDA:0,(anonymous_5)
FNDA:0,(anonymous_6)
DA:5,0
DA:7,0
DA:8,0
DA:9,0
DA:10,0
DA:11,0
DA:21,0
DA:25,0
DA:26,0
LF:9
LH:0
BRDA:23,0,0,0
BRDA:23,1,0,0
BRF:2
BRH:0
end_of_record
TN:
SF:apps\client\src\test-utils\test-utils.tsx
FN:5,(anonymous_4)
FN:13,(anonymous_5)
FNF:2
FNH:0
FNDA:0,(anonymous_4)
FNDA:0,(anonymous_5)
DA:2,0
DA:5,0
DA:6,0
DA:13,0
DA:16,0
DA:18,0
DA:19,0
LF:7
LH:0
BRF:0
BRH:0
end_of_record
