TN:
SF:apps\client\src\App.tsx
FN:13,App
FNF:1
FNH:1
FNDA:19,App
DA:1,1
DA:2,1
DA:3,1
DA:4,1
DA:5,1
DA:6,1
DA:7,1
DA:8,1
DA:9,1
DA:10,1
DA:11,1
DA:14,19
DA:83,1
LF:13
LH:13
BRF:0
BRH:0
end_of_record
TN:
SF:apps\client\src\components\DashboardView.tsx
FN:11,(anonymous_0)
FN:57,(anonymous_1)
FN:76,(anonymous_2)
FN:86,(anonymous_3)
FNF:4
FNH:4
FNDA:3,(anonymous_0)
FNDA:1,(anonymous_1)
FNDA:1,(anonymous_2)
FNDA:1,(anonymous_3)
DA:2,1
DA:11,1
DA:12,3
DA:58,1
DA:77,1
DA:87,1
DA:108,1
LF:7
LH:7
BRDA:34,0,0,3
BRDA:34,0,1,0
BRDA:41,1,0,1
BRDA:41,1,1,2
BRDA:46,2,0,1
BRDA:46,2,1,1
BRDA:70,3,0,1
BRDA:70,3,1,0
BRDA:58,4,0,1
BRDA:58,4,1,0
BRF:10
BRH:7
end_of_record
TN:
SF:apps\client\src\components\EmptyState.tsx
FN:9,(anonymous_0)
FNF:1
FNH:1
FNDA:10,(anonymous_0)
DA:2,1
DA:3,1
DA:9,1
DA:10,10
DA:37,1
LF:5
LH:5
BRF:0
BRH:0
end_of_record
TN:
SF:apps\client\src\components\Flashcard.tsx
FN:15,(anonymous_0)
FN:29,(anonymous_1)
FNF:2
FNH:0
FNDA:0,(anonymous_0)
FNDA:0,(anonymous_1)
DA:1,0
DA:2,0
DA:3,0
DA:15,0
DA:24,0
DA:26,0
DA:29,0
DA:57,0
LF:8
LH:0
BRDA:22,0,0,0
BRDA:33,1,0,0
BRDA:33,1,1,0
BRDA:41,2,0,0
BRDA:41,2,1,0
BRDA:41,3,0,0
BRDA:41,3,1,0
BRDA:48,4,0,0
BRDA:48,4,1,0
BRDA:50,5,0,0
BRDA:50,5,1,0
BRDA:50,6,0,0
BRDA:50,6,1,0
BRF:13
BRH:0
end_of_record
TN:
SF:apps\client\src\components\FlashcardCard.tsx
FN:12,(anonymous_0)
FN:33,(anonymous_1)
FN:40,(anonymous_2)
FNF:3
FNH:1
FNDA:15,(anonymous_0)
FNDA:0,(anonymous_1)
FNDA:0,(anonymous_2)
DA:2,1
DA:12,1
DA:18,15
DA:33,0
DA:40,0
DA:52,1
LF:6
LH:4
BRF:0
BRH:0
end_of_record
TN:
SF:apps\client\src\components\FlashcardForm.tsx
FN:15,(anonymous_0)
FN:85,(anonymous_1)
FN:100,(anonymous_2)
FN:121,(anonymous_3)
FN:141,(anonymous_4)
FNF:5
FNH:5
FNDA:13,(anonymous_0)
FNDA:1,(anonymous_1)
FNDA:33,(anonymous_2)
FNDA:39,(anonymous_3)
FNDA:39,(anonymous_4)
DA:2,2
DA:15,2
DA:24,13
DA:85,1
DA:101,33
DA:122,39
DA:142,39
DA:175,2
LF:8
LH:8
BRDA:28,0,0,2
BRDA:28,0,1,11
BRDA:48,1,0,13
BRDA:48,1,1,11
BRDA:62,2,0,13
BRDA:62,2,1,11
BRDA:73,3,0,2
BRDA:73,3,1,11
BRDA:94,4,0,11
BRDA:94,4,1,9
BRDA:115,5,0,13
BRDA:115,5,1,11
BRDA:135,6,0,13
BRDA:135,6,1,11
BRDA:152,7,0,13
BRDA:152,7,1,2
BRDA:167,8,0,2
BRDA:167,8,1,11
BRF:18
BRH:18
end_of_record
TN:
SF:apps\client\src\components\FlashcardGuessingView.tsx
FN:23,(anonymous_1)
FN:63,(anonymous_2)
FN:69,(anonymous_3)
FNF:3
FNH:3
FNDA:19,(anonymous_1)
FNDA:16,(anonymous_2)
FNDA:50,(anonymous_3)
DA:2,1
DA:23,1
DA:40,19
DA:64,16
DA:70,50
DA:125,1
LF:6
LH:6
BRDA:44,0,0,19
BRDA:44,0,1,2
BRDA:50,1,0,9
BRDA:50,1,1,10
BRDA:78,2,0,10
BRDA:78,2,1,2
BRDA:83,3,0,10
BRDA:83,3,1,5
BRDA:95,4,0,10
BRDA:95,4,1,5
BRDA:110,5,0,5
BRDA:110,5,1,1
BRDA:114,6,0,10
BRDA:114,6,1,5
BRDA:114,6,2,0
BRF:15
BRH:14
end_of_record
TN:
SF:apps\client\src\components\FlashcardSet.tsx
FN:18,(anonymous_1)
FN:32,(anonymous_2)
FN:49,(anonymous_3)
FN:54,(anonymous_4)
FN:68,(anonymous_5)
FNF:5
FNH:2
FNDA:10,(anonymous_1)
FNDA:0,(anonymous_2)
FNDA:0,(anonymous_3)
FNDA:0,(anonymous_4)
FNDA:15,(anonymous_5)
DA:2,1
DA:3,1
DA:4,1
DA:18,1
DA:28,10
DA:32,0
DA:49,0
DA:55,0
DA:56,0
DA:69,15
DA:83,1
LF:11
LH:7
BRDA:35,0,0,10
BRDA:35,0,1,0
BRDA:66,1,0,10
BRDA:66,1,1,10
BRF:4
BRH:3
end_of_record
TN:
SF:apps\client\src\components\FlashcardSetsView.tsx
FN:32,(anonymous_1)
FN:119,(anonymous_2)
FNF:2
FNH:2
FNDA:35,(anonymous_1)
FNDA:10,(anonymous_2)
DA:2,1
DA:3,1
DA:4,1
DA:5,1
DA:6,1
DA:32,1
DA:53,35
DA:120,10
DA:138,1
LF:9
LH:9
BRDA:65,0,0,0
BRDA:65,0,1,35
BRDA:85,1,0,35
BRDA:85,1,1,2
BRDA:98,2,0,35
BRDA:98,2,1,0
BRDA:111,3,0,20
BRDA:111,3,1,15
BRDA:115,4,0,10
BRDA:115,4,1,5
BRF:10
BRH:8
end_of_record
TN:
SF:apps\client\src\components\LoginView.tsx
FN:14,(anonymous_0)
FN:53,(anonymous_1)
FN:78,(anonymous_2)
FNF:3
FNH:1
FNDA:4,(anonymous_0)
FNDA:0,(anonymous_1)
FNDA:0,(anonymous_2)
DA:14,1
DA:24,4
DA:53,0
DA:78,0
DA:127,1
LF:5
LH:3
BRDA:84,0,0,4
BRDA:84,0,1,0
BRDA:98,1,0,0
BRDA:98,1,1,4
BRF:4
BRH:2
end_of_record
TN:
SF:apps\client\src\components\Navbar.tsx
FN:6,(anonymous_0)
FN:10,(anonymous_1)
FN:15,(anonymous_2)
FN:26,(anonymous_3)
FN:35,(anonymous_4)
FN:63,(anonymous_5)
FN:66,(anonymous_6)
FN:69,(anonymous_7)
FN:82,(anonymous_8)
FN:83,(anonymous_9)
FN:84,(anonymous_10)
FNF:11
FNH:4
FNDA:15,(anonymous_0)
FNDA:1,(anonymous_1)
FNDA:1,(anonymous_2)
FNDA:1,(anonymous_3)
FNDA:0,(anonymous_4)
FNDA:0,(anonymous_5)
FNDA:0,(anonymous_6)
FNDA:0,(anonymous_7)
FNDA:0,(anonymous_8)
FNDA:0,(anonymous_9)
FNDA:0,(anonymous_10)
DA:2,2
DA:3,2
DA:4,2
DA:6,2
DA:7,15
DA:8,15
DA:10,15
DA:11,1
DA:12,1
DA:15,15
DA:16,1
DA:17,1
DA:18,1
DA:22,15
DA:26,1
DA:35,0
DA:63,0
DA:66,0
DA:69,0
DA:82,0
DA:83,0
DA:84,0
DA:92,2
LF:23
LH:16
BRDA:49,0,0,0
BRDA:49,0,1,15
BRDA:79,1,0,15
BRDA:79,1,1,0
BRF:4
BRH:2
end_of_record
TN:
SF:apps\client\src\components\PrivateRoute.tsx
FN:10,(anonymous_0)
FNF:1
FNH:1
FNDA:4,(anonymous_0)
DA:2,1
DA:10,1
DA:11,4
DA:13,4
DA:14,2
DA:17,2
DA:20,1
LF:7
LH:7
BRDA:13,0,0,2
BRF:1
BRH:1
end_of_record
TN:
SF:apps\client\src\components\RegisterForm.tsx
FN:18,(anonymous_0)
FNF:1
FNH:1
FNDA:4,(anonymous_0)
DA:18,1
DA:32,4
DA:188,1
LF:3
LH:3
BRDA:123,0,0,4
BRDA:123,0,1,0
BRDA:124,1,0,0
BRDA:124,1,1,0
BRDA:147,2,0,0
BRDA:147,2,1,4
BRDA:151,3,0,0
BRDA:151,3,1,4
BRF:8
BRH:3
end_of_record
TN:
SF:apps\client\src\components\RequireAuth.tsx
FN:8,(anonymous_0)
FN:11,(anonymous_1)
FNF:2
FNH:2
FNDA:19,(anonymous_0)
FNDA:9,(anonymous_1)
DA:1,1
DA:2,1
DA:8,1
DA:9,19
DA:11,19
DA:12,9
DA:13,9
DA:14,1
DA:18,19
DA:21,1
LF:10
LH:10
BRDA:13,0,0,1
BRF:1
BRH:1
end_of_record
TN:
SF:apps\client\src\components\UserSettingsView.tsx
FN:20,(anonymous_0)
FN:65,(anonymous_1)
FN:81,(anonymous_2)
FN:97,(anonymous_3)
FN:112,(anonymous_4)
FNF:5
FNH:5
FNDA:10,(anonymous_0)
FNDA:1,(anonymous_1)
FNDA:1,(anonymous_2)
FNDA:1,(anonymous_3)
FNDA:1,(anonymous_4)
DA:20,1
DA:36,10
DA:65,1
DA:81,1
DA:97,1
DA:112,1
DA:169,1
LF:7
LH:7
BRDA:42,0,0,10
BRDA:42,0,1,9
BRDA:42,0,2,9
BRDA:50,1,0,1
BRDA:50,1,1,9
BRDA:50,2,0,10
BRDA:50,2,1,2
BRDA:120,3,0,9
BRDA:120,3,1,2
BRDA:122,4,0,1
BRDA:122,4,1,1
BRDA:123,5,0,1
BRDA:123,5,1,0
BRDA:132,6,0,1
BRDA:132,6,1,8
BRDA:137,7,0,1
BRDA:137,7,1,8
BRF:17
BRH:16
end_of_record
TN:
SF:apps\client\src\hooks\useDashboardStats.ts
FN:18,(anonymous_7)
FN:28,(anonymous_8)
FN:29,(anonymous_9)
FN:29,(anonymous_10)
FNF:4
FNH:4
FNDA:8,(anonymous_7)
FNDA:4,(anonymous_8)
FNDA:4,(anonymous_9)
FNDA:4,(anonymous_10)
DA:1,1
DA:18,1
DA:19,8
DA:25,8
DA:26,8
DA:28,8
DA:29,4
DA:30,4
DA:31,4
DA:33,4
DA:34,1
DA:35,1
DA:36,1
DA:39,3
DA:46,3
DA:47,1
DA:50,2
DA:52,2
DA:53,1
DA:59,1
DA:61,1
DA:62,1
DA:70,1
DA:71,1
DA:73,4
DA:77,4
DA:80,8
DA:87,1
LF:28
LH:28
BRDA:33,0,0,1
BRDA:46,1,0,1
BRDA:52,2,0,1
BRDA:52,2,1,1
BRDA:54,3,0,1
BRDA:54,3,1,0
BRDA:55,4,0,1
BRDA:55,4,1,0
BRDA:56,5,0,1
BRDA:56,5,1,0
BRF:10
BRH:7
end_of_record
TN:
SF:apps\client\src\hooks\useFlashcardGuessing.ts
FN:14,(anonymous_7)
FN:29,(anonymous_8)
FN:30,(anonymous_9)
FN:30,(anonymous_10)
FN:50,(anonymous_11)
FN:68,(anonymous_12)
FN:70,(anonymous_13)
FN:73,(anonymous_14)
FN:81,(anonymous_15)
FN:81,(anonymous_16)
FN:114,(anonymous_17)
FN:115,(anonymous_18)
FN:128,(anonymous_19)
FN:128,(anonymous_20)
FN:149,(anonymous_21)
FN:149,(anonymous_22)
FN:160,(anonymous_23)
FN:162,(anonymous_24)
FN:177,(anonymous_25)
FN:179,(anonymous_26)
FN:180,(anonymous_27)
FN:195,(anonymous_28)
FN:197,(anonymous_29)
FN:203,(anonymous_30)
FNF:24
FNH:18
FNDA:26,(anonymous_7)
FNDA:12,(anonymous_8)
FNDA:12,(anonymous_9)
FNDA:12,(anonymous_10)
FNDA:22,(anonymous_11)
FNDA:30,(anonymous_12)
FNDA:3,(anonymous_13)
FNDA:8,(anonymous_14)
FNDA:1,(anonymous_15)
FNDA:1,(anonymous_16)
FNDA:0,(anonymous_17)
FNDA:0,(anonymous_18)
FNDA:1,(anonymous_19)
FNDA:1,(anonymous_20)
FNDA:1,(anonymous_21)
FNDA:1,(anonymous_22)
FNDA:0,(anonymous_23)
FNDA:1,(anonymous_24)
FNDA:0,(anonymous_25)
FNDA:0,(anonymous_26)
FNDA:0,(anonymous_27)
FNDA:130,(anonymous_28)
FNDA:150,(anonymous_29)
FNDA:1,(anonymous_30)
DA:1,2
DA:2,2
DA:14,2
DA:15,26
DA:16,26
DA:17,26
DA:18,26
DA:19,26
DA:20,26
DA:21,26
DA:22,26
DA:23,26
DA:24,26
DA:25,26
DA:27,26
DA:29,26
DA:30,12
DA:31,12
DA:32,12
DA:33,12
DA:34,2
DA:35,2
DA:38,10
DA:39,10
DA:45,8
DA:46,0
DA:49,8
DA:50,22
DA:54,8
DA:55,8
DA:57,2
DA:58,2
DA:59,2
DA:61,10
DA:65,12
DA:68,30
DA:70,26
DA:71,3
DA:72,3
DA:73,8
DA:74,3
DA:75,3
DA:76,3
DA:77,3
DA:78,3
DA:81,26
DA:82,1
DA:83,1
DA:84,0
DA:85,0
DA:88,1
DA:89,1
DA:98,1
DA:99,0
DA:100,0
DA:103,1
DA:106,0
DA:107,0
DA:109,0
DA:110,0
DA:113,0
DA:114,0
DA:115,0
DA:117,0
DA:118,0
DA:120,0
DA:122,1
DA:123,1
DA:124,1
DA:128,26
DA:129,1
DA:130,1
DA:132,1
DA:133,1
DA:142,1
DA:144,0
DA:145,0
DA:149,26
DA:150,1
DA:152,1
DA:153,1
DA:155,1
DA:159,1
DA:160,0
DA:162,1
DA:166,1
DA:169,1
DA:172,1
DA:173,0
DA:174,0
DA:176,0
DA:177,0
DA:178,0
DA:179,0
DA:180,0
DA:182,0
DA:183,0
DA:184,0
DA:185,0
DA:186,0
DA:187,0
DA:191,1
DA:195,130
DA:197,150
DA:200,26
DA:201,26
DA:203,26
DA:204,1
DA:207,26
DA:227,2
LF:110
LH:79
BRDA:33,0,0,2
BRDA:45,1,0,0
BRDA:52,2,0,18
BRDA:52,2,1,4
BRDA:52,3,0,22
BRDA:52,3,1,22
BRDA:83,4,0,0
BRDA:98,5,0,0
BRDA:113,6,0,0
BRDA:113,7,0,0
BRDA:113,7,1,0
BRDA:115,8,0,0
BRDA:115,8,1,0
BRDA:130,9,0,0
BRDA:150,10,0,0
BRDA:153,11,0,1
BRDA:153,11,1,0
BRDA:155,12,0,0
BRDA:155,12,1,1
BRDA:159,13,0,0
BRDA:159,13,1,1
BRDA:172,14,0,0
BRDA:172,14,1,1
BRDA:173,15,0,0
BRDA:173,15,1,0
BRDA:176,16,0,0
BRDA:180,17,0,0
BRDA:180,17,1,0
BRDA:180,18,0,0
BRDA:180,18,1,0
BRDA:201,19,0,2
BRDA:201,19,1,24
BRF:32
BRH:11
end_of_record
