TN:
SF:apps\client\src\App.tsx
FN:13,App
FNF:1
FNH:1
FNDA:19,App
DA:1,1
DA:2,1
DA:3,1
DA:4,1
DA:5,1
DA:6,1
DA:7,1
DA:8,1
DA:9,1
DA:10,1
DA:11,1
DA:14,19
DA:83,1
LF:13
LH:13
BRF:0
BRH:0
end_of_record
TN:
SF:apps\client\src\components\DashboardView.tsx
FN:11,(anonymous_0)
FN:57,(anonymous_1)
FN:76,(anonymous_2)
FN:86,(anonymous_3)
FNF:4
FNH:0
FNDA:0,(anonymous_0)
FNDA:0,(anonymous_1)
FNDA:0,(anonymous_2)
FNDA:0,(anonymous_3)
DA:2,0
DA:11,0
DA:12,0
DA:58,0
DA:77,0
DA:87,0
DA:108,0
LF:7
LH:0
BRDA:34,0,0,0
BRDA:34,0,1,0
BRDA:41,1,0,0
BRDA:41,1,1,0
BRDA:46,2,0,0
BRDA:46,2,1,0
BRDA:70,3,0,0
BRDA:70,3,1,0
BRDA:58,4,0,0
BRDA:58,4,1,0
BRF:10
BRH:0
end_of_record
TN:
SF:apps\client\src\components\EmptyState.tsx
FN:9,(anonymous_0)
FNF:1
FNH:0
FNDA:0,(anonymous_0)
DA:2,0
DA:3,0
DA:9,0
DA:10,0
DA:37,0
LF:5
LH:0
BRF:0
BRH:0
end_of_record
TN:
SF:apps\client\src\components\Flashcard.tsx
FN:15,(anonymous_0)
FN:29,(anonymous_1)
FNF:2
FNH:0
FNDA:0,(anonymous_0)
FNDA:0,(anonymous_1)
DA:1,0
DA:2,0
DA:3,0
DA:15,0
DA:24,0
DA:26,0
DA:29,0
DA:57,0
LF:8
LH:0
BRDA:22,0,0,0
BRDA:33,1,0,0
BRDA:33,1,1,0
BRDA:41,2,0,0
BRDA:41,2,1,0
BRDA:41,3,0,0
BRDA:41,3,1,0
BRDA:48,4,0,0
BRDA:48,4,1,0
BRDA:50,5,0,0
BRDA:50,5,1,0
BRDA:50,6,0,0
BRDA:50,6,1,0
BRF:13
BRH:0
end_of_record
TN:
SF:apps\client\src\components\FlashcardCard.tsx
FN:12,(anonymous_0)
FN:33,(anonymous_1)
FN:40,(anonymous_2)
FNF:3
FNH:0
FNDA:0,(anonymous_0)
FNDA:0,(anonymous_1)
FNDA:0,(anonymous_2)
DA:2,0
DA:12,0
DA:18,0
DA:33,0
DA:40,0
DA:52,0
LF:6
LH:0
BRF:0
BRH:0
end_of_record
TN:
SF:apps\client\src\components\FlashcardForm.tsx
FN:15,(anonymous_0)
FN:85,(anonymous_1)
FN:100,(anonymous_2)
FN:121,(anonymous_3)
FN:141,(anonymous_4)
FNF:5
FNH:0
FNDA:0,(anonymous_0)
FNDA:0,(anonymous_1)
FNDA:0,(anonymous_2)
FNDA:0,(anonymous_3)
FNDA:0,(anonymous_4)
DA:2,0
DA:15,0
DA:24,0
DA:85,0
DA:101,0
DA:122,0
DA:142,0
DA:175,0
LF:8
LH:0
BRDA:28,0,0,0
BRDA:28,0,1,0
BRDA:48,1,0,0
BRDA:48,1,1,0
BRDA:62,2,0,0
BRDA:62,2,1,0
BRDA:73,3,0,0
BRDA:73,3,1,0
BRDA:94,4,0,0
BRDA:94,4,1,0
BRDA:115,5,0,0
BRDA:115,5,1,0
BRDA:135,6,0,0
BRDA:135,6,1,0
BRDA:152,7,0,0
BRDA:152,7,1,0
BRDA:167,8,0,0
BRDA:167,8,1,0
BRF:18
BRH:0
end_of_record
TN:
SF:apps\client\src\components\FlashcardGuessingView.tsx
FN:23,(anonymous_1)
FN:63,(anonymous_2)
FN:69,(anonymous_3)
FNF:3
FNH:3
FNDA:19,(anonymous_1)
FNDA:16,(anonymous_2)
FNDA:50,(anonymous_3)
DA:2,1
DA:23,1
DA:40,19
DA:64,16
DA:70,50
DA:125,1
LF:6
LH:6
BRDA:44,0,0,19
BRDA:44,0,1,2
BRDA:50,1,0,9
BRDA:50,1,1,10
BRDA:78,2,0,10
BRDA:78,2,1,2
BRDA:83,3,0,10
BRDA:83,3,1,5
BRDA:95,4,0,10
BRDA:95,4,1,5
BRDA:110,5,0,5
BRDA:110,5,1,1
BRDA:114,6,0,10
BRDA:114,6,1,5
BRDA:114,6,2,0
BRF:15
BRH:14
end_of_record
TN:
SF:apps\client\src\components\FlashcardSet.tsx
FN:18,(anonymous_1)
FN:32,(anonymous_2)
FN:49,(anonymous_3)
FN:54,(anonymous_4)
FN:68,(anonymous_5)
FNF:5
FNH:0
FNDA:0,(anonymous_1)
FNDA:0,(anonymous_2)
FNDA:0,(anonymous_3)
FNDA:0,(anonymous_4)
FNDA:0,(anonymous_5)
DA:2,0
DA:3,0
DA:4,0
DA:18,0
DA:28,0
DA:32,0
DA:49,0
DA:55,0
DA:56,0
DA:69,0
DA:83,0
LF:11
LH:0
BRDA:35,0,0,0
BRDA:35,0,1,0
BRDA:66,1,0,0
BRDA:66,1,1,0
BRF:4
BRH:0
end_of_record
TN:
SF:apps\client\src\components\FlashcardSetsView.tsx
FN:32,(anonymous_1)
FN:119,(anonymous_2)
FNF:2
FNH:0
FNDA:0,(anonymous_1)
FNDA:0,(anonymous_2)
DA:2,0
DA:3,0
DA:4,0
DA:5,0
DA:6,0
DA:32,0
DA:53,0
DA:120,0
DA:138,0
LF:9
LH:0
BRDA:65,0,0,0
BRDA:65,0,1,0
BRDA:85,1,0,0
BRDA:85,1,1,0
BRDA:98,2,0,0
BRDA:98,2,1,0
BRDA:111,3,0,0
BRDA:111,3,1,0
BRDA:115,4,0,0
BRDA:115,4,1,0
BRF:10
BRH:0
end_of_record
TN:
SF:apps\client\src\components\LoginView.tsx
FN:14,(anonymous_0)
FN:53,(anonymous_1)
FN:78,(anonymous_2)
FNF:3
FNH:1
FNDA:4,(anonymous_0)
FNDA:0,(anonymous_1)
FNDA:0,(anonymous_2)
DA:14,1
DA:24,4
DA:53,0
DA:78,0
DA:127,1
LF:5
LH:3
BRDA:84,0,0,4
BRDA:84,0,1,0
BRDA:98,1,0,0
BRDA:98,1,1,4
BRF:4
BRH:2
end_of_record
TN:
SF:apps\client\src\components\Navbar.tsx
FN:6,(anonymous_0)
FN:10,(anonymous_1)
FN:15,(anonymous_2)
FN:26,(anonymous_3)
FN:35,(anonymous_4)
FN:63,(anonymous_5)
FN:66,(anonymous_6)
FN:69,(anonymous_7)
FN:82,(anonymous_8)
FN:83,(anonymous_9)
FN:84,(anonymous_10)
FNF:11
FNH:4
FNDA:15,(anonymous_0)
FNDA:1,(anonymous_1)
FNDA:1,(anonymous_2)
FNDA:1,(anonymous_3)
FNDA:0,(anonymous_4)
FNDA:0,(anonymous_5)
FNDA:0,(anonymous_6)
FNDA:0,(anonymous_7)
FNDA:0,(anonymous_8)
FNDA:0,(anonymous_9)
FNDA:0,(anonymous_10)
DA:2,2
DA:3,2
DA:4,2
DA:6,2
DA:7,15
DA:8,15
DA:10,15
DA:11,1
DA:12,1
DA:15,15
DA:16,1
DA:17,1
DA:18,1
DA:22,15
DA:26,1
DA:35,0
DA:63,0
DA:66,0
DA:69,0
DA:82,0
DA:83,0
DA:84,0
DA:92,2
LF:23
LH:16
BRDA:49,0,0,0
BRDA:49,0,1,15
BRDA:79,1,0,15
BRDA:79,1,1,0
BRF:4
BRH:2
end_of_record
TN:
SF:apps\client\src\components\PrivateRoute.tsx
FN:10,(anonymous_0)
FNF:1
FNH:1
FNDA:4,(anonymous_0)
DA:2,1
DA:10,1
DA:11,4
DA:13,4
DA:14,2
DA:17,2
DA:20,1
LF:7
LH:7
BRDA:13,0,0,2
BRF:1
BRH:1
end_of_record
TN:
SF:apps\client\src\components\RegisterForm.tsx
FN:18,(anonymous_0)
FNF:1
FNH:1
FNDA:4,(anonymous_0)
DA:18,1
DA:32,4
DA:188,1
LF:3
LH:3
BRDA:123,0,0,4
BRDA:123,0,1,0
BRDA:124,1,0,0
BRDA:124,1,1,0
BRDA:147,2,0,0
BRDA:147,2,1,4
BRDA:151,3,0,0
BRDA:151,3,1,4
BRF:8
BRH:3
end_of_record
TN:
SF:apps\client\src\components\RequireAuth.tsx
FN:8,(anonymous_0)
FN:11,(anonymous_1)
FNF:2
FNH:2
FNDA:19,(anonymous_0)
FNDA:9,(anonymous_1)
DA:1,1
DA:2,1
DA:8,1
DA:9,19
DA:11,19
DA:12,9
DA:13,9
DA:14,1
DA:18,19
DA:21,1
LF:10
LH:10
BRDA:13,0,0,1
BRF:1
BRH:1
end_of_record
TN:
SF:apps\client\src\components\UserSettingsView.tsx
FN:20,(anonymous_0)
FN:65,(anonymous_1)
FN:81,(anonymous_2)
FN:97,(anonymous_3)
FN:112,(anonymous_4)
FNF:5
FNH:5
FNDA:10,(anonymous_0)
FNDA:1,(anonymous_1)
FNDA:1,(anonymous_2)
FNDA:1,(anonymous_3)
FNDA:1,(anonymous_4)
DA:20,1
DA:36,10
DA:65,1
DA:81,1
DA:97,1
DA:112,1
DA:169,1
LF:7
LH:7
BRDA:42,0,0,10
BRDA:42,0,1,9
BRDA:42,0,2,9
BRDA:50,1,0,1
BRDA:50,1,1,9
BRDA:50,2,0,10
BRDA:50,2,1,2
BRDA:120,3,0,9
BRDA:120,3,1,2
BRDA:122,4,0,1
BRDA:122,4,1,1
BRDA:123,5,0,1
BRDA:123,5,1,0
BRDA:132,6,0,1
BRDA:132,6,1,8
BRDA:137,7,0,1
BRDA:137,7,1,8
BRF:17
BRH:16
end_of_record
TN:
SF:apps\client\src\hooks\useDashboardStats.ts
FN:18,(anonymous_7)
FN:28,(anonymous_8)
FN:29,(anonymous_9)
FN:29,(anonymous_10)
FNF:4
FNH:4
FNDA:8,(anonymous_7)
FNDA:4,(anonymous_8)
FNDA:4,(anonymous_9)
FNDA:4,(anonymous_10)
DA:1,1
DA:18,1
DA:19,8
DA:25,8
DA:26,8
DA:28,8
DA:29,4
DA:30,4
DA:31,4
DA:33,4
DA:34,1
DA:35,1
DA:36,1
DA:39,3
DA:46,3
DA:47,1
DA:50,2
DA:52,2
DA:53,1
DA:59,1
DA:61,1
DA:62,1
DA:70,1
DA:71,1
DA:73,4
DA:77,4
DA:80,8
DA:87,1
LF:28
LH:28
BRDA:33,0,0,1
BRDA:46,1,0,1
BRDA:52,2,0,1
BRDA:52,2,1,1
BRDA:54,3,0,1
BRDA:54,3,1,0
BRDA:55,4,0,1
BRDA:55,4,1,0
BRDA:56,5,0,1
BRDA:56,5,1,0
BRF:10
BRH:7
end_of_record
TN:
SF:apps\client\src\hooks\useFlashcardGuessing.ts
FN:14,(anonymous_7)
FN:29,(anonymous_8)
FN:30,(anonymous_9)
FN:30,(anonymous_10)
FN:50,(anonymous_11)
FN:68,(anonymous_12)
FN:70,(anonymous_13)
FN:73,(anonymous_14)
FN:81,(anonymous_15)
FN:81,(anonymous_16)
FN:114,(anonymous_17)
FN:115,(anonymous_18)
FN:128,(anonymous_19)
FN:128,(anonymous_20)
FN:149,(anonymous_21)
FN:149,(anonymous_22)
FN:160,(anonymous_23)
FN:162,(anonymous_24)
FN:177,(anonymous_25)
FN:179,(anonymous_26)
FN:180,(anonymous_27)
FN:195,(anonymous_28)
FN:197,(anonymous_29)
FN:203,(anonymous_30)
FNF:24
FNH:18
FNDA:26,(anonymous_7)
FNDA:12,(anonymous_8)
FNDA:12,(anonymous_9)
FNDA:12,(anonymous_10)
FNDA:22,(anonymous_11)
FNDA:30,(anonymous_12)
FNDA:3,(anonymous_13)
FNDA:8,(anonymous_14)
FNDA:1,(anonymous_15)
FNDA:1,(anonymous_16)
FNDA:0,(anonymous_17)
FNDA:0,(anonymous_18)
FNDA:1,(anonymous_19)
FNDA:1,(anonymous_20)
FNDA:1,(anonymous_21)
FNDA:1,(anonymous_22)
FNDA:0,(anonymous_23)
FNDA:1,(anonymous_24)
FNDA:0,(anonymous_25)
FNDA:0,(anonymous_26)
FNDA:0,(anonymous_27)
FNDA:130,(anonymous_28)
FNDA:150,(anonymous_29)
FNDA:1,(anonymous_30)
DA:1,2
DA:2,2
DA:14,2
DA:15,26
DA:16,26
DA:17,26
DA:18,26
DA:19,26
DA:20,26
DA:21,26
DA:22,26
DA:23,26
DA:24,26
DA:25,26
DA:27,26
DA:29,26
DA:30,12
DA:31,12
DA:32,12
DA:33,12
DA:34,2
DA:35,2
DA:38,10
DA:39,10
DA:45,8
DA:46,0
DA:49,8
DA:50,22
DA:54,8
DA:55,8
DA:57,2
DA:58,2
DA:59,2
DA:61,10
DA:65,12
DA:68,30
DA:70,26
DA:71,3
DA:72,3
DA:73,8
DA:74,3
DA:75,3
DA:76,3
DA:77,3
DA:78,3
DA:81,26
DA:82,1
DA:83,1
DA:84,0
DA:85,0
DA:88,1
DA:89,1
DA:98,1
DA:99,0
DA:100,0
DA:103,1
DA:106,0
DA:107,0
DA:109,0
DA:110,0
DA:113,0
DA:114,0
DA:115,0
DA:117,0
DA:118,0
DA:120,0
DA:122,1
DA:123,1
DA:124,1
DA:128,26
DA:129,1
DA:130,1
DA:132,1
DA:133,1
DA:142,1
DA:144,0
DA:145,0
DA:149,26
DA:150,1
DA:152,1
DA:153,1
DA:155,1
DA:159,1
DA:160,0
DA:162,1
DA:166,1
DA:169,1
DA:172,1
DA:173,0
DA:174,0
DA:176,0
DA:177,0
DA:178,0
DA:179,0
DA:180,0
DA:182,0
DA:183,0
DA:184,0
DA:185,0
DA:186,0
DA:187,0
DA:191,1
DA:195,130
DA:197,150
DA:200,26
DA:201,26
DA:203,26
DA:204,1
DA:207,26
DA:227,2
LF:110
LH:79
BRDA:33,0,0,2
BRDA:45,1,0,0
BRDA:52,2,0,18
BRDA:52,2,1,4
BRDA:52,3,0,22
BRDA:52,3,1,22
BRDA:83,4,0,0
BRDA:98,5,0,0
BRDA:113,6,0,0
BRDA:113,7,0,0
BRDA:113,7,1,0
BRDA:115,8,0,0
BRDA:115,8,1,0
BRDA:130,9,0,0
BRDA:150,10,0,0
BRDA:153,11,0,1
BRDA:153,11,1,0
BRDA:155,12,0,0
BRDA:155,12,1,1
BRDA:159,13,0,0
BRDA:159,13,1,1
BRDA:172,14,0,0
BRDA:172,14,1,1
BRDA:173,15,0,0
BRDA:173,15,1,0
BRDA:176,16,0,0
BRDA:180,17,0,0
BRDA:180,17,1,0
BRDA:180,18,0,0
BRDA:180,18,1,0
BRDA:201,19,0,2
BRDA:201,19,1,24
BRF:32
BRH:11
end_of_record
TN:
SF:apps\client\src\hooks\useFlashcardSets.ts
FN:18,(anonymous_8)
FN:35,(anonymous_9)
FN:39,(anonymous_10)
FN:40,(anonymous_11)
FN:52,(anonymous_12)
FN:60,(anonymous_13)
FN:64,(anonymous_14)
FN:64,(anonymous_15)
FN:92,(anonymous_16)
FN:92,(anonymous_17)
FN:114,(anonymous_18)
FN:115,(anonymous_19)
FN:132,(anonymous_20)
FN:134,(anonymous_21)
FN:137,(anonymous_22)
FN:137,(anonymous_23)
FN:220,(anonymous_24)
FN:228,(anonymous_25)
FN:228,(anonymous_26)
FN:254,(anonymous_27)
FN:254,(anonymous_28)
FN:281,(anonymous_29)
FN:282,(anonymous_30)
FN:288,(anonymous_31)
FN:294,(anonymous_32)
FN:298,(anonymous_33)
FN:302,(anonymous_34)
FN:303,(anonymous_35)
FNF:28
FNH:27
FNDA:69,(anonymous_8)
FNDA:13,(anonymous_9)
FNDA:26,(anonymous_10)
FNDA:26,(anonymous_11)
FNDA:26,(anonymous_12)
FNDA:13,(anonymous_13)
FNDA:16,(anonymous_14)
FNDA:16,(anonymous_15)
FNDA:17,(anonymous_16)
FNDA:17,(anonymous_17)
FNDA:34,(anonymous_18)
FNDA:34,(anonymous_19)
FNDA:7,(anonymous_20)
FNDA:7,(anonymous_21)
FNDA:2,(anonymous_22)
FNDA:2,(anonymous_23)
FNDA:2,(anonymous_24)
FNDA:1,(anonymous_25)
FNDA:1,(anonymous_26)
FNDA:1,(anonymous_27)
FNDA:1,(anonymous_28)
FNDA:3,(anonymous_29)
FNDA:3,(anonymous_30)
FNDA:1,(anonymous_31)
FNDA:2,(anonymous_32)
FNDA:0,(anonymous_33)
FNDA:4,(anonymous_34)
FNDA:9,(anonymous_35)
DA:1,1
DA:2,1
DA:18,1
DA:19,69
DA:20,69
DA:21,69
DA:22,69
DA:23,69
DA:24,69
DA:25,69
DA:26,69
DA:27,69
DA:29,69
DA:35,69
DA:36,13
DA:39,69
DA:40,26
DA:41,26
DA:42,26
DA:43,26
DA:45,26
DA:46,26
DA:49,26
DA:52,26
DA:53,26
DA:54,26
DA:57,26
DA:60,69
DA:61,13
DA:64,69
DA:65,16
DA:66,16
DA:68,16
DA:69,0
DA:70,0
DA:73,16
DA:79,16
DA:80,0
DA:83,16
DA:84,16
DA:86,0
DA:88,0
DA:92,69
DA:93,17
DA:94,17
DA:95,17
DA:97,17
DA:98,0
DA:99,0
DA:100,0
DA:103,17
DA:109,17
DA:110,17
DA:113,17
DA:114,34
DA:115,34
DA:117,17
DA:118,13
DA:121,0
DA:123,17
DA:125,0
DA:126,0
DA:128,17
DA:132,69
DA:133,7
DA:134,7
DA:137,69
DA:138,2
DA:140,2
DA:141,2
DA:143,2
DA:144,0
DA:145,0
DA:149,2
DA:151,0
DA:152,0
DA:156,2
DA:157,0
DA:158,0
DA:162,2
DA:165,2
DA:166,0
DA:167,0
DA:171,2
DA:179,2
DA:180,1
DA:186,1
DA:188,1
DA:195,1
DA:198,2
DA:199,2
DA:200,2
DA:201,2
DA:203,0
DA:206,0
DA:209,0
DA:210,0
DA:212,0
DA:215,0
DA:220,69
DA:221,2
DA:222,2
DA:223,2
DA:225,2
DA:228,69
DA:229,1
DA:230,0
DA:233,1
DA:234,1
DA:236,1
DA:237,0
DA:238,0
DA:241,1
DA:247,1
DA:249,0
DA:250,0
DA:254,69
DA:255,1
DA:256,0
DA:259,1
DA:260,1
DA:262,1
DA:263,0
DA:264,0
DA:267,1
DA:273,1
DA:274,1
DA:276,0
DA:277,0
DA:281,69
DA:282,3
DA:288,69
DA:289,1
DA:290,1
DA:291,1
DA:294,69
DA:295,2
DA:298,69
DA:299,0
DA:302,69
DA:303,9
DA:304,4
DA:307,69
DA:331,1
LF:144
LH:108
BRDA:41,0,0,26
BRDA:41,0,1,0
BRDA:42,1,0,26
BRDA:68,2,0,0
BRDA:79,3,0,0
BRDA:84,4,0,16
BRDA:84,4,1,0
BRDA:97,5,0,0
BRDA:109,6,0,17
BRDA:109,6,1,0
BRDA:114,7,0,34
BRDA:114,7,1,34
BRDA:114,7,2,34
BRDA:117,8,0,13
BRDA:143,9,0,0
BRDA:149,10,0,0
BRDA:149,11,0,2
BRDA:149,11,1,2
BRDA:149,11,2,2
BRDA:149,11,3,2
BRDA:156,12,0,0
BRDA:165,13,0,0
BRDA:165,14,0,2
BRDA:165,14,1,2
BRDA:179,15,0,1
BRDA:179,15,1,1
BRDA:206,16,0,0
BRDA:206,16,1,0
BRDA:209,17,0,0
BRDA:209,17,1,0
BRDA:210,18,0,0
BRDA:210,18,1,0
BRDA:229,19,0,0
BRDA:236,20,0,0
BRDA:255,21,0,0
BRDA:262,22,0,0
BRDA:304,23,0,3
BRDA:304,23,1,1
BRF:38
BRH:18
end_of_record
TN:
SF:apps\client\src\hooks\useLogin.ts
FN:4,(anonymous_7)
FN:11,(anonymous_8)
FN:11,(anonymous_9)
FN:48,(anonymous_10)
FNF:4
FNH:4
FNDA:14,(anonymous_7)
FNDA:3,(anonymous_8)
FNDA:3,(anonymous_9)
FNDA:1,(anonymous_10)
DA:1,2
DA:2,2
DA:4,2
DA:5,14
DA:6,14
DA:7,14
DA:8,14
DA:9,14
DA:11,14
DA:12,3
DA:13,3
DA:14,3
DA:15,3
DA:17,3
DA:18,3
DA:19,3
DA:27,2
DA:28,2
DA:29,2
DA:31,2
DA:32,1
DA:33,1
DA:34,1
DA:35,1
DA:37,1
DA:38,1
DA:41,1
DA:42,1
DA:44,3
DA:48,14
DA:49,1
DA:52,14
LF:32
LH:32
BRDA:31,0,0,1
BRDA:31,0,1,1
BRDA:38,1,0,1
BRDA:38,1,1,0
BRF:4
BRH:3
end_of_record
TN:
SF:apps\client\src\hooks\useUserSettings.ts
FN:13,(anonymous_7)
FN:32,(anonymous_8)
FN:43,(anonymous_9)
FN:44,(anonymous_10)
FN:44,(anonymous_11)
FN:84,(anonymous_12)
FN:84,(anonymous_13)
FN:157,(anonymous_14)
FNF:8
FNH:8
FNDA:25,(anonymous_7)
FNDA:22,(anonymous_8)
FNDA:6,(anonymous_9)
FNDA:6,(anonymous_10)
FNDA:6,(anonymous_11)
FNDA:4,(anonymous_12)
FNDA:4,(anonymous_13)
FNDA:1,(anonymous_14)
DA:1,1
DA:2,1
DA:13,1
DA:14,25
DA:15,25
DA:17,24
DA:18,24
DA:19,24
DA:20,24
DA:21,1
DA:22,1
DA:23,1
DA:25,23
DA:27,0
DA:28,0
DA:32,1
DA:33,22
DA:34,22
DA:35,22
DA:36,22
DA:37,22
DA:38,22
DA:39,22
DA:40,22
DA:41,22
DA:43,22
DA:44,6
DA:45,6
DA:46,6
DA:47,6
DA:48,0
DA:49,0
DA:52,6
DA:53,6
DA:59,5
DA:60,4
DA:61,4
DA:62,4
DA:63,4
DA:64,4
DA:69,0
DA:70,0
DA:73,2
DA:74,2
DA:75,2
DA:77,6
DA:81,6
DA:84,22
DA:85,4
DA:86,4
DA:87,4
DA:88,4
DA:90,4
DA:91,0
DA:92,0
DA:93,0
DA:94,0
DA:97,4
DA:98,1
DA:99,1
DA:100,1
DA:101,1
DA:104,3
DA:105,1
DA:106,1
DA:107,1
DA:108,1
DA:111,2
DA:112,2
DA:113,0
DA:114,0
DA:115,0
DA:116,0
DA:119,2
DA:120,0
DA:121,0
DA:122,0
DA:123,0
DA:126,2
DA:127,2
DA:129,2
DA:138,2
DA:140,1
DA:141,1
DA:142,1
DA:143,1
DA:145,0
DA:146,0
DA:149,1
DA:150,1
DA:151,1
DA:153,2
DA:157,22
DA:158,1
DA:159,1
DA:162,22
LF:96
LH:76
BRDA:15,0,0,1
BRDA:20,1,0,1
BRDA:47,2,0,0
BRDA:47,3,0,6
BRDA:47,3,1,6
BRDA:60,4,0,4
BRDA:60,4,1,0
BRDA:69,5,0,0
BRDA:69,5,1,0
BRDA:90,6,0,0
BRDA:97,7,0,1
BRDA:97,8,0,4
BRDA:97,8,1,3
BRDA:104,9,0,1
BRDA:104,10,0,3
BRDA:104,10,1,3
BRDA:112,11,0,0
BRDA:112,12,0,2
BRDA:112,12,1,1
BRDA:119,13,0,0
BRDA:119,14,0,2
BRDA:119,14,1,1
BRDA:140,15,0,1
BRDA:140,15,1,0
BRDA:145,16,0,0
BRDA:145,16,1,0
BRF:26
BRH:16
end_of_record
TN:
SF:apps\client\src\pages\AddSetsFlashcards.tsx
FN:16,(anonymous_8)
FN:26,(anonymous_9)
FN:35,(anonymous_10)
FN:45,(anonymous_11)
FN:50,(anonymous_12)
FN:53,(anonymous_13)
FN:55,(anonymous_14)
FN:60,(anonymous_15)
FN:64,(anonymous_16)
FN:64,(anonymous_17)
FN:74,(anonymous_18)
FN:137,(anonymous_19)
FN:149,(anonymous_20)
FN:161,(anonymous_21)
FN:171,(anonymous_22)
FN:186,(anonymous_23)
FNF:16
FNH:12
FNDA:10,(anonymous_8)
FNDA:5,(anonymous_9)
FNDA:1,(anonymous_10)
FNDA:0,(anonymous_11)
FNDA:0,(anonymous_12)
FNDA:0,(anonymous_13)
FNDA:0,(anonymous_14)
FNDA:2,(anonymous_15)
FNDA:1,(anonymous_16)
FNDA:1,(anonymous_17)
FNDA:1,(anonymous_18)
FNDA:1,(anonymous_19)
FNDA:1,(anonymous_20)
FNDA:1,(anonymous_21)
FNDA:1,(anonymous_22)
FNDA:1,(anonymous_23)
DA:1,1
DA:2,1
DA:3,1
DA:4,1
DA:16,1
DA:17,10
DA:20,10
DA:21,10
DA:22,10
DA:24,10
DA:26,10
DA:27,5
DA:28,5
DA:32,5
DA:35,10
DA:37,1
DA:38,1
DA:39,1
DA:42,0
DA:44,0
DA:45,0
DA:50,0
DA:53,10
DA:54,0
DA:55,0
DA:56,0
DA:60,10
DA:61,2
DA:64,10
DA:65,1
DA:68,1
DA:69,0
DA:70,0
DA:74,1
DA:75,1
DA:78,1
DA:79,0
DA:80,0
DA:83,1
DA:84,1
DA:86,1
DA:87,1
DA:89,1
DA:90,1
DA:91,1
DA:92,1
DA:96,0
DA:102,0
DA:104,0
DA:105,0
DA:106,0
DA:110,10
DA:112,10
DA:137,1
DA:149,1
DA:161,1
DA:171,1
DA:186,1
DA:231,1
LF:59
LH:43
BRDA:37,0,0,1
BRDA:44,1,0,0
BRDA:54,2,0,0
BRDA:61,3,0,2
BRDA:61,3,1,1
BRDA:61,3,2,1
BRDA:61,3,3,1
BRDA:61,3,4,1
BRDA:68,4,0,0
BRDA:75,5,0,1
BRDA:75,5,1,1
BRDA:75,5,2,1
BRDA:75,5,3,1
BRDA:75,5,4,1
BRDA:78,6,0,0
BRDA:89,7,0,1
BRDA:117,8,0,10
BRDA:117,8,1,2
BRDA:223,9,0,0
BRDA:223,9,1,10
BRF:20
BRH:15
end_of_record
TN:
SF:apps\client\src\pages\DashboardPage.tsx
FN:7,(anonymous_1)
FNF:1
FNH:0
FNDA:0,(anonymous_1)
DA:2,0
DA:3,0
DA:4,0
DA:5,0
DA:7,0
DA:8,0
DA:10,0
DA:22,0
LF:8
LH:0
BRF:0
BRH:0
end_of_record
TN:
SF:apps\client\src\pages\EditFlashcardPage.tsx
FN:4,(anonymous_1)
FNF:1
FNH:1
FNDA:1,(anonymous_1)
DA:2,1
DA:4,1
DA:7,1
DA:16,1
LF:4
LH:4
BRF:0
BRH:0
end_of_record
TN:
SF:apps\client\src\pages\GuessFlashcard.tsx
FN:7,(anonymous_1)
FNF:1
FNH:1
FNDA:20,(anonymous_1)
DA:2,1
DA:3,1
DA:4,1
DA:5,1
DA:7,1
DA:8,20
DA:10,20
DA:20,1
LF:8
LH:8
BRF:0
BRH:0
end_of_record
TN:
SF:apps\client\src\pages\LoginPage.tsx
FN:5,(anonymous_1)
FNF:1
FNH:1
FNDA:4,(anonymous_1)
DA:2,1
DA:3,1
DA:5,1
DA:6,4
DA:8,4
DA:11,1
LF:6
LH:6
BRF:0
BRH:0
end_of_record
TN:
SF:apps\client\src\pages\RegisterPage.tsx
FN:6,(anonymous_8)
FN:15,(anonymous_9)
FN:19,(anonymous_10)
FN:23,(anonymous_11)
FN:27,(anonymous_12)
FN:31,(anonymous_13)
FN:35,(anonymous_14)
FN:35,(anonymous_15)
FN:75,(anonymous_16)
FNF:9
FNH:1
FNDA:4,(anonymous_8)
FNDA:0,(anonymous_9)
FNDA:0,(anonymous_10)
FNDA:0,(anonymous_11)
FNDA:0,(anonymous_12)
FNDA:0,(anonymous_13)
FNDA:0,(anonymous_14)
FNDA:0,(anonymous_15)
FNDA:0,(anonymous_16)
DA:1,1
DA:2,1
DA:3,1
DA:4,1
DA:6,1
DA:7,4
DA:8,4
DA:9,4
DA:10,4
DA:11,4
DA:12,4
DA:13,4
DA:15,4
DA:16,0
DA:19,4
DA:20,0
DA:23,4
DA:24,0
DA:27,4
DA:28,0
DA:31,4
DA:32,0
DA:35,4
DA:36,0
DA:37,0
DA:38,0
DA:40,0
DA:42,0
DA:43,0
DA:44,0
DA:45,0
DA:47,0
DA:48,0
DA:49,0
DA:50,0
DA:52,0
DA:53,0
DA:54,0
DA:55,0
DA:57,0
DA:58,0
DA:59,0
DA:60,0
DA:63,0
DA:64,0
DA:71,0
DA:73,0
DA:74,0
DA:75,0
DA:76,0
DA:78,0
DA:81,0
DA:83,0
DA:87,4
DA:105,1
LF:55
LH:20
BRDA:42,0,0,0
BRDA:47,1,0,0
BRDA:52,2,0,0
BRDA:57,3,0,0
BRDA:73,4,0,0
BRDA:73,4,1,0
BRDA:78,5,0,0
BRDA:78,5,1,0
BRF:8
BRH:0
end_of_record
TN:
SF:apps\client\src\pages\ShowFlashcardSets.tsx
FN:6,(anonymous_1)
FNF:1
FNH:0
FNDA:0,(anonymous_1)
DA:2,0
DA:3,0
DA:4,0
DA:6,0
DA:7,0
DA:9,0
DA:17,0
LF:7
LH:0
BRF:0
BRH:0
end_of_record
TN:
SF:apps\client\src\pages\UserSettingPage.tsx
FN:6,(anonymous_1)
FNF:1
FNH:0
FNDA:0,(anonymous_1)
DA:2,0
DA:3,0
DA:4,0
DA:6,0
DA:7,0
DA:9,0
DA:17,0
LF:7
LH:0
BRF:0
BRH:0
end_of_record
TN:
SF:apps\client\src\test-utils\fileMock.ts
FNF:0
FNH:0
DA:1,0
LF:1
LH:0
BRF:0
BRH:0
end_of_record
TN:
SF:apps\client\src\test-utils\mockRouter.tsx
FN:5,(anonymous_0)
FN:7,(anonymous_1)
FN:8,(anonymous_2)
FN:9,(anonymous_3)
FN:10,(anonymous_4)
FN:11,(anonymous_5)
FN:21,(anonymous_6)
FNF:7
FNH:0
FNDA:0,(anonymous_0)
FNDA:0,(anonymous_1)
FNDA:0,(anonymous_2)
FNDA:0,(anonymous_3)
FNDA:0,(anonymous_4)
FNDA:0,(anonymous_5)
FNDA:0,(anonymous_6)
DA:5,0
DA:7,0
DA:8,0
DA:9,0
DA:10,0
DA:11,0
DA:21,0
DA:25,0
DA:26,0
LF:9
LH:0
BRDA:23,0,0,0
BRDA:23,1,0,0
BRF:2
BRH:0
end_of_record
TN:
SF:apps\client\src\test-utils\test-utils.tsx
FN:5,(anonymous_4)
FN:13,(anonymous_5)
FNF:2
FNH:0
FNDA:0,(anonymous_4)
FNDA:0,(anonymous_5)
DA:2,0
DA:5,0
DA:6,0
DA:13,0
DA:16,0
DA:18,0
DA:19,0
LF:7
LH:0
BRF:0
BRH:0
end_of_record
